# JRE version: OpenJDK Runtime Environment (11.0.10) (build 11.0.10+0-b96-7249189)
# Java VM: OpenJDK 64-Bit Server VM (11.0.10+0-b96-7249189, mixed mode, tiered, compressed oops, g1 gc, windows-amd64)
Heap:
 garbage-first heap   total 703488K, used 238983K [0x0000000080000000, 0x0000000100000000)
  region size 1024K, 3 young (3072K), 3 survivors (3072K)
 Metaspace       used 95027K, capacity 97224K, committed 97408K, reserved 1134592K
  class space    used 12047K, capacity 12856K, committed 12928K, reserved 1048576K
GC Heap History (20 events):
Event: 16.613 GC heap after
{Heap after GC invocations=38 (full 0):
 garbage-first heap   total 248832K, used 106378K [0x0000000080000000, 0x0000000100000000)
  region size 1024K, 12 young (12288K), 12 survivors (12288K)
 Metaspace       used 89741K, capacity 91920K, committed 92160K, reserved 1130496K
  class space    used 11233K, capacity 12009K, committed 12032K, reserved 1048576K
}
Event: 17.145 GC heap before
{Heap before GC invocations=38 (full 0):
 garbage-first heap   total 248832K, used 205706K [0x0000000080000000, 0x0000000100000000)
  region size 1024K, 95 young (97280K), 12 survivors (12288K)
 Metaspace       used 92060K, capacity 94303K, committed 94592K, reserved 1132544K
  class space    used 11557K, capacity 12374K, committed 12416K, reserved 1048576K
}
Event: 17.167 GC heap after
{Heap after GC invocations=39 (full 0):
 garbage-first heap   total 248832K, used 143166K [0x0000000080000000, 0x0000000100000000)
  region size 1024K, 12 young (12288K), 12 survivors (12288K)
 Metaspace       used 92060K, capacity 94303K, committed 94592K, reserved 1132544K
  class space    used 11557K, capacity 12374K, committed 12416K, reserved 1048576K
}
Event: 17.203 GC heap before
{Heap before GC invocations=39 (full 0):
 garbage-first heap   total 248832K, used 147262K [0x0000000080000000, 0x0000000100000000)
  region size 1024K, 17 young (17408K), 12 survivors (12288K)
 Metaspace       used 92461K, capacity 94677K, committed 94848K, reserved 1132544K
  class space    used 11614K, capacity 12416K, committed 12416K, reserved 1048576K
}
Event: 17.211 GC heap after
{Heap after GC invocations=40 (full 0):
 garbage-first heap   total 299008K, used 146047K [0x0000000080000000, 0x0000000100000000)
  region size 1024K, 2 young (2048K), 2 survivors (2048K)
 Metaspace       used 92461K, capacity 94677K, committed 94848K, reserved 1132544K
  class space    used 11614K, capacity 12416K, committed 12416K, reserved 1048576K
}
Event: 17.497 GC heap before
{Heap before GC invocations=41 (full 0):
 garbage-first heap   total 299008K, used 227967K [0x0000000080000000, 0x0000000100000000)
  region size 1024K, 54 young (55296K), 2 survivors (2048K)
 Metaspace       used 92861K, capacity 95070K, committed 95232K, reserved 1132544K
  class space    used 11664K, capacity 12482K, committed 12544K, reserved 1048576K
}
Event: 17.509 GC heap after
{Heap after GC invocations=42 (full 0):
 garbage-first heap   total 299008K, used 179801K [0x0000000080000000, 0x0000000100000000)
  region size 1024K, 7 young (7168K), 7 survivors (7168K)
 Metaspace       used 92861K, capacity 95070K, committed 95232K, reserved 1132544K
  class space    used 11664K, capacity 12482K, committed 12544K, reserved 1048576K
}
Event: 17.537 GC heap before
{Heap before GC invocations=42 (full 0):
 garbage-first heap   total 299008K, used 186969K [0x0000000080000000, 0x0000000100000000)
  region size 1024K, 14 young (14336K), 7 survivors (7168K)
 Metaspace       used 92862K, capacity 95070K, committed 95232K, reserved 1132544K
  class space    used 11664K, capacity 12482K, committed 12544K, reserved 1048576K
}
Event: 17.547 GC heap after
{Heap after GC invocations=43 (full 0):
 garbage-first heap   total 299008K, used 169821K [0x0000000080000000, 0x0000000100000000)
  region size 1024K, 2 young (2048K), 2 survivors (2048K)
 Metaspace       used 92862K, capacity 95070K, committed 95232K, reserved 1132544K
  class space    used 11664K, capacity 12482K, committed 12544K, reserved 1048576K
}
Event: 17.634 GC heap before
{Heap before GC invocations=43 (full 0):
 garbage-first heap   total 299008K, used 192349K [0x0000000080000000, 0x0000000100000000)
  region size 1024K, 26 young (26624K), 2 survivors (2048K)
 Metaspace       used 92867K, capacity 95070K, committed 95232K, reserved 1132544K
  class space    used 11664K, capacity 12482K, committed 12544K, reserved 1048576K
}
Event: 17.648 GC heap after
{Heap after GC invocations=44 (full 0):
 garbage-first heap   total 299008K, used 178451K [0x0000000080000000, 0x0000000100000000)
  region size 1024K, 6 young (6144K), 6 survivors (6144K)
 Metaspace       used 92867K, capacity 95070K, committed 95232K, reserved 1132544K
  class space    used 11664K, capacity 12482K, committed 12544K, reserved 1048576K
}
Event: 17.884 GC heap before
{Heap before GC invocations=45 (full 0):
 garbage-first heap   total 299008K, used 223507K [0x0000000080000000, 0x0000000100000000)
  region size 1024K, 48 young (49152K), 6 survivors (6144K)
 Metaspace       used 92875K, capacity 95070K, committed 95232K, reserved 1132544K
  class space    used 11664K, capacity 12482K, committed 12544K, reserved 1048576K
}
Event: 17.911 GC heap after
{Heap after GC invocations=46 (full 0):
 garbage-first heap   total 359424K, used 193482K [0x0000000080000000, 0x0000000100000000)
  region size 1024K, 6 young (6144K), 6 survivors (6144K)
 Metaspace       used 92875K, capacity 95070K, committed 95232K, reserved 1132544K
  class space    used 11664K, capacity 12482K, committed 12544K, reserved 1048576K
}
Event: 17.966 GC heap before
{Heap before GC invocations=46 (full 0):
 garbage-first heap   total 359424K, used 203722K [0x0000000080000000, 0x0000000100000000)
  region size 1024K, 17 young (17408K), 6 survivors (6144K)
 Metaspace       used 92881K, capacity 95134K, committed 95232K, reserved 1132544K
  class space    used 11664K, capacity 12482K, committed 12544K, reserved 1048576K
}
Event: 17.983 GC heap after
{Heap after GC invocations=47 (full 0):
 garbage-first heap   total 359424K, used 197511K [0x0000000080000000, 0x0000000100000000)
  region size 1024K, 3 young (3072K), 3 survivors (3072K)
 Metaspace       used 92881K, capacity 95134K, committed 95232K, reserved 1132544K
  class space    used 11664K, capacity 12482K, committed 12544K, reserved 1048576K
}
Event: 18.342 GC heap before
{Heap before GC invocations=47 (full 0):
 garbage-first heap   total 359424K, used 257927K [0x0000000080000000, 0x0000000100000000)
  region size 1024K, 59 young (60416K), 3 survivors (3072K)
 Metaspace       used 93456K, capacity 95659K, committed 95872K, reserved 1132544K
  class space    used 11750K, capacity 12573K, committed 12672K, reserved 1048576K
}
Event: 18.372 GC heap after
{Heap after GC invocations=48 (full 0):
 garbage-first heap   total 359424K, used 219136K [0x0000000080000000, 0x0000000100000000)
  region size 1024K, 8 young (8192K), 8 survivors (8192K)
 Metaspace       used 93456K, capacity 95659K, committed 95872K, reserved 1132544K
  class space    used 11750K, capacity 12573K, committed 12672K, reserved 1048576K
}
Event: 18.779 GC heap before
{Heap before GC invocations=49 (full 0):
 garbage-first heap   total 359424K, used 266240K [0x0000000080000000, 0x0000000100000000)
  region size 1024K, 57 young (58368K), 8 survivors (8192K)
 Metaspace       used 95013K, capacity 97222K, committed 97408K, reserved 1134592K
  class space    used 12047K, capacity 12856K, committed 12928K, reserved 1048576K
}
Event: 18.815 GC heap after
{Heap after GC invocations=50 (full 0):
 garbage-first heap   total 359424K, used 236006K [0x0000000080000000, 0x0000000100000000)
  region size 1024K, 8 young (8192K), 8 survivors (8192K)
 Metaspace       used 95013K, capacity 97222K, committed 97408K, reserved 1134592K
  class space    used 12047K, capacity 12856K, committed 12928K, reserved 1048576K
}
Event: 18.832 GC heap before
{Heap before GC invocations=50 (full 0):
 garbage-first heap   total 359424K, used 244198K [0x0000000080000000, 0x0000000100000000)
  region size 1024K, 17 young (17408K), 8 survivors (8192K)
 Metaspace       used 95027K, capacity 97224K, committed 97408K, reserved 1134592K
  class space    used 12047K, capacity 12856K, committed 12928K, reserved 1048576K
}

