# JRE version: OpenJDK Runtime Environment (11.0.8+10) (build 11.0.8+10-b944.6842174)
# Java VM: OpenJDK 64-Bit Server VM (11.0.8+10-b944.6842174, mixed mode, tiered, compressed oops, g1 gc, windows-amd64)
Heap:
 garbage-first heap   total 271360K, used 177201K [0x0000000080000000, 0x0000000100000000)
  region size 1024K, 59 young (60416K), 8 survivors (8192K)
 Metaspace       used 91181K, capacity 93608K, committed 94284K, reserved 1130496K
  class space    used 11993K, capacity 12922K, committed 13184K, reserved 1048576K
GC Heap History (20 events):
Event: 10.671 GC heap before
{Heap before GC invocations=21 (full 0):
 garbage-first heap   total 172032K, used 123965K [0x0000000080000000, 0x0000000100000000)
  region size 1024K, 66 young (67584K), 4 survivors (4096K)
 Metaspace       used 78766K, capacity 80799K, committed 80972K, reserved 1120256K
  class space    used 10301K, capacity 11037K, committed 11136K, reserved 1048576K
}
Event: 10.676 GC heap after
{Heap after GC invocations=22 (full 0):
 garbage-first heap   total 172032K, used 63494K [0x0000000080000000, 0x0000000100000000)
  region size 1024K, 6 young (6144K), 6 survivors (6144K)
 Metaspace       used 78766K, capacity 80799K, committed 80972K, reserved 1120256K
  class space    used 10301K, capacity 11037K, committed 11136K, reserved 1048576K
}
Event: 11.143 GC heap before
{Heap before GC invocations=22 (full 0):
 garbage-first heap   total 172032K, used 130054K [0x0000000080000000, 0x0000000100000000)
  region size 1024K, 72 young (73728K), 6 survivors (6144K)
 Metaspace       used 80352K, capacity 82354K, committed 82636K, reserved 1120256K
  class space    used 10455K, capacity 11154K, committed 11264K, reserved 1048576K
}
Event: 11.152 GC heap after
{Heap after GC invocations=23 (full 0):
 garbage-first heap   total 172032K, used 67487K [0x0000000080000000, 0x0000000100000000)
  region size 1024K, 7 young (7168K), 7 survivors (7168K)
 Metaspace       used 80352K, capacity 82354K, committed 82636K, reserved 1120256K
  class space    used 10455K, capacity 11154K, committed 11264K, reserved 1048576K
}
Event: 11.388 GC heap before
{Heap before GC invocations=23 (full 0):
 garbage-first heap   total 172032K, used 133023K [0x0000000080000000, 0x0000000100000000)
  region size 1024K, 72 young (73728K), 7 survivors (7168K)
 Metaspace       used 81915K, capacity 84087K, committed 84172K, reserved 1122304K
  class space    used 10691K, capacity 11497K, committed 11520K, reserved 1048576K
}
Event: 11.398 GC heap after
{Heap after GC invocations=24 (full 0):
 garbage-first heap   total 172032K, used 82935K [0x0000000080000000, 0x0000000100000000)
  region size 1024K, 9 young (9216K), 9 survivors (9216K)
 Metaspace       used 81915K, capacity 84087K, committed 84172K, reserved 1122304K
  class space    used 10691K, capacity 11497K, committed 11520K, reserved 1048576K
}
Event: 11.746 GC heap before
{Heap before GC invocations=24 (full 0):
 garbage-first heap   total 172032K, used 133111K [0x0000000080000000, 0x0000000100000000)
  region size 1024K, 59 young (60416K), 9 survivors (9216K)
 Metaspace       used 84746K, capacity 87179K, committed 87372K, reserved 1124352K
  class space    used 11152K, capacity 12079K, committed 12160K, reserved 1048576K
}
Event: 11.762 GC heap after
{Heap after GC invocations=25 (full 0):
 garbage-first heap   total 172032K, used 92384K [0x0000000080000000, 0x0000000100000000)
  region size 1024K, 8 young (8192K), 8 survivors (8192K)
 Metaspace       used 84746K, capacity 87179K, committed 87372K, reserved 1124352K
  class space    used 11152K, capacity 12079K, committed 12160K, reserved 1048576K
}
Event: 11.858 GC heap before
{Heap before GC invocations=25 (full 0):
 garbage-first heap   total 172032K, used 134368K [0x0000000080000000, 0x0000000100000000)
  region size 1024K, 50 young (51200K), 8 survivors (8192K)
 Metaspace       used 85779K, capacity 88210K, committed 88524K, reserved 1126400K
  class space    used 11277K, capacity 12207K, committed 12288K, reserved 1048576K
}
Event: 11.884 GC heap after
{Heap after GC invocations=26 (full 0):
 garbage-first heap   total 206848K, used 100248K [0x0000000080000000, 0x0000000100000000)
  region size 1024K, 7 young (7168K), 7 survivors (7168K)
 Metaspace       used 85779K, capacity 88210K, committed 88524K, reserved 1126400K
  class space    used 11277K, capacity 12207K, committed 12288K, reserved 1048576K
}
Event: 12.041 GC heap before
{Heap before GC invocations=26 (full 0):
 garbage-first heap   total 206848K, used 151448K [0x0000000080000000, 0x0000000100000000)
  region size 1024K, 58 young (59392K), 7 survivors (7168K)
 Metaspace       used 86593K, capacity 88919K, committed 89548K, reserved 1126400K
  class space    used 11366K, capacity 12270K, committed 12544K, reserved 1048576K
}
Event: 12.059 GC heap after
{Heap after GC invocations=27 (full 0):
 garbage-first heap   total 206848K, used 110592K [0x0000000080000000, 0x0000000100000000)
  region size 1024K, 8 young (8192K), 8 survivors (8192K)
 Metaspace       used 86593K, capacity 88919K, committed 89548K, reserved 1126400K
  class space    used 11366K, capacity 12270K, committed 12544K, reserved 1048576K
}
Event: 12.251 GC heap before
{Heap before GC invocations=28 (full 0):
 garbage-first heap   total 206848K, used 157696K [0x0000000080000000, 0x0000000100000000)
  region size 1024K, 55 young (56320K), 8 survivors (8192K)
 Metaspace       used 89128K, capacity 91717K, committed 91980K, reserved 1128448K
  class space    used 11823K, capacity 12812K, committed 12928K, reserved 1048576K
}
Event: 12.266 GC heap after
{Heap after GC invocations=29 (full 0):
 garbage-first heap   total 206848K, used 118558K [0x0000000080000000, 0x0000000100000000)
  region size 1024K, 7 young (7168K), 7 survivors (7168K)
 Metaspace       used 89128K, capacity 91717K, committed 91980K, reserved 1128448K
  class space    used 11823K, capacity 12812K, committed 12928K, reserved 1048576K
}
Event: 12.459 GC heap before
{Heap before GC invocations=29 (full 0):
 garbage-first heap   total 206848K, used 163614K [0x0000000080000000, 0x0000000100000000)
  region size 1024K, 51 young (52224K), 7 survivors (7168K)
 Metaspace       used 90605K, capacity 93201K, committed 93388K, reserved 1130496K
  class space    used 12028K, capacity 13048K, committed 13056K, reserved 1048576K
}
Event: 12.471 GC heap after
{Heap after GC invocations=30 (full 0):
 garbage-first heap   total 206848K, used 122284K [0x0000000080000000, 0x0000000100000000)
  region size 1024K, 4 young (4096K), 4 survivors (4096K)
 Metaspace       used 90605K, capacity 93201K, committed 93388K, reserved 1130496K
  class space    used 12028K, capacity 13048K, committed 13056K, reserved 1048576K
}
Event: 12.706 GC heap before
{Heap before GC invocations=30 (full 0):
 garbage-first heap   total 206848K, used 167340K [0x0000000080000000, 0x0000000100000000)
  region size 1024K, 48 young (49152K), 4 survivors (4096K)
 Metaspace       used 90787K, capacity 93193K, committed 94028K, reserved 1130496K
  class space    used 11969K, capacity 12912K, committed 13184K, reserved 1048576K
}
Event: 12.714 GC heap after
{Heap after GC invocations=31 (full 0):
 garbage-first heap   total 271360K, used 121974K [0x0000000080000000, 0x0000000100000000)
  region size 1024K, 4 young (4096K), 4 survivors (4096K)
 Metaspace       used 90787K, capacity 93193K, committed 94028K, reserved 1130496K
  class space    used 11969K, capacity 12912K, committed 13184K, reserved 1048576K
}
Event: 13.260 GC heap before
{Heap before GC invocations=32 (full 0):
 garbage-first heap   total 271360K, used 192630K [0x0000000080000000, 0x0000000100000000)
  region size 1024K, 72 young (73728K), 4 survivors (4096K)
 Metaspace       used 91091K, capacity 93474K, committed 94284K, reserved 1130496K
  class space    used 11989K, capacity 12920K, committed 13184K, reserved 1048576K
}
Event: 13.370 GC heap after
{Heap after GC invocations=33 (full 0):
 garbage-first heap   total 271360K, used 127025K [0x0000000080000000, 0x0000000100000000)
  region size 1024K, 8 young (8192K), 8 survivors (8192K)
 Metaspace       used 91091K, capacity 93474K, committed 94284K, reserved 1130496K
  class space    used 11989K, capacity 12920K, committed 13184K, reserved 1048576K
}

