# JRE version: OpenJDK Runtime Environment (11.0.10) (build 11.0.10+0-b96-7249189)
# Java VM: OpenJDK 64-Bit Server VM (11.0.10+0-b96-7249189, mixed mode, tiered, compressed oops, g1 gc, windows-amd64)
Heap:
 garbage-first heap   total 271360K, used 225304K [0x0000000080000000, 0x0000000100000000)
  region size 1024K, 37 young (37888K), 4 survivors (4096K)
 Metaspace       used 121537K, capacity 125037K, committed 125184K, reserved 1157120K
  class space    used 15207K, capacity 16560K, committed 16640K, reserved 1048576K
GC Heap History (20 events):
Event: 99.673 GC heap before
{Heap before GC invocations=77 (full 0):
 garbage-first heap   total 271360K, used 198968K [0x0000000080000000, 0x0000000100000000)
  region size 1024K, 71 young (72704K), 2 survivors (2048K)
 Metaspace       used 98857K, capacity 101165K, committed 101376K, reserved 1138688K
  class space    used 12176K, capacity 12972K, committed 13056K, reserved 1048576K
}
Event: 99.679 GC heap after
{Heap after GC invocations=78 (full 0):
 garbage-first heap   total 271360K, used 131219K [0x0000000080000000, 0x0000000100000000)
  region size 1024K, 5 young (5120K), 5 survivors (5120K)
 Metaspace       used 98857K, capacity 101165K, committed 101376K, reserved 1138688K
  class space    used 12176K, capacity 12972K, committed 13056K, reserved 1048576K
}
Event: 103.708 GC heap before
{Heap before GC invocations=78 (full 0):
 garbage-first heap   total 271360K, used 206995K [0x0000000080000000, 0x0000000100000000)
  region size 1024K, 80 young (81920K), 5 survivors (5120K)
 Metaspace       used 100119K, capacity 102466K, committed 102528K, reserved 1138688K
  class space    used 12300K, capacity 13124K, committed 13184K, reserved 1048576K
}
Event: 103.716 GC heap after
{Heap after GC invocations=79 (full 0):
 garbage-first heap   total 271360K, used 135090K [0x0000000080000000, 0x0000000100000000)
  region size 1024K, 8 young (8192K), 8 survivors (8192K)
 Metaspace       used 100119K, capacity 102466K, committed 102528K, reserved 1138688K
  class space    used 12300K, capacity 13124K, committed 13184K, reserved 1048576K
}
Event: 104.052 GC heap before
{Heap before GC invocations=79 (full 0):
 garbage-first heap   total 271360K, used 214962K [0x0000000080000000, 0x0000000100000000)
  region size 1024K, 87 young (89088K), 8 survivors (8192K)
 Metaspace       used 100727K, capacity 103074K, committed 103296K, reserved 1138688K
  class space    used 12343K, capacity 13156K, committed 13184K, reserved 1048576K
}
Event: 104.063 GC heap after
{Heap after GC invocations=80 (full 0):
 garbage-first heap   total 271360K, used 142236K [0x0000000080000000, 0x0000000100000000)
  region size 1024K, 11 young (11264K), 11 survivors (11264K)
 Metaspace       used 100727K, capacity 103074K, committed 103296K, reserved 1138688K
  class space    used 12343K, capacity 13156K, committed 13184K, reserved 1048576K
}
Event: 104.527 GC heap before
{Heap before GC invocations=80 (full 0):
 garbage-first heap   total 271360K, used 216988K [0x0000000080000000, 0x0000000100000000)
  region size 1024K, 85 young (87040K), 11 survivors (11264K)
 Metaspace       used 101809K, capacity 104099K, committed 104192K, reserved 1140736K
  class space    used 12470K, capacity 13287K, committed 13312K, reserved 1048576K
}
Event: 104.536 GC heap after
{Heap after GC invocations=81 (full 0):
 garbage-first heap   total 271360K, used 143488K [0x0000000080000000, 0x0000000100000000)
  region size 1024K, 6 young (6144K), 6 survivors (6144K)
 Metaspace       used 101809K, capacity 104099K, committed 104192K, reserved 1140736K
  class space    used 12470K, capacity 13287K, committed 13312K, reserved 1048576K
}
Event: 106.025 GC heap before
{Heap before GC invocations=81 (full 0):
 garbage-first heap   total 271360K, used 220288K [0x0000000080000000, 0x0000000100000000)
  region size 1024K, 80 young (81920K), 6 survivors (6144K)
 Metaspace       used 108659K, capacity 111025K, committed 111232K, reserved 1146880K
  class space    used 13294K, capacity 14146K, committed 14208K, reserved 1048576K
}
Event: 106.037 GC heap after
{Heap after GC invocations=82 (full 0):
 garbage-first heap   total 271360K, used 158417K [0x0000000080000000, 0x0000000100000000)
  region size 1024K, 10 young (10240K), 10 survivors (10240K)
 Metaspace       used 108659K, capacity 111025K, committed 111232K, reserved 1146880K
  class space    used 13294K, capacity 14146K, committed 14208K, reserved 1048576K
}
Event: 107.377 GC heap before
{Heap before GC invocations=82 (full 0):
 garbage-first heap   total 271360K, used 220881K [0x0000000080000000, 0x0000000100000000)
  region size 1024K, 72 young (73728K), 10 survivors (10240K)
 Metaspace       used 110803K, capacity 113290K, committed 113536K, reserved 1148928K
  class space    used 13487K, capacity 14379K, committed 14464K, reserved 1048576K
}
Event: 107.394 GC heap after
{Heap after GC invocations=83 (full 0):
 garbage-first heap   total 271360K, used 170498K [0x0000000080000000, 0x0000000100000000)
  region size 1024K, 9 young (9216K), 9 survivors (9216K)
 Metaspace       used 110803K, capacity 113290K, committed 113536K, reserved 1148928K
  class space    used 13487K, capacity 14379K, committed 14464K, reserved 1048576K
}
Event: 108.116 GC heap before
{Heap before GC invocations=83 (full 0):
 garbage-first heap   total 271360K, used 221698K [0x0000000080000000, 0x0000000100000000)
  region size 1024K, 60 young (61440K), 9 survivors (9216K)
 Metaspace       used 111640K, capacity 114165K, committed 114304K, reserved 1148928K
  class space    used 13514K, capacity 14389K, committed 14464K, reserved 1048576K
}
Event: 108.126 GC heap after
{Heap after GC invocations=84 (full 0):
 garbage-first heap   total 271360K, used 171867K [0x0000000080000000, 0x0000000100000000)
  region size 1024K, 3 young (3072K), 3 survivors (3072K)
 Metaspace       used 111640K, capacity 114165K, committed 114304K, reserved 1148928K
  class space    used 13514K, capacity 14389K, committed 14464K, reserved 1048576K
}
Event: 108.589 GC heap before
{Heap before GC invocations=84 (full 0):
 garbage-first heap   total 271360K, used 229211K [0x0000000080000000, 0x0000000100000000)
  region size 1024K, 54 young (55296K), 3 survivors (3072K)
 Metaspace       used 115491K, capacity 118336K, committed 118656K, reserved 1153024K
  class space    used 14123K, capacity 15139K, committed 15232K, reserved 1048576K
}
Event: 108.597 GC heap after
{Heap after GC invocations=85 (full 0):
 garbage-first heap   total 271360K, used 178952K [0x0000000080000000, 0x0000000100000000)
  region size 1024K, 7 young (7168K), 7 survivors (7168K)
 Metaspace       used 115491K, capacity 118336K, committed 118656K, reserved 1153024K
  class space    used 14123K, capacity 15139K, committed 15232K, reserved 1048576K
}
Event: 108.921 GC heap before
{Heap before GC invocations=85 (full 0):
 garbage-first heap   total 271360K, used 226056K [0x0000000080000000, 0x0000000100000000)
  region size 1024K, 54 young (55296K), 7 survivors (7168K)
 Metaspace       used 119208K, capacity 122558K, committed 122752K, reserved 1155072K
  class space    used 14847K, capacity 16133K, committed 16256K, reserved 1048576K
}
Event: 108.938 GC heap after
{Heap after GC invocations=86 (full 0):
 garbage-first heap   total 271360K, used 189365K [0x0000000080000000, 0x0000000100000000)
  region size 1024K, 7 young (7168K), 7 survivors (7168K)
 Metaspace       used 119208K, capacity 122558K, committed 122752K, reserved 1155072K
  class space    used 14847K, capacity 16133K, committed 16256K, reserved 1048576K
}
Event: 109.201 GC heap before
{Heap before GC invocations=86 (full 0):
 garbage-first heap   total 271360K, used 227253K [0x0000000080000000, 0x0000000100000000)
  region size 1024K, 44 young (45056K), 7 survivors (7168K)
 Metaspace       used 121280K, capacity 124825K, committed 124928K, reserved 1157120K
  class space    used 15195K, capacity 16555K, committed 16640K, reserved 1048576K
}
Event: 109.211 GC heap after
{Heap after GC invocations=87 (full 0):
 garbage-first heap   total 271360K, used 193560K [0x0000000080000000, 0x0000000100000000)
  region size 1024K, 4 young (4096K), 4 survivors (4096K)
 Metaspace       used 121280K, capacity 124825K, committed 124928K, reserved 1157120K
  class space    used 15195K, capacity 16555K, committed 16640K, reserved 1048576K
}

