# JRE version: OpenJDK Runtime Environment (11.0.10) (build 11.0.10+0-b96-7249189)
# Java VM: OpenJDK 64-Bit Server VM (11.0.10+0-b96-7249189, mixed mode, tiered, compressed oops, g1 gc, windows-amd64)
Heap:
 garbage-first heap   total 172032K, used 107881K [0x0000000080000000, 0x0000000100000000)
  region size 1024K, 17 young (17408K), 4 survivors (4096K)
 Metaspace       used 109526K, capacity 112389K, committed 112640K, reserved 1146880K
  class space    used 14163K, capacity 15255K, committed 15360K, reserved 1048576K
GC Heap History (20 events):
Event: 41.581 GC heap before
{Heap before GC invocations=59 (full 0):
 garbage-first heap   total 143360K, used 110479K [0x0000000080000000, 0x0000000100000000)
  region size 1024K, 20 young (20480K), 1 survivors (1024K)
 Metaspace       used 93247K, capacity 95504K, committed 95744K, reserved 1132544K
  class space    used 11950K, capacity 12793K, committed 12800K, reserved 1048576K
}
Event: 41.589 GC heap after
{Heap after GC invocations=60 (full 0):
 garbage-first heap   total 143360K, used 92789K [0x0000000080000000, 0x0000000100000000)
  region size 1024K, 2 young (2048K), 2 survivors (2048K)
 Metaspace       used 93247K, capacity 95504K, committed 95744K, reserved 1132544K
  class space    used 11950K, capacity 12793K, committed 12800K, reserved 1048576K
}
Event: 42.869 GC heap before
{Heap before GC invocations=61 (full 0):
 garbage-first heap   total 143360K, used 112245K [0x0000000080000000, 0x0000000100000000)
  region size 1024K, 22 young (22528K), 2 survivors (2048K)
 Metaspace       used 93255K, capacity 95504K, committed 95744K, reserved 1132544K
  class space    used 11950K, capacity 12793K, committed 12800K, reserved 1048576K
}
Event: 42.873 GC heap after
{Heap after GC invocations=62 (full 0):
 garbage-first heap   total 143360K, used 93416K [0x0000000080000000, 0x0000000100000000)
  region size 1024K, 2 young (2048K), 2 survivors (2048K)
 Metaspace       used 93255K, capacity 95504K, committed 95744K, reserved 1132544K
  class space    used 11950K, capacity 12793K, committed 12800K, reserved 1048576K
}
Event: 43.013 GC heap before
{Heap before GC invocations=62 (full 0):
 garbage-first heap   total 143360K, used 97512K [0x0000000080000000, 0x0000000100000000)
  region size 1024K, 7 young (7168K), 2 survivors (2048K)
 Metaspace       used 93275K, capacity 95504K, committed 95744K, reserved 1132544K
  class space    used 11951K, capacity 12793K, committed 12800K, reserved 1048576K
}
Event: 43.019 GC heap after
{Heap after GC invocations=63 (full 0):
 garbage-first heap   total 143360K, used 92691K [0x0000000080000000, 0x0000000100000000)
  region size 1024K, 1 young (1024K), 1 survivors (1024K)
 Metaspace       used 93275K, capacity 95504K, committed 95744K, reserved 1132544K
  class space    used 11951K, capacity 12793K, committed 12800K, reserved 1048576K
}
Event: 43.695 GC heap before
{Heap before GC invocations=63 (full 0):
 garbage-first heap   total 143360K, used 113171K [0x0000000080000000, 0x0000000100000000)
  region size 1024K, 22 young (22528K), 1 survivors (1024K)
 Metaspace       used 93289K, capacity 95504K, committed 95744K, reserved 1132544K
  class space    used 11951K, capacity 12793K, committed 12800K, reserved 1048576K
}
Event: 43.700 GC heap after
{Heap after GC invocations=64 (full 0):
 garbage-first heap   total 143360K, used 93361K [0x0000000080000000, 0x0000000100000000)
  region size 1024K, 2 young (2048K), 2 survivors (2048K)
 Metaspace       used 93289K, capacity 95504K, committed 95744K, reserved 1132544K
  class space    used 11951K, capacity 12793K, committed 12800K, reserved 1048576K
}
Event: 44.794 GC heap before
{Heap before GC invocations=65 (full 0):
 garbage-first heap   total 143360K, used 114865K [0x0000000080000000, 0x0000000100000000)
  region size 1024K, 24 young (24576K), 2 survivors (2048K)
 Metaspace       used 94393K, capacity 96629K, committed 96640K, reserved 1132544K
  class space    used 12103K, capacity 12920K, committed 12928K, reserved 1048576K
}
Event: 44.803 GC heap after
{Heap after GC invocations=66 (full 0):
 garbage-first heap   total 143360K, used 94239K [0x0000000080000000, 0x0000000100000000)
  region size 1024K, 3 young (3072K), 3 survivors (3072K)
 Metaspace       used 94393K, capacity 96629K, committed 96640K, reserved 1132544K
  class space    used 12103K, capacity 12920K, committed 12928K, reserved 1048576K
}
Event: 44.917 GC heap before
{Heap before GC invocations=66 (full 0):
 garbage-first heap   total 143360K, used 98335K [0x0000000080000000, 0x0000000100000000)
  region size 1024K, 7 young (7168K), 3 survivors (3072K)
 Metaspace       used 94655K, capacity 96944K, committed 97280K, reserved 1134592K
  class space    used 12139K, capacity 12960K, committed 13056K, reserved 1048576K
}
Event: 44.924 GC heap after
{Heap after GC invocations=67 (full 0):
 garbage-first heap   total 172032K, used 93600K [0x0000000080000000, 0x0000000100000000)
  region size 1024K, 1 young (1024K), 1 survivors (1024K)
 Metaspace       used 94655K, capacity 96944K, committed 97280K, reserved 1134592K
  class space    used 12139K, capacity 12960K, committed 13056K, reserved 1048576K
}
Event: 47.244 GC heap before
{Heap before GC invocations=67 (full 0):
 garbage-first heap   total 172032K, used 130464K [0x0000000080000000, 0x0000000100000000)
  region size 1024K, 38 young (38912K), 1 survivors (1024K)
 Metaspace       used 101769K, capacity 104402K, committed 104704K, reserved 1140736K
  class space    used 13240K, capacity 14226K, committed 14336K, reserved 1048576K
}
Event: 47.255 GC heap after
{Heap after GC invocations=68 (full 0):
 garbage-first heap   total 172032K, used 95773K [0x0000000080000000, 0x0000000100000000)
  region size 1024K, 3 young (3072K), 3 survivors (3072K)
 Metaspace       used 101769K, capacity 104402K, committed 104704K, reserved 1140736K
  class space    used 13240K, capacity 14226K, committed 14336K, reserved 1048576K
}
Event: 49.975 GC heap before
{Heap before GC invocations=69 (full 0):
 garbage-first heap   total 172032K, used 133661K [0x0000000080000000, 0x0000000100000000)
  region size 1024K, 41 young (41984K), 3 survivors (3072K)
 Metaspace       used 104350K, capacity 107152K, committed 107264K, reserved 1142784K
  class space    used 13504K, capacity 14536K, committed 14592K, reserved 1048576K
}
Event: 49.985 GC heap after
{Heap after GC invocations=70 (full 0):
 garbage-first heap   total 172032K, used 95643K [0x0000000080000000, 0x0000000100000000)
  region size 1024K, 3 young (3072K), 3 survivors (3072K)
 Metaspace       used 104350K, capacity 107152K, committed 107264K, reserved 1142784K
  class space    used 13504K, capacity 14536K, committed 14592K, reserved 1048576K
}
Event: 51.224 GC heap before
{Heap before GC invocations=70 (full 0):
 garbage-first heap   total 172032K, used 135579K [0x0000000080000000, 0x0000000100000000)
  region size 1024K, 43 young (44032K), 3 survivors (3072K)
 Metaspace       used 104820K, capacity 107559K, committed 107776K, reserved 1142784K
  class space    used 13542K, capacity 14575K, committed 14592K, reserved 1048576K
}
Event: 51.232 GC heap after
{Heap after GC invocations=71 (full 0):
 garbage-first heap   total 172032K, used 95643K [0x0000000080000000, 0x0000000100000000)
  region size 1024K, 3 young (3072K), 3 survivors (3072K)
 Metaspace       used 104820K, capacity 107559K, committed 107776K, reserved 1142784K
  class space    used 13542K, capacity 14575K, committed 14592K, reserved 1048576K
}
Event: 53.132 GC heap before
{Heap before GC invocations=71 (full 0):
 garbage-first heap   total 172032K, used 137627K [0x0000000080000000, 0x0000000100000000)
  region size 1024K, 45 young (46080K), 3 survivors (3072K)
 Metaspace       used 108431K, capacity 111209K, committed 111360K, reserved 1144832K
  class space    used 14036K, capacity 15084K, committed 15104K, reserved 1048576K
}
Event: 53.140 GC heap after
{Heap after GC invocations=72 (full 0):
 garbage-first heap   total 172032K, used 96617K [0x0000000080000000, 0x0000000100000000)
  region size 1024K, 4 young (4096K), 4 survivors (4096K)
 Metaspace       used 108431K, capacity 111209K, committed 111360K, reserved 1144832K
  class space    used 14036K, capacity 15084K, committed 15104K, reserved 1048576K
}

