# JRE version: OpenJDK Runtime Environment (11.0.10) (build 11.0.10+0-b96-7249189)
# Java VM: OpenJDK 64-Bit Server VM (11.0.10+0-b96-7249189, mixed mode, tiered, compressed oops, g1 gc, windows-amd64)
Heap:
 garbage-first heap   total 206848K, used 104735K [0x0000000080000000, 0x0000000100000000)
  region size 1024K, 11 young (11264K), 1 survivors (1024K)
 Metaspace       used 112715K, capacity 115686K, committed 116224K, reserved 1150976K
  class space    used 14001K, capacity 15142K, committed 15360K, reserved 1048576K
GC Heap History (20 events):
Event: 1441.745 GC heap before
{Heap before GC invocations=127 (full 0):
 garbage-first heap   total 206848K, used 110426K [0x0000000080000000, 0x0000000100000000)
  region size 1024K, 10 young (10240K), 3 survivors (3072K)
 Metaspace       used 112464K, capacity 115539K, committed 115968K, reserved 1150976K
  class space    used 13999K, capacity 15139K, committed 15360K, reserved 1048576K
}
Event: 1441.753 GC heap after
{Heap after GC invocations=128 (full 0):
 garbage-first heap   total 206848K, used 96914K [0x0000000080000000, 0x0000000100000000)
  region size 1024K, 1 young (1024K), 1 survivors (1024K)
 Metaspace       used 112464K, capacity 115539K, committed 115968K, reserved 1150976K
  class space    used 13999K, capacity 15139K, committed 15360K, reserved 1048576K
}
Event: 1445.009 GC heap before
{Heap before GC invocations=128 (full 0):
 garbage-first heap   total 206848K, used 166546K [0x0000000080000000, 0x0000000100000000)
  region size 1024K, 70 young (71680K), 1 survivors (1024K)
 Metaspace       used 112500K, capacity 115539K, committed 115968K, reserved 1150976K
  class space    used 13999K, capacity 15139K, committed 15360K, reserved 1048576K
}
Event: 1445.051 GC heap after
{Heap after GC invocations=129 (full 0):
 garbage-first heap   total 206848K, used 100976K [0x0000000080000000, 0x0000000100000000)
  region size 1024K, 5 young (5120K), 5 survivors (5120K)
 Metaspace       used 112500K, capacity 115539K, committed 115968K, reserved 1150976K
  class space    used 13999K, capacity 15139K, committed 15360K, reserved 1048576K
}
Event: 1445.377 GC heap before
{Heap before GC invocations=130 (full 0):
 garbage-first heap   total 206848K, used 167536K [0x0000000080000000, 0x0000000100000000)
  region size 1024K, 71 young (72704K), 5 survivors (5120K)
 Metaspace       used 112528K, capacity 115603K, committed 115968K, reserved 1150976K
  class space    used 13999K, capacity 15139K, committed 15360K, reserved 1048576K
}
Event: 1445.412 GC heap after
{Heap after GC invocations=131 (full 0):
 garbage-first heap   total 206848K, used 106606K [0x0000000080000000, 0x0000000100000000)
  region size 1024K, 9 young (9216K), 9 survivors (9216K)
 Metaspace       used 112528K, capacity 115603K, committed 115968K, reserved 1150976K
  class space    used 13999K, capacity 15139K, committed 15360K, reserved 1048576K
}
Event: 1445.418 GC heap before
{Heap before GC invocations=131 (full 0):
 garbage-first heap   total 206848K, used 106606K [0x0000000080000000, 0x0000000100000000)
  region size 1024K, 10 young (10240K), 9 survivors (9216K)
 Metaspace       used 112529K, capacity 115603K, committed 115968K, reserved 1150976K
  class space    used 13999K, capacity 15139K, committed 15360K, reserved 1048576K
}
Event: 1445.455 GC heap after
{Heap after GC invocations=132 (full 0):
 garbage-first heap   total 206848K, used 106284K [0x0000000080000000, 0x0000000100000000)
  region size 1024K, 1 young (1024K), 1 survivors (1024K)
 Metaspace       used 112529K, capacity 115603K, committed 115968K, reserved 1150976K
  class space    used 13999K, capacity 15139K, committed 15360K, reserved 1048576K
}
Event: 1445.706 GC heap before
{Heap before GC invocations=132 (full 0):
 garbage-first heap   total 206848K, used 132908K [0x0000000080000000, 0x0000000100000000)
  region size 1024K, 29 young (29696K), 1 survivors (1024K)
 Metaspace       used 112552K, capacity 115603K, committed 115968K, reserved 1150976K
  class space    used 13999K, capacity 15139K, committed 15360K, reserved 1048576K
}
Event: 1445.711 GC heap after
{Heap after GC invocations=133 (full 0):
 garbage-first heap   total 206848K, used 106901K [0x0000000080000000, 0x0000000100000000)
  region size 1024K, 2 young (2048K), 2 survivors (2048K)
 Metaspace       used 112552K, capacity 115603K, committed 115968K, reserved 1150976K
  class space    used 13999K, capacity 15139K, committed 15360K, reserved 1048576K
}
Event: 1714.864 GC heap before
{Heap before GC invocations=134 (full 0):
 garbage-first heap   total 206848K, used 192917K [0x0000000080000000, 0x0000000100000000)
  region size 1024K, 64 young (65536K), 2 survivors (2048K)
 Metaspace       used 112677K, capacity 115674K, committed 115968K, reserved 1150976K
  class space    used 14000K, capacity 15140K, committed 15360K, reserved 1048576K
}
Event: 1714.914 GC heap after
{Heap after GC invocations=135 (full 0):
 garbage-first heap   total 206848K, used 110976K [0x0000000080000000, 0x0000000100000000)
  region size 1024K, 6 young (6144K), 6 survivors (6144K)
 Metaspace       used 112677K, capacity 115674K, committed 115968K, reserved 1150976K
  class space    used 14000K, capacity 15140K, committed 15360K, reserved 1048576K
}
Event: 1715.130 GC heap before
{Heap before GC invocations=135 (full 0):
 garbage-first heap   total 206848K, used 114048K [0x0000000080000000, 0x0000000100000000)
  region size 1024K, 10 young (10240K), 6 survivors (6144K)
 Metaspace       used 112677K, capacity 115674K, committed 115968K, reserved 1150976K
  class space    used 14000K, capacity 15140K, committed 15360K, reserved 1048576K
}
Event: 1715.173 GC heap after
{Heap after GC invocations=136 (full 0):
 garbage-first heap   total 206848K, used 107558K [0x0000000080000000, 0x0000000100000000)
  region size 1024K, 1 young (1024K), 1 survivors (1024K)
 Metaspace       used 112677K, capacity 115674K, committed 115968K, reserved 1150976K
  class space    used 14000K, capacity 15140K, committed 15360K, reserved 1048576K
}
Event: 1715.968 GC heap before
{Heap before GC invocations=136 (full 0):
 garbage-first heap   total 206848K, used 170022K [0x0000000080000000, 0x0000000100000000)
  region size 1024K, 63 young (64512K), 1 survivors (1024K)
 Metaspace       used 112698K, capacity 115686K, committed 116224K, reserved 1150976K
  class space    used 14001K, capacity 15142K, committed 15360K, reserved 1048576K
}
Event: 1715.994 GC heap after
{Heap after GC invocations=137 (full 0):
 garbage-first heap   total 206848K, used 108443K [0x0000000080000000, 0x0000000100000000)
  region size 1024K, 2 young (2048K), 2 survivors (2048K)
 Metaspace       used 112698K, capacity 115686K, committed 116224K, reserved 1150976K
  class space    used 14001K, capacity 15142K, committed 15360K, reserved 1048576K
}
Event: 1716.763 GC heap before
{Heap before GC invocations=138 (full 0):
 garbage-first heap   total 206848K, used 170637K [0x0000000080000000, 0x0000000100000000)
  region size 1024K, 65 young (66560K), 2 survivors (2048K)
 Metaspace       used 112715K, capacity 115686K, committed 116224K, reserved 1150976K
  class space    used 14001K, capacity 15142K, committed 15360K, reserved 1048576K
}
Event: 1716.770 GC heap after
{Heap after GC invocations=139 (full 0):
 garbage-first heap   total 206848K, used 107666K [0x0000000080000000, 0x0000000100000000)
  region size 1024K, 3 young (3072K), 3 survivors (3072K)
 Metaspace       used 112715K, capacity 115686K, committed 116224K, reserved 1150976K
  class space    used 14001K, capacity 15142K, committed 15360K, reserved 1048576K
}
Event: 1716.815 GC heap before
{Heap before GC invocations=139 (full 0):
 garbage-first heap   total 206848K, used 113810K [0x0000000080000000, 0x0000000100000000)
  region size 1024K, 10 young (10240K), 3 survivors (3072K)
 Metaspace       used 112715K, capacity 115686K, committed 116224K, reserved 1150976K
  class space    used 14001K, capacity 15142K, committed 15360K, reserved 1048576K
}
Event: 1716.842 GC heap after
{Heap after GC invocations=140 (full 0):
 garbage-first heap   total 206848K, used 96543K [0x0000000080000000, 0x0000000100000000)
  region size 1024K, 1 young (1024K), 1 survivors (1024K)
 Metaspace       used 112715K, capacity 115686K, committed 116224K, reserved 1150976K
  class space    used 14001K, capacity 15142K, committed 15360K, reserved 1048576K
}

