# JRE version: OpenJDK Runtime Environment (11.0.10) (build 11.0.10+0-b96-7249189)
# Java VM: OpenJDK 64-Bit Server VM (11.0.10+0-b96-7249189, mixed mode, tiered, compressed oops, g1 gc, windows-amd64)
Heap:
 garbage-first heap   total 269312K, used 194190K [0x0000000080000000, 0x0000000100000000)
  region size 1024K, 118 young (120832K), 14 survivors (14336K)
 Metaspace       used 93055K, capacity 95320K, committed 95616K, reserved 1132544K
  class space    used 11845K, capacity 12618K, committed 12672K, reserved 1048576K
GC Heap History (20 events):
Event: 24.433 GC heap before
{Heap before GC invocations=48 (full 0):
 garbage-first heap   total 118784K, used 97075K [0x0000000080000000, 0x0000000100000000)
  region size 1024K, 10 young (10240K), 2 survivors (2048K)
 Metaspace       used 83924K, capacity 86007K, committed 86144K, reserved 1124352K
  class space    used 10861K, capacity 11607K, committed 11648K, reserved 1048576K
}
Event: 24.435 GC heap after
{Heap after GC invocations=49 (full 0):
 garbage-first heap   total 118784K, used 89802K [0x0000000080000000, 0x0000000100000000)
  region size 1024K, 2 young (2048K), 2 survivors (2048K)
 Metaspace       used 83924K, capacity 86007K, committed 86144K, reserved 1124352K
  class space    used 10861K, capacity 11607K, committed 11648K, reserved 1048576K
}
Event: 24.522 GC heap before
{Heap before GC invocations=50 (full 0):
 garbage-first heap   total 118784K, used 99018K [0x0000000080000000, 0x0000000100000000)
  region size 1024K, 11 young (11264K), 2 survivors (2048K)
 Metaspace       used 83976K, capacity 86011K, committed 86144K, reserved 1124352K
  class space    used 10865K, capacity 11608K, committed 11648K, reserved 1048576K
}
Event: 24.523 GC heap after
{Heap after GC invocations=51 (full 0):
 garbage-first heap   total 118784K, used 90339K [0x0000000080000000, 0x0000000100000000)
  region size 1024K, 2 young (2048K), 2 survivors (2048K)
 Metaspace       used 83976K, capacity 86011K, committed 86144K, reserved 1124352K
  class space    used 10865K, capacity 11608K, committed 11648K, reserved 1048576K
}
Event: 24.633 GC heap before
{Heap before GC invocations=51 (full 0):
 garbage-first heap   total 118784K, used 98531K [0x0000000080000000, 0x0000000100000000)
  region size 1024K, 10 young (10240K), 2 survivors (2048K)
 Metaspace       used 84036K, capacity 86075K, committed 86144K, reserved 1124352K
  class space    used 10865K, capacity 11608K, committed 11648K, reserved 1048576K
}
Event: 24.640 GC heap after
{Heap after GC invocations=52 (full 0):
 garbage-first heap   total 148480K, used 95604K [0x0000000080000000, 0x0000000100000000)
  region size 1024K, 2 young (2048K), 2 survivors (2048K)
 Metaspace       used 84036K, capacity 86075K, committed 86144K, reserved 1124352K
  class space    used 10865K, capacity 11608K, committed 11648K, reserved 1048576K
}
Event: 24.980 GC heap before
{Heap before GC invocations=53 (full 0):
 garbage-first heap   total 148480K, used 129396K [0x0000000080000000, 0x0000000100000000)
  region size 1024K, 19 young (19456K), 2 survivors (2048K)
 Metaspace       used 85499K, capacity 87553K, committed 87808K, reserved 1126400K
  class space    used 11010K, capacity 11751K, committed 11776K, reserved 1048576K
}
Event: 24.990 GC heap after
{Heap after GC invocations=54 (full 0):
 garbage-first heap   total 148480K, used 98816K [0x0000000080000000, 0x0000000100000000)
  region size 1024K, 3 young (3072K), 3 survivors (3072K)
 Metaspace       used 85499K, capacity 87553K, committed 87808K, reserved 1126400K
  class space    used 11010K, capacity 11751K, committed 11776K, reserved 1048576K
}
Event: 25.100 GC heap before
{Heap before GC invocations=54 (full 0):
 garbage-first heap   total 148480K, used 103936K [0x0000000080000000, 0x0000000100000000)
  region size 1024K, 10 young (10240K), 3 survivors (3072K)
 Metaspace       used 85805K, capacity 87862K, committed 88064K, reserved 1126400K
  class space    used 11040K, capacity 11762K, committed 11776K, reserved 1048576K
}
Event: 25.104 GC heap after
{Heap after GC invocations=55 (full 0):
 garbage-first heap   total 148480K, used 99674K [0x0000000080000000, 0x0000000100000000)
  region size 1024K, 1 young (1024K), 1 survivors (1024K)
 Metaspace       used 85805K, capacity 87862K, committed 88064K, reserved 1126400K
  class space    used 11040K, capacity 11762K, committed 11776K, reserved 1048576K
}
Event: 25.449 GC heap before
{Heap before GC invocations=56 (full 0):
 garbage-first heap   total 148480K, used 104794K [0x0000000080000000, 0x0000000100000000)
  region size 1024K, 17 young (17408K), 1 survivors (1024K)
 Metaspace       used 86517K, capacity 88502K, committed 88704K, reserved 1126400K
  class space    used 11119K, capacity 11839K, committed 11904K, reserved 1048576K
}
Event: 25.452 GC heap after
{Heap after GC invocations=57 (full 0):
 garbage-first heap   total 148480K, used 88342K [0x0000000080000000, 0x0000000100000000)
  region size 1024K, 1 young (1024K), 1 survivors (1024K)
 Metaspace       used 86517K, capacity 88502K, committed 88704K, reserved 1126400K
  class space    used 11119K, capacity 11839K, committed 11904K, reserved 1048576K
}
Event: 25.538 GC heap before
{Heap before GC invocations=57 (full 0):
 garbage-first heap   total 148480K, used 94486K [0x0000000080000000, 0x0000000100000000)
  region size 1024K, 7 young (7168K), 1 survivors (1024K)
 Metaspace       used 86580K, capacity 88631K, committed 88704K, reserved 1126400K
  class space    used 11120K, capacity 11839K, committed 11904K, reserved 1048576K
}
Event: 25.543 GC heap after
{Heap after GC invocations=58 (full 0):
 garbage-first heap   total 269312K, used 75466K [0x0000000080000000, 0x0000000100000000)
  region size 1024K, 1 young (1024K), 1 survivors (1024K)
 Metaspace       used 86580K, capacity 88631K, committed 88704K, reserved 1126400K
  class space    used 11120K, capacity 11839K, committed 11904K, reserved 1048576K
}
Event: 26.795 GC heap before
{Heap before GC invocations=58 (full 0):
 garbage-first heap   total 269312K, used 150218K [0x0000000080000000, 0x0000000100000000)
  region size 1024K, 74 young (75776K), 1 survivors (1024K)
 Metaspace       used 90534K, capacity 92659K, committed 92800K, reserved 1130496K
  class space    used 11604K, capacity 12367K, committed 12416K, reserved 1048576K
}
Event: 26.801 GC heap after
{Heap after GC invocations=59 (full 0):
 garbage-first heap   total 269312K, used 78830K [0x0000000080000000, 0x0000000100000000)
  region size 1024K, 4 young (4096K), 4 survivors (4096K)
 Metaspace       used 90534K, capacity 92659K, committed 92800K, reserved 1130496K
  class space    used 11604K, capacity 12367K, committed 12416K, reserved 1048576K
}
Event: 27.796 GC heap before
{Heap before GC invocations=59 (full 0):
 garbage-first heap   total 269312K, used 174062K [0x0000000080000000, 0x0000000100000000)
  region size 1024K, 98 young (100352K), 4 survivors (4096K)
 Metaspace       used 90809K, capacity 92971K, committed 93056K, reserved 1130496K
  class space    used 11637K, capacity 12383K, committed 12416K, reserved 1048576K
}
Event: 27.805 GC heap after
{Heap after GC invocations=60 (full 0):
 garbage-first heap   total 269312K, used 82614K [0x0000000080000000, 0x0000000100000000)
  region size 1024K, 8 young (8192K), 8 survivors (8192K)
 Metaspace       used 90809K, capacity 92971K, committed 93056K, reserved 1130496K
  class space    used 11637K, capacity 12383K, committed 12416K, reserved 1048576K
}
Event: 35.717 GC heap before
{Heap before GC invocations=60 (full 0):
 garbage-first heap   total 269312K, used 181942K [0x0000000080000000, 0x0000000100000000)
  region size 1024K, 106 young (108544K), 8 survivors (8192K)
 Metaspace       used 92241K, capacity 94312K, committed 94464K, reserved 1130496K
  class space    used 11773K, capacity 12517K, committed 12544K, reserved 1048576K
}
Event: 35.731 GC heap after
{Heap after GC invocations=61 (full 0):
 garbage-first heap   total 269312K, used 89742K [0x0000000080000000, 0x0000000100000000)
  region size 1024K, 14 young (14336K), 14 survivors (14336K)
 Metaspace       used 92241K, capacity 94312K, committed 94464K, reserved 1130496K
  class space    used 11773K, capacity 12517K, committed 12544K, reserved 1048576K
}

