# JRE version: OpenJDK Runtime Environment (11.0.10) (build 11.0.10+0-b96-7249189)
# Java VM: OpenJDK 64-Bit Server VM (11.0.10+0-b96-7249189, mixed mode, tiered, compressed oops, g1 gc, windows-amd64)
Heap:
 garbage-first heap   total 259072K, used 166657K [0x0000000080000000, 0x0000000100000000)
  region size 1024K, 2 young (2048K), 2 survivors (2048K)
 Metaspace       used 126018K, capacity 129280K, committed 129352K, reserved 1161216K
  class space    used 15677K, capacity 16847K, committed 16896K, reserved 1048576K
GC Heap History (20 events):
Event: 1856.804 GC heap after
{Heap after GC invocations=65 (full 0):
 garbage-first heap   total 206848K, used 160234K [0x0000000080000000, 0x0000000100000000)
  region size 1024K, 3 young (3072K), 3 survivors (3072K)
 Metaspace       used 120933K, capacity 124089K, committed 124232K, reserved 1157120K
  class space    used 15036K, capacity 16122K, committed 16128K, reserved 1048576K
}
Event: 1857.203 GC heap before
{Heap before GC invocations=65 (full 0):
 garbage-first heap   total 206848K, used 175594K [0x0000000080000000, 0x0000000100000000)
  region size 1024K, 18 young (18432K), 3 survivors (3072K)
 Metaspace       used 121776K, capacity 124892K, committed 125128K, reserved 1159168K
  class space    used 15091K, capacity 16195K, committed 16256K, reserved 1048576K
}
Event: 1857.209 GC heap after
{Heap after GC invocations=66 (full 0):
 garbage-first heap   total 206848K, used 161962K [0x0000000080000000, 0x0000000100000000)
  region size 1024K, 2 young (2048K), 2 survivors (2048K)
 Metaspace       used 121776K, capacity 124892K, committed 125128K, reserved 1159168K
  class space    used 15091K, capacity 16195K, committed 16256K, reserved 1048576K
}
Event: 1857.461 GC heap before
{Heap before GC invocations=66 (full 0):
 garbage-first heap   total 206848K, used 176298K [0x0000000080000000, 0x0000000100000000)
  region size 1024K, 16 young (16384K), 2 survivors (2048K)
 Metaspace       used 121888K, capacity 125027K, committed 125128K, reserved 1159168K
  class space    used 15093K, capacity 16196K, committed 16256K, reserved 1048576K
}
Event: 1857.465 GC heap after
{Heap after GC invocations=67 (full 0):
 garbage-first heap   total 206848K, used 162322K [0x0000000080000000, 0x0000000100000000)
  region size 1024K, 2 young (2048K), 2 survivors (2048K)
 Metaspace       used 121888K, capacity 125027K, committed 125128K, reserved 1159168K
  class space    used 15093K, capacity 16196K, committed 16256K, reserved 1048576K
}
Event: 1857.945 GC heap before
{Heap before GC invocations=67 (full 0):
 garbage-first heap   total 206848K, used 176658K [0x0000000080000000, 0x0000000100000000)
  region size 1024K, 17 young (17408K), 2 survivors (2048K)
 Metaspace       used 122100K, capacity 125187K, committed 125384K, reserved 1159168K
  class space    used 15109K, capacity 16205K, committed 16256K, reserved 1048576K
}
Event: 1857.951 GC heap after
{Heap after GC invocations=68 (full 0):
 garbage-first heap   total 206848K, used 163470K [0x0000000080000000, 0x0000000100000000)
  region size 1024K, 3 young (3072K), 3 survivors (3072K)
 Metaspace       used 122100K, capacity 125187K, committed 125384K, reserved 1159168K
  class space    used 15109K, capacity 16205K, committed 16256K, reserved 1048576K
}
Event: 1858.019 GC heap before
{Heap before GC invocations=68 (full 0):
 garbage-first heap   total 206848K, used 171662K [0x0000000080000000, 0x0000000100000000)
  region size 1024K, 9 young (9216K), 3 survivors (3072K)
 Metaspace       used 122207K, capacity 125251K, committed 125384K, reserved 1159168K
  class space    used 15119K, capacity 16205K, committed 16256K, reserved 1048576K
}
Event: 1858.026 GC heap after
{Heap after GC invocations=69 (full 0):
 garbage-first heap   total 206848K, used 166671K [0x0000000080000000, 0x0000000100000000)
  region size 1024K, 2 young (2048K), 2 survivors (2048K)
 Metaspace       used 122207K, capacity 125251K, committed 125384K, reserved 1159168K
  class space    used 15119K, capacity 16205K, committed 16256K, reserved 1048576K
}
Event: 1858.324 GC heap before
{Heap before GC invocations=70 (full 0):
 garbage-first heap   total 206848K, used 179983K [0x0000000080000000, 0x0000000100000000)
  region size 1024K, 13 young (13312K), 2 survivors (2048K)
 Metaspace       used 122793K, capacity 125874K, committed 126024K, reserved 1159168K
  class space    used 15196K, capacity 16292K, committed 16384K, reserved 1048576K
}
Event: 1858.331 GC heap after
{Heap after GC invocations=71 (full 0):
 garbage-first heap   total 206848K, used 164831K [0x0000000080000000, 0x0000000100000000)
  region size 1024K, 2 young (2048K), 2 survivors (2048K)
 Metaspace       used 122793K, capacity 125874K, committed 126024K, reserved 1159168K
  class space    used 15196K, capacity 16292K, committed 16384K, reserved 1048576K
}
Event: 1858.349 GC heap before
{Heap before GC invocations=71 (full 0):
 garbage-first heap   total 206848K, used 171999K [0x0000000080000000, 0x0000000100000000)
  region size 1024K, 10 young (10240K), 2 survivors (2048K)
 Metaspace       used 122862K, capacity 126005K, committed 126280K, reserved 1159168K
  class space    used 15208K, capacity 16335K, committed 16384K, reserved 1048576K
}
Event: 1858.364 GC heap after
{Heap after GC invocations=72 (full 0):
 garbage-first heap   total 206848K, used 154009K [0x0000000080000000, 0x0000000100000000)
  region size 1024K, 2 young (2048K), 2 survivors (2048K)
 Metaspace       used 122862K, capacity 126005K, committed 126280K, reserved 1159168K
  class space    used 15208K, capacity 16335K, committed 16384K, reserved 1048576K
}
Event: 1858.392 GC heap before
{Heap before GC invocations=72 (full 0):
 garbage-first heap   total 206848K, used 161177K [0x0000000080000000, 0x0000000100000000)
  region size 1024K, 10 young (10240K), 2 survivors (2048K)
 Metaspace       used 122957K, capacity 126087K, committed 126280K, reserved 1159168K
  class space    used 15218K, capacity 16340K, committed 16384K, reserved 1048576K
}
Event: 1858.408 GC heap after
{Heap after GC invocations=73 (full 0):
 garbage-first heap   total 206848K, used 153554K [0x0000000080000000, 0x0000000100000000)
  region size 1024K, 2 young (2048K), 2 survivors (2048K)
 Metaspace       used 122957K, capacity 126087K, committed 126280K, reserved 1159168K
  class space    used 15218K, capacity 16340K, committed 16384K, reserved 1048576K
}
Event: 1858.598 GC heap before
{Heap before GC invocations=73 (full 0):
 garbage-first heap   total 206848K, used 170962K [0x0000000080000000, 0x0000000100000000)
  region size 1024K, 20 young (20480K), 2 survivors (2048K)
 Metaspace       used 124055K, capacity 127192K, committed 127432K, reserved 1161216K
  class space    used 15368K, capacity 16496K, committed 16512K, reserved 1048576K
}
Event: 1858.608 GC heap after
{Heap after GC invocations=74 (full 0):
 garbage-first heap   total 206848K, used 160034K [0x0000000080000000, 0x0000000100000000)
  region size 1024K, 3 young (3072K), 3 survivors (3072K)
 Metaspace       used 124055K, capacity 127192K, committed 127432K, reserved 1161216K
  class space    used 15368K, capacity 16496K, committed 16512K, reserved 1048576K
}
Event: 1858.715 GC heap before
{Heap before GC invocations=74 (full 0):
 garbage-first heap   total 206848K, used 173346K [0x0000000080000000, 0x0000000100000000)
  region size 1024K, 17 young (17408K), 3 survivors (3072K)
 Metaspace       used 124849K, capacity 128027K, committed 128072K, reserved 1161216K
  class space    used 15466K, capacity 16625K, committed 16640K, reserved 1048576K
}
Event: 1858.725 GC heap after
{Heap after GC invocations=75 (full 0):
 garbage-first heap   total 206848K, used 164181K [0x0000000080000000, 0x0000000100000000)
  region size 1024K, 3 young (3072K), 3 survivors (3072K)
 Metaspace       used 124849K, capacity 128027K, committed 128072K, reserved 1161216K
  class space    used 15466K, capacity 16625K, committed 16640K, reserved 1048576K
}
Event: 1858.959 GC heap before
{Heap before GC invocations=75 (full 0):
 garbage-first heap   total 206848K, used 176469K [0x0000000080000000, 0x0000000100000000)
  region size 1024K, 15 young (15360K), 3 survivors (3072K)
 Metaspace       used 126018K, capacity 129280K, committed 129352K, reserved 1161216K
  class space    used 15677K, capacity 16847K, committed 16896K, reserved 1048576K
}

