# JRE version: OpenJDK Runtime Environment (11.0.10) (build 11.0.10+0-b96-7249189)
# Java VM: OpenJDK 64-Bit Server VM (11.0.10+0-b96-7249189, mixed mode, tiered, compressed oops, g1 gc, windows-amd64)
Heap:
 garbage-first heap   total 143360K, used 54199K [0x0000000080000000, 0x0000000100000000)
  region size 1024K, 6 young (6144K), 6 survivors (6144K)
 Metaspace       used 67156K, capacity 68785K, committed 69068K, reserved 1110016K
  class space    used 8791K, capacity 9367K, committed 9472K, reserved 1048576K
GC Heap History (20 events):
Event: 4.283 GC heap after
{Heap after GC invocations=7 (full 0):
 garbage-first heap   total 98304K, used 19009K [0x0000000080000000, 0x0000000100000000)
  region size 1024K, 4 young (4096K), 4 survivors (4096K)
 Metaspace       used 28513K, capacity 29152K, committed 29440K, reserved 1075200K
  class space    used 3799K, capacity 4060K, committed 4096K, reserved 1048576K
}
Event: 4.823 GC heap before
{Heap before GC invocations=7 (full 0):
 garbage-first heap   total 98304K, used 47681K [0x0000000080000000, 0x0000000100000000)
  region size 1024K, 33 young (33792K), 4 survivors (4096K)
 Metaspace       used 35158K, capacity 35793K, committed 35840K, reserved 1081344K
  class space    used 4571K, capacity 4826K, committed 4864K, reserved 1048576K
}
Event: 4.830 GC heap after
{Heap after GC invocations=8 (full 0):
 garbage-first heap   total 98304K, used 21917K [0x0000000080000000, 0x0000000100000000)
  region size 1024K, 6 young (6144K), 6 survivors (6144K)
 Metaspace       used 35158K, capacity 35793K, committed 35840K, reserved 1081344K
  class space    used 4571K, capacity 4826K, committed 4864K, reserved 1048576K
}
Event: 5.436 GC heap before
{Heap before GC invocations=9 (full 0):
 garbage-first heap   total 98304K, used 63901K [0x0000000080000000, 0x0000000100000000)
  region size 1024K, 44 young (45056K), 6 survivors (6144K)
 Metaspace       used 39705K, capacity 40564K, committed 40704K, reserved 1085440K
  class space    used 5044K, capacity 5362K, committed 5376K, reserved 1048576K
}
Event: 5.443 GC heap after
{Heap after GC invocations=10 (full 0):
 garbage-first heap   total 98304K, used 24077K [0x0000000080000000, 0x0000000100000000)
  region size 1024K, 6 young (6144K), 6 survivors (6144K)
 Metaspace       used 39705K, capacity 40564K, committed 40704K, reserved 1085440K
  class space    used 5044K, capacity 5362K, committed 5376K, reserved 1048576K
}
Event: 5.958 GC heap before
{Heap before GC invocations=10 (full 0):
 garbage-first heap   total 98304K, used 62989K [0x0000000080000000, 0x0000000100000000)
  region size 1024K, 44 young (45056K), 6 survivors (6144K)
 Metaspace       used 42886K, capacity 43832K, committed 44032K, reserved 1087488K
  class space    used 5522K, capacity 5863K, committed 5888K, reserved 1048576K
}
Event: 5.967 GC heap after
{Heap after GC invocations=11 (full 0):
 garbage-first heap   total 118784K, used 25794K [0x0000000080000000, 0x0000000100000000)
  region size 1024K, 4 young (4096K), 4 survivors (4096K)
 Metaspace       used 42886K, capacity 43832K, committed 44032K, reserved 1087488K
  class space    used 5522K, capacity 5863K, committed 5888K, reserved 1048576K
}
Event: 7.099 GC heap before
{Heap before GC invocations=11 (full 0):
 garbage-first heap   total 118784K, used 78018K [0x0000000080000000, 0x0000000100000000)
  region size 1024K, 53 young (54272K), 4 survivors (4096K)
 Metaspace       used 44681K, capacity 45807K, committed 46080K, reserved 1089536K
  class space    used 5729K, capacity 6090K, committed 6144K, reserved 1048576K
}
Event: 7.106 GC heap after
{Heap after GC invocations=12 (full 0):
 garbage-first heap   total 118784K, used 37376K [0x0000000080000000, 0x0000000100000000)
  region size 1024K, 7 young (7168K), 7 survivors (7168K)
 Metaspace       used 44681K, capacity 45807K, committed 46080K, reserved 1089536K
  class space    used 5729K, capacity 6090K, committed 6144K, reserved 1048576K
}
Event: 7.999 GC heap before
{Heap before GC invocations=12 (full 0):
 garbage-first heap   total 118784K, used 81408K [0x0000000080000000, 0x0000000100000000)
  region size 1024K, 50 young (51200K), 7 survivors (7168K)
 Metaspace       used 50851K, capacity 52103K, committed 52352K, reserved 1095680K
  class space    used 6498K, capacity 6920K, committed 7040K, reserved 1048576K
}
Event: 8.004 GC heap after
{Heap after GC invocations=13 (full 0):
 garbage-first heap   total 118784K, used 39755K [0x0000000080000000, 0x0000000100000000)
  region size 1024K, 2 young (2048K), 2 survivors (2048K)
 Metaspace       used 50851K, capacity 52103K, committed 52352K, reserved 1095680K
  class space    used 6498K, capacity 6920K, committed 7040K, reserved 1048576K
}
Event: 8.723 GC heap before
{Heap before GC invocations=13 (full 0):
 garbage-first heap   total 118784K, used 83787K [0x0000000080000000, 0x0000000100000000)
  region size 1024K, 46 young (47104K), 2 survivors (2048K)
 Metaspace       used 56829K, capacity 58157K, committed 58240K, reserved 1099776K
  class space    used 7238K, capacity 7732K, committed 7808K, reserved 1048576K
}
Event: 8.728 GC heap after
{Heap after GC invocations=14 (full 0):
 garbage-first heap   total 118784K, used 42921K [0x0000000080000000, 0x0000000100000000)
  region size 1024K, 6 young (6144K), 6 survivors (6144K)
 Metaspace       used 56829K, capacity 58157K, committed 58240K, reserved 1099776K
  class space    used 7238K, capacity 7732K, committed 7808K, reserved 1048576K
}
Event: 8.974 GC heap before
{Heap before GC invocations=14 (full 0):
 garbage-first heap   total 118784K, used 60329K [0x0000000080000000, 0x0000000100000000)
  region size 1024K, 24 young (24576K), 6 survivors (6144K)
 Metaspace       used 58691K, capacity 60054K, committed 60160K, reserved 1101824K
  class space    used 7431K, capacity 7909K, committed 7936K, reserved 1048576K
}
Event: 8.982 GC heap after
{Heap after GC invocations=15 (full 0):
 garbage-first heap   total 118784K, used 45077K [0x0000000080000000, 0x0000000100000000)
  region size 1024K, 6 young (6144K), 6 survivors (6144K)
 Metaspace       used 58691K, capacity 60054K, committed 60160K, reserved 1101824K
  class space    used 7431K, capacity 7909K, committed 7936K, reserved 1048576K
}
Event: 9.498 GC heap before
{Heap before GC invocations=16 (full 0):
 garbage-first heap   total 118784K, used 89109K [0x0000000080000000, 0x0000000100000000)
  region size 1024K, 49 young (50176K), 6 survivors (6144K)
 Metaspace       used 60643K, capacity 62140K, committed 62284K, reserved 1103872K
  class space    used 7712K, capacity 8238K, committed 8320K, reserved 1048576K
}
Event: 9.508 GC heap after
{Heap after GC invocations=17 (full 0):
 garbage-first heap   total 118784K, used 48173K [0x0000000080000000, 0x0000000100000000)
  region size 1024K, 6 young (6144K), 6 survivors (6144K)
 Metaspace       used 60643K, capacity 62140K, committed 62284K, reserved 1103872K
  class space    used 7712K, capacity 8238K, committed 8320K, reserved 1048576K
}
Event: 10.234 GC heap before
{Heap before GC invocations=17 (full 0):
 garbage-first heap   total 118784K, used 91181K [0x0000000080000000, 0x0000000100000000)
  region size 1024K, 48 young (49152K), 6 survivors (6144K)
 Metaspace       used 64657K, capacity 66173K, committed 66252K, reserved 1105920K
  class space    used 8395K, capacity 8936K, committed 8960K, reserved 1048576K
}
Event: 10.242 GC heap after
{Heap after GC invocations=18 (full 0):
 garbage-first heap   total 118784K, used 51142K [0x0000000080000000, 0x0000000100000000)
  region size 1024K, 4 young (4096K), 4 survivors (4096K)
 Metaspace       used 64657K, capacity 66173K, committed 66252K, reserved 1105920K
  class space    used 8395K, capacity 8936K, committed 8960K, reserved 1048576K
}
Event: 10.818 GC heap before
{Heap before GC invocations=18 (full 0):
 garbage-first heap   total 118784K, used 93126K [0x0000000080000000, 0x0000000100000000)
  region size 1024K, 45 young (46080K), 4 survivors (4096K)
 Metaspace       used 67156K, capacity 68785K, committed 69068K, reserved 1110016K
  class space    used 8791K, capacity 9367K, committed 9472K, reserved 1048576K
}

