# JRE version: OpenJDK Runtime Environment (11.0.10) (build 11.0.10+0-b96-7249189)
# Java VM: OpenJDK 64-Bit Server VM (11.0.10+0-b96-7249189, mixed mode, tiered, compressed oops, g1 gc, windows-amd64)
Heap:
 garbage-first heap   total 200704K, used 174795K [0x0000000080000000, 0x0000000100000000)
  region size 1024K, 45 young (46080K), 2 survivors (2048K)
 Metaspace       used 113490K, capacity 116758K, committed 116992K, reserved 1150976K
  class space    used 13829K, capacity 15003K, committed 15104K, reserved 1048576K
GC Heap History (20 events):
Event: 6113.235 GC heap before
{Heap before GC invocations=226 (full 0):
 garbage-first heap   total 199680K, used 146820K [0x0000000080000000, 0x0000000100000000)
  region size 1024K, 48 young (49152K), 2 survivors (2048K)
 Metaspace       used 113203K, capacity 116468K, committed 116736K, reserved 1150976K
  class space    used 13849K, capacity 15037K, committed 15104K, reserved 1048576K
}
Event: 6113.240 GC heap after
{Heap after GC invocations=227 (full 0):
 garbage-first heap   total 199680K, used 102351K [0x0000000080000000, 0x0000000100000000)
  region size 1024K, 2 young (2048K), 2 survivors (2048K)
 Metaspace       used 113203K, capacity 116468K, committed 116736K, reserved 1150976K
  class space    used 13849K, capacity 15037K, committed 15104K, reserved 1048576K
}
Event: 8105.873 GC heap before
{Heap before GC invocations=228 (full 0):
 garbage-first heap   total 199680K, used 194511K [0x0000000080000000, 0x0000000100000000)
  region size 1024K, 62 young (63488K), 2 survivors (2048K)
 Metaspace       used 113253K, capacity 116533K, committed 116736K, reserved 1150976K
  class space    used 13849K, capacity 15037K, committed 15104K, reserved 1048576K
}
Event: 8105.930 GC heap after
{Heap after GC invocations=229 (full 0):
 garbage-first heap   total 200704K, used 104241K [0x0000000080000000, 0x0000000100000000)
  region size 1024K, 4 young (4096K), 4 survivors (4096K)
 Metaspace       used 113253K, capacity 116533K, committed 116736K, reserved 1150976K
  class space    used 13849K, capacity 15037K, committed 15104K, reserved 1048576K
}
Event: 8106.209 GC heap before
{Heap before GC invocations=229 (full 0):
 garbage-first heap   total 200704K, used 109361K [0x0000000080000000, 0x0000000100000000)
  region size 1024K, 9 young (9216K), 4 survivors (4096K)
 Metaspace       used 113264K, capacity 116537K, committed 116736K, reserved 1150976K
  class space    used 13849K, capacity 15037K, committed 15104K, reserved 1048576K
}
Event: 8106.243 GC heap after
{Heap after GC invocations=230 (full 0):
 garbage-first heap   total 200704K, used 97749K [0x0000000080000000, 0x0000000100000000)
  region size 1024K, 2 young (2048K), 2 survivors (2048K)
 Metaspace       used 113264K, capacity 116537K, committed 116736K, reserved 1150976K
  class space    used 13849K, capacity 15037K, committed 15104K, reserved 1048576K
}
Event: 8107.213 GC heap before
{Heap before GC invocations=230 (full 0):
 garbage-first heap   total 200704K, used 163285K [0x0000000080000000, 0x0000000100000000)
  region size 1024K, 67 young (68608K), 2 survivors (2048K)
 Metaspace       used 113273K, capacity 116601K, committed 116736K, reserved 1150976K
  class space    used 13849K, capacity 15037K, committed 15104K, reserved 1048576K
}
Event: 8107.242 GC heap after
{Heap after GC invocations=231 (full 0):
 garbage-first heap   total 200704K, used 99258K [0x0000000080000000, 0x0000000100000000)
  region size 1024K, 3 young (3072K), 3 survivors (3072K)
 Metaspace       used 113273K, capacity 116601K, committed 116736K, reserved 1150976K
  class space    used 13849K, capacity 15037K, committed 15104K, reserved 1048576K
}
Event: 8108.810 GC heap before
{Heap before GC invocations=232 (full 0):
 garbage-first heap   total 200704K, used 164794K [0x0000000080000000, 0x0000000100000000)
  region size 1024K, 68 young (69632K), 3 survivors (3072K)
 Metaspace       used 112910K, capacity 116001K, committed 116736K, reserved 1150976K
  class space    used 13775K, capacity 14903K, committed 15104K, reserved 1048576K
}
Event: 8108.836 GC heap after
{Heap after GC invocations=233 (full 0):
 garbage-first heap   total 200704K, used 105582K [0x0000000080000000, 0x0000000100000000)
  region size 1024K, 9 young (9216K), 9 survivors (9216K)
 Metaspace       used 112910K, capacity 116001K, committed 116736K, reserved 1150976K
  class space    used 13775K, capacity 14903K, committed 15104K, reserved 1048576K
}
Event: 8108.883 GC heap before
{Heap before GC invocations=233 (full 0):
 garbage-first heap   total 200704K, used 106606K [0x0000000080000000, 0x0000000100000000)
  region size 1024K, 10 young (10240K), 9 survivors (9216K)
 Metaspace       used 112910K, capacity 116001K, committed 116736K, reserved 1150976K
  class space    used 13775K, capacity 14903K, committed 15104K, reserved 1048576K
}
Event: 8108.977 GC heap after
{Heap after GC invocations=234 (full 0):
 garbage-first heap   total 200704K, used 96933K [0x0000000080000000, 0x0000000100000000)
  region size 1024K, 1 young (1024K), 1 survivors (1024K)
 Metaspace       used 112910K, capacity 116001K, committed 116736K, reserved 1150976K
  class space    used 13775K, capacity 14903K, committed 15104K, reserved 1048576K
}
Event: 8109.998 GC heap before
{Heap before GC invocations=234 (full 0):
 garbage-first heap   total 200704K, used 161445K [0x0000000080000000, 0x0000000100000000)
  region size 1024K, 65 young (66560K), 1 survivors (1024K)
 Metaspace       used 112963K, capacity 116096K, committed 116736K, reserved 1150976K
  class space    used 13778K, capacity 14908K, committed 15104K, reserved 1048576K
}
Event: 8110.018 GC heap after
{Heap after GC invocations=235 (full 0):
 garbage-first heap   total 200704K, used 104726K [0x0000000080000000, 0x0000000100000000)
  region size 1024K, 9 young (9216K), 9 survivors (9216K)
 Metaspace       used 112963K, capacity 116096K, committed 116736K, reserved 1150976K
  class space    used 13778K, capacity 14908K, committed 15104K, reserved 1048576K
}
Event: 8110.410 GC heap before
{Heap before GC invocations=236 (full 0):
 garbage-first heap   total 200704K, used 160022K [0x0000000080000000, 0x0000000100000000)
  region size 1024K, 64 young (65536K), 9 survivors (9216K)
 Metaspace       used 112972K, capacity 116108K, committed 116736K, reserved 1150976K
  class space    used 13779K, capacity 14910K, committed 15104K, reserved 1048576K
}
Event: 8110.423 GC heap after
{Heap after GC invocations=237 (full 0):
 garbage-first heap   total 200704K, used 105083K [0x0000000080000000, 0x0000000100000000)
  region size 1024K, 2 young (2048K), 2 survivors (2048K)
 Metaspace       used 112972K, capacity 116108K, committed 116736K, reserved 1150976K
  class space    used 13779K, capacity 14910K, committed 15104K, reserved 1048576K
}
Event: 8110.451 GC heap before
{Heap before GC invocations=237 (full 0):
 garbage-first heap   total 200704K, used 111227K [0x0000000080000000, 0x0000000100000000)
  region size 1024K, 9 young (9216K), 2 survivors (2048K)
 Metaspace       used 113019K, capacity 116174K, committed 116736K, reserved 1150976K
  class space    used 13785K, capacity 14921K, committed 15104K, reserved 1048576K
}
Event: 8110.471 GC heap after
{Heap after GC invocations=238 (full 0):
 garbage-first heap   total 200704K, used 101136K [0x0000000080000000, 0x0000000100000000)
  region size 1024K, 2 young (2048K), 2 survivors (2048K)
 Metaspace       used 113019K, capacity 116174K, committed 116736K, reserved 1150976K
  class space    used 13785K, capacity 14921K, committed 15104K, reserved 1048576K
}
Event: 8110.820 GC heap before
{Heap before GC invocations=238 (full 0):
 garbage-first heap   total 200704K, used 162576K [0x0000000080000000, 0x0000000100000000)
  region size 1024K, 63 young (64512K), 2 survivors (2048K)
 Metaspace       used 113161K, capacity 116287K, committed 116992K, reserved 1150976K
  class space    used 13789K, capacity 14929K, committed 15104K, reserved 1048576K
}
Event: 8110.825 GC heap after
{Heap after GC invocations=239 (full 0):
 garbage-first heap   total 200704K, used 101067K [0x0000000080000000, 0x0000000100000000)
  region size 1024K, 2 young (2048K), 2 survivors (2048K)
 Metaspace       used 113161K, capacity 116287K, committed 116992K, reserved 1150976K
  class space    used 13789K, capacity 14929K, committed 15104K, reserved 1048576K
}

