# JRE version: OpenJDK Runtime Environment (11.0.10) (build 11.0.10+0-b96-7249189)
# Java VM: OpenJDK 64-Bit Server VM (11.0.10+0-b96-7249189, mixed mode, tiered, compressed oops, g1 gc, windows-amd64)
Heap:
 garbage-first heap   total 348160K, used 217801K [0x0000000080000000, 0x0000000100000000)
  region size 1024K, 59 young (60416K), 4 survivors (4096K)
 Metaspace       used 96589K, capacity 99203K, committed 99532K, reserved 1134592K
  class space    used 12488K, capacity 13446K, committed 13568K, reserved 1048576K
GC Heap History (20 events):
Event: 23.321 GC heap before
{Heap before GC invocations=36 (full 0):
 garbage-first heap   total 172032K, used 119439K [0x0000000080000000, 0x0000000100000000)
  region size 1024K, 43 young (44032K), 3 survivors (3072K)
 Metaspace       used 82697K, capacity 84686K, committed 84812K, reserved 1122304K
  class space    used 10638K, capacity 11349K, committed 11392K, reserved 1048576K
}
Event: 23.326 GC heap after
{Heap after GC invocations=37 (full 0):
 garbage-first heap   total 172032K, used 81130K [0x0000000080000000, 0x0000000100000000)
  region size 1024K, 5 young (5120K), 5 survivors (5120K)
 Metaspace       used 82697K, capacity 84686K, committed 84812K, reserved 1122304K
  class space    used 10638K, capacity 11349K, committed 11392K, reserved 1048576K
}
Event: 23.343 GC heap before
{Heap before GC invocations=37 (full 0):
 garbage-first heap   total 172032K, used 83178K [0x0000000080000000, 0x0000000100000000)
  region size 1024K, 8 young (8192K), 5 survivors (5120K)
 Metaspace       used 82743K, capacity 84750K, committed 84812K, reserved 1122304K
  class space    used 10643K, capacity 11349K, committed 11392K, reserved 1048576K
}
Event: 23.347 GC heap after
{Heap after GC invocations=38 (full 0):
 garbage-first heap   total 172032K, used 78620K [0x0000000080000000, 0x0000000100000000)
  region size 1024K, 1 young (1024K), 1 survivors (1024K)
 Metaspace       used 82743K, capacity 84750K, committed 84812K, reserved 1122304K
  class space    used 10643K, capacity 11349K, committed 11392K, reserved 1048576K
}
Event: 23.636 GC heap before
{Heap before GC invocations=38 (full 0):
 garbage-first heap   total 172032K, used 124700K [0x0000000080000000, 0x0000000100000000)
  region size 1024K, 47 young (48128K), 1 survivors (1024K)
 Metaspace       used 83870K, capacity 85900K, committed 85964K, reserved 1124352K
  class space    used 10794K, capacity 11518K, committed 11520K, reserved 1048576K
}
Event: 23.642 GC heap after
{Heap after GC invocations=39 (full 0):
 garbage-first heap   total 172032K, used 80310K [0x0000000080000000, 0x0000000100000000)
  region size 1024K, 3 young (3072K), 3 survivors (3072K)
 Metaspace       used 83870K, capacity 85900K, committed 85964K, reserved 1124352K
  class space    used 10794K, capacity 11518K, committed 11520K, reserved 1048576K
}
Event: 24.633 GC heap before
{Heap before GC invocations=40 (full 0):
 garbage-first heap   total 172032K, used 127414K [0x0000000080000000, 0x0000000100000000)
  region size 1024K, 50 young (51200K), 3 survivors (3072K)
 Metaspace       used 87040K, capacity 89157K, committed 89292K, reserved 1126400K
  class space    used 11235K, capacity 11992K, committed 12032K, reserved 1048576K
}
Event: 24.645 GC heap after
{Heap after GC invocations=41 (full 0):
 garbage-first heap   total 172032K, used 84591K [0x0000000080000000, 0x0000000100000000)
  region size 1024K, 7 young (7168K), 7 survivors (7168K)
 Metaspace       used 87040K, capacity 89157K, committed 89292K, reserved 1126400K
  class space    used 11235K, capacity 11992K, committed 12032K, reserved 1048576K
}
Event: 24.657 GC heap before
{Heap before GC invocations=41 (full 0):
 garbage-first heap   total 172032K, used 84591K [0x0000000080000000, 0x0000000100000000)
  region size 1024K, 8 young (8192K), 7 survivors (7168K)
 Metaspace       used 87099K, capacity 89255K, committed 89292K, reserved 1126400K
  class space    used 11249K, capacity 12025K, committed 12032K, reserved 1048576K
}
Event: 24.703 GC heap after
{Heap after GC invocations=42 (full 0):
 garbage-first heap   total 206848K, used 83356K [0x0000000080000000, 0x0000000100000000)
  region size 1024K, 1 young (1024K), 1 survivors (1024K)
 Metaspace       used 87099K, capacity 89255K, committed 89292K, reserved 1126400K
  class space    used 11249K, capacity 12025K, committed 12032K, reserved 1048576K
}
Event: 26.739 GC heap before
{Heap before GC invocations=42 (full 0):
 garbage-first heap   total 206848K, used 147868K [0x0000000080000000, 0x0000000100000000)
  region size 1024K, 65 young (66560K), 1 survivors (1024K)
 Metaspace       used 94685K, capacity 97205K, committed 97484K, reserved 1134592K
  class space    used 12343K, capacity 13280K, committed 13312K, reserved 1048576K
}
Event: 26.751 GC heap after
{Heap after GC invocations=43 (full 0):
 garbage-first heap   total 206848K, used 85549K [0x0000000080000000, 0x0000000100000000)
  region size 1024K, 3 young (3072K), 3 survivors (3072K)
 Metaspace       used 94685K, capacity 97205K, committed 97484K, reserved 1134592K
  class space    used 12343K, capacity 13280K, committed 13312K, reserved 1048576K
}
Event: 27.739 GC heap before
{Heap before GC invocations=43 (full 0):
 garbage-first heap   total 206848K, used 155181K [0x0000000080000000, 0x0000000100000000)
  region size 1024K, 72 young (73728K), 3 survivors (3072K)
 Metaspace       used 95439K, capacity 97989K, committed 98124K, reserved 1134592K
  class space    used 12383K, capacity 13320K, committed 13440K, reserved 1048576K
}
Event: 27.744 GC heap after
{Heap after GC invocations=44 (full 0):
 garbage-first heap   total 206848K, used 85815K [0x0000000080000000, 0x0000000100000000)
  region size 1024K, 3 young (3072K), 3 survivors (3072K)
 Metaspace       used 95439K, capacity 97989K, committed 98124K, reserved 1134592K
  class space    used 12383K, capacity 13320K, committed 13440K, reserved 1048576K
}
Event: 28.838 GC heap before
{Heap before GC invocations=44 (full 0):
 garbage-first heap   total 206848K, used 171831K [0x0000000080000000, 0x0000000100000000)
  region size 1024K, 61 young (62464K), 3 survivors (3072K)
 Metaspace       used 96031K, capacity 98622K, committed 98892K, reserved 1134592K
  class space    used 12434K, capacity 13406K, committed 13440K, reserved 1048576K
}
Event: 28.860 GC heap after
{Heap after GC invocations=45 (full 0):
 garbage-first heap   total 206848K, used 120505K [0x0000000080000000, 0x0000000100000000)
  region size 1024K, 10 young (10240K), 10 survivors (10240K)
 Metaspace       used 96031K, capacity 98622K, committed 98892K, reserved 1134592K
  class space    used 12434K, capacity 13406K, committed 13440K, reserved 1048576K
}
Event: 29.563 GC heap before
{Heap before GC invocations=45 (full 0):
 garbage-first heap   total 206848K, used 178873K [0x0000000080000000, 0x0000000100000000)
  region size 1024K, 54 young (55296K), 10 survivors (10240K)
 Metaspace       used 96082K, capacity 98722K, committed 98892K, reserved 1134592K
  class space    used 12419K, capacity 13372K, committed 13440K, reserved 1048576K
}
Event: 29.610 GC heap after
{Heap after GC invocations=46 (full 0):
 garbage-first heap   total 211968K, used 147564K [0x0000000080000000, 0x0000000100000000)
  region size 1024K, 7 young (7168K), 7 survivors (7168K)
 Metaspace       used 96082K, capacity 98722K, committed 98892K, reserved 1134592K
  class space    used 12419K, capacity 13372K, committed 13440K, reserved 1048576K
}
Event: 29.818 GC heap before
{Heap before GC invocations=47 (full 0):
 garbage-first heap   total 211968K, used 172140K [0x0000000080000000, 0x0000000100000000)
  region size 1024K, 30 young (30720K), 7 survivors (7168K)
 Metaspace       used 96082K, capacity 98722K, committed 98892K, reserved 1134592K
  class space    used 12419K, capacity 13372K, committed 13440K, reserved 1048576K
}
Event: 29.871 GC heap after
{Heap after GC invocations=48 (full 0):
 garbage-first heap   total 348160K, used 159433K [0x0000000080000000, 0x0000000100000000)
  region size 1024K, 4 young (4096K), 4 survivors (4096K)
 Metaspace       used 96082K, capacity 98722K, committed 98892K, reserved 1134592K
  class space    used 12419K, capacity 13372K, committed 13440K, reserved 1048576K
}

