# JRE version: OpenJDK Runtime Environment (11.0.8+10) (build 11.0.8+10-b944.6842174)
# Java VM: OpenJDK 64-Bit Server VM (11.0.8+10-b944.6842174, mixed mode, tiered, compressed oops, g1 gc, windows-amd64)
Heap:
 garbage-first heap   total 248832K, used 159867K [0x0000000080000000, 0x0000000100000000)
  region size 1024K, 41 young (41984K), 8 survivors (8192K)
 Metaspace       used 122275K, capacity 125467K, committed 125516K, reserved 1159168K
  class space    used 14783K, capacity 15905K, committed 15948K, reserved 1048576K
GC Heap History (20 events):
Event: 2040.135 GC heap before
{Heap before GC invocations=90 (full 0):
 garbage-first heap   total 206848K, used 170443K [0x0000000080000000, 0x0000000100000000)
  region size 1024K, 36 young (36864K), 1 survivors (1024K)
 Metaspace       used 118777K, capacity 121762K, committed 122316K, reserved 1157120K
  class space    used 14395K, capacity 15386K, committed 15564K, reserved 1048576K
}
Event: 2040.141 GC heap after
{Heap after GC invocations=91 (full 0):
 garbage-first heap   total 206848K, used 137951K [0x0000000080000000, 0x0000000100000000)
  region size 1024K, 4 young (4096K), 4 survivors (4096K)
 Metaspace       used 118777K, capacity 121762K, committed 122316K, reserved 1157120K
  class space    used 14395K, capacity 15386K, committed 15564K, reserved 1048576K
}
Event: 2040.827 GC heap before
{Heap before GC invocations=91 (full 0):
 garbage-first heap   total 206848K, used 171743K [0x0000000080000000, 0x0000000100000000)
  region size 1024K, 38 young (38912K), 4 survivors (4096K)
 Metaspace       used 119886K, capacity 122932K, committed 123212K, reserved 1157120K
  class space    used 14525K, capacity 15550K, committed 15692K, reserved 1048576K
}
Event: 2040.833 GC heap after
{Heap after GC invocations=92 (full 0):
 garbage-first heap   total 206848K, used 139996K [0x0000000080000000, 0x0000000100000000)
  region size 1024K, 5 young (5120K), 5 survivors (5120K)
 Metaspace       used 119886K, capacity 122932K, committed 123212K, reserved 1157120K
  class space    used 14525K, capacity 15550K, committed 15692K, reserved 1048576K
}
Event: 2041.382 GC heap before
{Heap before GC invocations=92 (full 0):
 garbage-first heap   total 206848K, used 173788K [0x0000000080000000, 0x0000000100000000)
  region size 1024K, 39 young (39936K), 5 survivors (5120K)
 Metaspace       used 120274K, capacity 123302K, committed 123468K, reserved 1157120K
  class space    used 14540K, capacity 15586K, committed 15692K, reserved 1048576K
}
Event: 2041.390 GC heap after
{Heap after GC invocations=93 (full 0):
 garbage-first heap   total 206848K, used 142832K [0x0000000080000000, 0x0000000100000000)
  region size 1024K, 5 young (5120K), 5 survivors (5120K)
 Metaspace       used 120274K, capacity 123302K, committed 123468K, reserved 1157120K
  class space    used 14540K, capacity 15586K, committed 15692K, reserved 1048576K
}
Event: 2041.996 GC heap before
{Heap before GC invocations=93 (full 0):
 garbage-first heap   total 206848K, used 174576K [0x0000000080000000, 0x0000000100000000)
  region size 1024K, 37 young (37888K), 5 survivors (5120K)
 Metaspace       used 120424K, capacity 123521K, committed 123724K, reserved 1157120K
  class space    used 14555K, capacity 15598K, committed 15692K, reserved 1048576K
}
Event: 2042.019 GC heap after
{Heap after GC invocations=94 (full 0):
 garbage-first heap   total 206848K, used 146219K [0x0000000080000000, 0x0000000100000000)
  region size 1024K, 4 young (4096K), 4 survivors (4096K)
 Metaspace       used 120424K, capacity 123521K, committed 123724K, reserved 1157120K
  class space    used 14555K, capacity 15598K, committed 15692K, reserved 1048576K
}
Event: 2042.618 GC heap before
{Heap before GC invocations=95 (full 0):
 garbage-first heap   total 206848K, used 163627K [0x0000000080000000, 0x0000000100000000)
  region size 1024K, 33 young (33792K), 4 survivors (4096K)
 Metaspace       used 120479K, capacity 123527K, committed 123724K, reserved 1157120K
  class space    used 14555K, capacity 15599K, committed 15692K, reserved 1048576K
}
Event: 2042.627 GC heap after
{Heap after GC invocations=96 (full 0):
 garbage-first heap   total 248832K, used 138061K [0x0000000080000000, 0x0000000100000000)
  region size 1024K, 4 young (4096K), 4 survivors (4096K)
 Metaspace       used 120479K, capacity 123527K, committed 123724K, reserved 1157120K
  class space    used 14555K, capacity 15599K, committed 15692K, reserved 1048576K
}
Event: 2042.728 GC heap before
{Heap before GC invocations=96 (full 0):
 garbage-first heap   total 248832K, used 145229K [0x0000000080000000, 0x0000000100000000)
  region size 1024K, 12 young (12288K), 4 survivors (4096K)
 Metaspace       used 120483K, capacity 123527K, committed 123724K, reserved 1157120K
  class space    used 14555K, capacity 15599K, committed 15692K, reserved 1048576K
}
Event: 2042.735 GC heap after
{Heap after GC invocations=97 (full 0):
 garbage-first heap   total 248832K, used 118571K [0x0000000080000000, 0x0000000100000000)
  region size 1024K, 1 young (1024K), 1 survivors (1024K)
 Metaspace       used 120483K, capacity 123527K, committed 123724K, reserved 1157120K
  class space    used 14555K, capacity 15599K, committed 15692K, reserved 1048576K
}
Event: 2043.910 GC heap before
{Heap before GC invocations=97 (full 0):
 garbage-first heap   total 248832K, used 175915K [0x0000000080000000, 0x0000000100000000)
  region size 1024K, 58 young (59392K), 1 survivors (1024K)
 Metaspace       used 120832K, capacity 123886K, committed 123980K, reserved 1157120K
  class space    used 14607K, capacity 15653K, committed 15692K, reserved 1048576K
}
Event: 2043.923 GC heap after
{Heap after GC invocations=98 (full 0):
 garbage-first heap   total 248832K, used 122253K [0x0000000080000000, 0x0000000100000000)
  region size 1024K, 5 young (5120K), 5 survivors (5120K)
 Metaspace       used 120832K, capacity 123886K, committed 123980K, reserved 1157120K
  class space    used 14607K, capacity 15653K, committed 15692K, reserved 1048576K
}
Event: 2044.274 GC heap before
{Heap before GC invocations=98 (full 0):
 garbage-first heap   total 248832K, used 180621K [0x0000000080000000, 0x0000000100000000)
  region size 1024K, 63 young (64512K), 5 survivors (5120K)
 Metaspace       used 120943K, capacity 123972K, committed 124236K, reserved 1157120K
  class space    used 14610K, capacity 15659K, committed 15692K, reserved 1048576K
}
Event: 2044.281 GC heap after
{Heap after GC invocations=99 (full 0):
 garbage-first heap   total 248832K, used 124250K [0x0000000080000000, 0x0000000100000000)
  region size 1024K, 6 young (6144K), 6 survivors (6144K)
 Metaspace       used 120943K, capacity 123972K, committed 124236K, reserved 1157120K
  class space    used 14610K, capacity 15659K, committed 15692K, reserved 1048576K
}
Event: 2045.748 GC heap before
{Heap before GC invocations=99 (full 0):
 garbage-first heap   total 248832K, used 186714K [0x0000000080000000, 0x0000000100000000)
  region size 1024K, 67 young (68608K), 6 survivors (6144K)
 Metaspace       used 121544K, capacity 124698K, committed 124876K, reserved 1159168K
  class space    used 14678K, capacity 15758K, committed 15820K, reserved 1048576K
}
Event: 2045.756 GC heap after
{Heap after GC invocations=100 (full 0):
 garbage-first heap   total 248832K, used 123537K [0x0000000080000000, 0x0000000100000000)
  region size 1024K, 4 young (4096K), 4 survivors (4096K)
 Metaspace       used 121544K, capacity 124698K, committed 124876K, reserved 1159168K
  class space    used 14678K, capacity 15758K, committed 15820K, reserved 1048576K
}
Event: 2046.380 GC heap before
{Heap before GC invocations=100 (full 0):
 garbage-first heap   total 248832K, used 193169K [0x0000000080000000, 0x0000000100000000)
  region size 1024K, 74 young (75776K), 4 survivors (4096K)
 Metaspace       used 121997K, capacity 125177K, committed 125516K, reserved 1159168K
  class space    used 14743K, capacity 15849K, committed 15948K, reserved 1048576K
}
Event: 2046.385 GC heap after
{Heap after GC invocations=101 (full 0):
 garbage-first heap   total 248832K, used 128123K [0x0000000080000000, 0x0000000100000000)
  region size 1024K, 8 young (8192K), 8 survivors (8192K)
 Metaspace       used 121997K, capacity 125177K, committed 125516K, reserved 1159168K
  class space    used 14743K, capacity 15849K, committed 15948K, reserved 1048576K
}

