# JRE version: OpenJDK Runtime Environment (11.0.10) (build 11.0.10+0-b96-7249189)
# Java VM: OpenJDK 64-Bit Server VM (11.0.10+0-b96-7249189, mixed mode, tiered, compressed oops, g1 gc, windows-amd64)
Heap:
 garbage-first heap   total 206848K, used 134193K [0x0000000080000000, 0x0000000100000000)
  region size 1024K, 13 young (13312K), 4 survivors (4096K)
 Metaspace       used 99604K, capacity 102053K, committed 102144K, reserved 1138688K
  class space    used 12590K, capacity 13497K, committed 13568K, reserved 1048576K
GC Heap History (20 events):
Event: 33.255 GC heap before
{Heap before GC invocations=48 (full 0):
 garbage-first heap   total 172032K, used 122290K [0x0000000080000000, 0x0000000100000000)
  region size 1024K, 44 young (45056K), 1 survivors (1024K)
 Metaspace       used 83603K, capacity 85655K, committed 85760K, reserved 1124352K
  class space    used 10734K, capacity 11476K, committed 11520K, reserved 1048576K
}
Event: 33.266 GC heap after
{Heap after GC invocations=49 (full 0):
 garbage-first heap   total 172032K, used 80536K [0x0000000080000000, 0x0000000100000000)
  region size 1024K, 2 young (2048K), 2 survivors (2048K)
 Metaspace       used 83603K, capacity 85655K, committed 85760K, reserved 1124352K
  class space    used 10734K, capacity 11476K, committed 11520K, reserved 1048576K
}
Event: 33.877 GC heap before
{Heap before GC invocations=50 (full 0):
 garbage-first heap   total 172032K, used 125592K [0x0000000080000000, 0x0000000100000000)
  region size 1024K, 47 young (48128K), 2 survivors (2048K)
 Metaspace       used 84086K, capacity 86234K, committed 86400K, reserved 1124352K
  class space    used 10777K, capacity 11540K, committed 11648K, reserved 1048576K
}
Event: 33.885 GC heap after
{Heap after GC invocations=51 (full 0):
 garbage-first heap   total 172032K, used 83310K [0x0000000080000000, 0x0000000100000000)
  region size 1024K, 5 young (5120K), 5 survivors (5120K)
 Metaspace       used 84086K, capacity 86234K, committed 86400K, reserved 1124352K
  class space    used 10777K, capacity 11540K, committed 11648K, reserved 1048576K
}
Event: 33.931 GC heap before
{Heap before GC invocations=51 (full 0):
 garbage-first heap   total 172032K, used 85358K [0x0000000080000000, 0x0000000100000000)
  region size 1024K, 8 young (8192K), 5 survivors (5120K)
 Metaspace       used 84123K, capacity 86234K, committed 86400K, reserved 1124352K
  class space    used 10778K, capacity 11540K, committed 11648K, reserved 1048576K
}
Event: 33.938 GC heap after
{Heap after GC invocations=52 (full 0):
 garbage-first heap   total 206848K, used 82795K [0x0000000080000000, 0x0000000100000000)
  region size 1024K, 1 young (1024K), 1 survivors (1024K)
 Metaspace       used 84123K, capacity 86234K, committed 86400K, reserved 1124352K
  class space    used 10778K, capacity 11540K, committed 11648K, reserved 1048576K
}
Event: 48.000 GC heap before
{Heap before GC invocations=52 (full 0):
 garbage-first heap   total 206848K, used 141163K [0x0000000080000000, 0x0000000100000000)
  region size 1024K, 59 young (60416K), 1 survivors (1024K)
 Metaspace       used 85172K, capacity 87350K, committed 87552K, reserved 1124352K
  class space    used 10897K, capacity 11659K, committed 11776K, reserved 1048576K
}
Event: 48.012 GC heap after
{Heap after GC invocations=53 (full 0):
 garbage-first heap   total 206848K, used 87185K [0x0000000080000000, 0x0000000100000000)
  region size 1024K, 5 young (5120K), 5 survivors (5120K)
 Metaspace       used 85172K, capacity 87350K, committed 87552K, reserved 1124352K
  class space    used 10897K, capacity 11659K, committed 11776K, reserved 1048576K
}
Event: 48.807 GC heap before
{Heap before GC invocations=53 (full 0):
 garbage-first heap   total 206848K, used 147601K [0x0000000080000000, 0x0000000100000000)
  region size 1024K, 65 young (66560K), 5 survivors (5120K)
 Metaspace       used 85752K, capacity 87897K, committed 88064K, reserved 1126400K
  class space    used 10940K, capacity 11692K, committed 11776K, reserved 1048576K
}
Event: 48.819 GC heap after
{Heap after GC invocations=54 (full 0):
 garbage-first heap   total 206848K, used 92491K [0x0000000080000000, 0x0000000100000000)
  region size 1024K, 6 young (6144K), 6 survivors (6144K)
 Metaspace       used 85752K, capacity 87897K, committed 88064K, reserved 1126400K
  class space    used 10940K, capacity 11692K, committed 11776K, reserved 1048576K
}
Event: 49.641 GC heap before
{Heap before GC invocations=54 (full 0):
 garbage-first heap   total 206848K, used 151883K [0x0000000080000000, 0x0000000100000000)
  region size 1024K, 65 young (66560K), 6 survivors (6144K)
 Metaspace       used 86082K, capacity 88175K, committed 88320K, reserved 1126400K
  class space    used 10968K, capacity 11698K, committed 11776K, reserved 1048576K
}
Event: 49.649 GC heap after
{Heap after GC invocations=55 (full 0):
 garbage-first heap   total 206848K, used 90960K [0x0000000080000000, 0x0000000100000000)
  region size 1024K, 2 young (2048K), 2 survivors (2048K)
 Metaspace       used 86082K, capacity 88175K, committed 88320K, reserved 1126400K
  class space    used 10968K, capacity 11698K, committed 11776K, reserved 1048576K
}
Event: 51.259 GC heap before
{Heap before GC invocations=55 (full 0):
 garbage-first heap   total 206848K, used 153424K [0x0000000080000000, 0x0000000100000000)
  region size 1024K, 64 young (65536K), 2 survivors (2048K)
 Metaspace       used 90850K, capacity 92939K, committed 93056K, reserved 1130496K
  class space    used 11593K, capacity 12348K, committed 12416K, reserved 1048576K
}
Event: 51.279 GC heap after
{Heap after GC invocations=56 (full 0):
 garbage-first heap   total 206848K, used 101787K [0x0000000080000000, 0x0000000100000000)
  region size 1024K, 8 young (8192K), 8 survivors (8192K)
 Metaspace       used 90850K, capacity 92939K, committed 93056K, reserved 1130496K
  class space    used 11593K, capacity 12348K, committed 12416K, reserved 1048576K
}
Event: 54.452 GC heap before
{Heap before GC invocations=56 (full 0):
 garbage-first heap   total 206848K, used 161179K [0x0000000080000000, 0x0000000100000000)
  region size 1024K, 65 young (66560K), 8 survivors (8192K)
 Metaspace       used 94373K, capacity 96438K, committed 96768K, reserved 1132544K
  class space    used 11941K, capacity 12704K, committed 12800K, reserved 1048576K
}
Event: 54.488 GC heap after
{Heap after GC invocations=57 (full 0):
 garbage-first heap   total 206848K, used 117759K [0x0000000080000000, 0x0000000100000000)
  region size 1024K, 9 young (9216K), 9 survivors (9216K)
 Metaspace       used 94373K, capacity 96438K, committed 96768K, reserved 1132544K
  class space    used 11941K, capacity 12704K, committed 12800K, reserved 1048576K
}
Event: 55.614 GC heap before
{Heap before GC invocations=57 (full 0):
 garbage-first heap   total 206848K, used 161791K [0x0000000080000000, 0x0000000100000000)
  region size 1024K, 53 young (54272K), 9 survivors (9216K)
 Metaspace       used 96296K, capacity 98533K, committed 98688K, reserved 1134592K
  class space    used 12098K, capacity 12882K, committed 12928K, reserved 1048576K
}
Event: 55.629 GC heap after
{Heap after GC invocations=58 (full 0):
 garbage-first heap   total 206848K, used 123452K [0x0000000080000000, 0x0000000100000000)
  region size 1024K, 5 young (5120K), 5 survivors (5120K)
 Metaspace       used 96296K, capacity 98533K, committed 98688K, reserved 1134592K
  class space    used 12098K, capacity 12882K, committed 12928K, reserved 1048576K
}
Event: 56.411 GC heap before
{Heap before GC invocations=58 (full 0):
 garbage-first heap   total 206848K, used 172604K [0x0000000080000000, 0x0000000100000000)
  region size 1024K, 48 young (49152K), 5 survivors (5120K)
 Metaspace       used 97787K, capacity 100121K, committed 100224K, reserved 1136640K
  class space    used 12298K, capacity 13141K, committed 13184K, reserved 1048576K
}
Event: 56.424 GC heap after
{Heap after GC invocations=59 (full 0):
 garbage-first heap   total 206848K, used 127025K [0x0000000080000000, 0x0000000100000000)
  region size 1024K, 4 young (4096K), 4 survivors (4096K)
 Metaspace       used 97787K, capacity 100121K, committed 100224K, reserved 1136640K
  class space    used 12298K, capacity 13141K, committed 13184K, reserved 1048576K
}

