# JRE version: OpenJDK Runtime Environment (11.0.10) (build 11.0.10+0-b96-7249189)
# Java VM: OpenJDK 64-Bit Server VM (11.0.10+0-b96-7249189, mixed mode, tiered, compressed oops, g1 gc, windows-amd64)
Heap:
 garbage-first heap   total 724992K, used 196100K [0x0000000080000000, 0x0000000100000000)
  region size 1024K, 18 young (18432K), 18 survivors (18432K)
 Metaspace       used 126399K, capacity 129695K, committed 129996K, reserved 1163264K
  class space    used 15630K, capacity 16846K, committed 16896K, reserved 1048576K
GC Heap History (20 events):
Event: 367.524 GC heap after
{Heap after GC invocations=66 (full 0):
 garbage-first heap   total 248832K, used 173199K [0x0000000080000000, 0x0000000100000000)
  region size 1024K, 3 young (3072K), 3 survivors (3072K)
 Metaspace       used 112396K, capacity 115267K, committed 115532K, reserved 1150976K
  class space    used 13821K, capacity 14834K, committed 14976K, reserved 1048576K
}
Event: 367.619 GC heap before
{Heap before GC invocations=66 (full 0):
 garbage-first heap   total 248832K, used 197775K [0x0000000080000000, 0x0000000100000000)
  region size 1024K, 27 young (27648K), 3 survivors (3072K)
 Metaspace       used 112553K, capacity 115459K, committed 115788K, reserved 1150976K
  class space    used 13824K, capacity 14834K, committed 14976K, reserved 1048576K
}
Event: 367.625 GC heap after
{Heap after GC invocations=67 (full 0):
 garbage-first heap   total 248832K, used 174477K [0x0000000080000000, 0x0000000100000000)
  region size 1024K, 2 young (2048K), 2 survivors (2048K)
 Metaspace       used 112553K, capacity 115459K, committed 115788K, reserved 1150976K
  class space    used 13824K, capacity 14834K, committed 14976K, reserved 1048576K
}
Event: 367.731 GC heap before
{Heap before GC invocations=67 (full 0):
 garbage-first heap   total 248832K, used 200077K [0x0000000080000000, 0x0000000100000000)
  region size 1024K, 27 young (27648K), 2 survivors (2048K)
 Metaspace       used 112730K, capacity 115651K, committed 116044K, reserved 1150976K
  class space    used 13835K, capacity 14834K, committed 14976K, reserved 1048576K
}
Event: 367.734 GC heap after
{Heap after GC invocations=68 (full 0):
 garbage-first heap   total 248832K, used 174793K [0x0000000080000000, 0x0000000100000000)
  region size 1024K, 2 young (2048K), 2 survivors (2048K)
 Metaspace       used 112730K, capacity 115651K, committed 116044K, reserved 1150976K
  class space    used 13835K, capacity 14834K, committed 14976K, reserved 1048576K
}
Event: 368.084 GC heap before
{Heap before GC invocations=68 (full 0):
 garbage-first heap   total 248832K, used 201417K [0x0000000080000000, 0x0000000100000000)
  region size 1024K, 29 young (29696K), 2 survivors (2048K)
 Metaspace       used 113502K, capacity 116355K, committed 116556K, reserved 1150976K
  class space    used 13887K, capacity 14898K, committed 14976K, reserved 1048576K
}
Event: 368.094 GC heap after
{Heap after GC invocations=69 (full 0):
 garbage-first heap   total 248832K, used 179304K [0x0000000080000000, 0x0000000100000000)
  region size 1024K, 4 young (4096K), 4 survivors (4096K)
 Metaspace       used 113502K, capacity 116355K, committed 116556K, reserved 1150976K
  class space    used 13887K, capacity 14898K, committed 14976K, reserved 1048576K
}
Event: 368.625 GC heap before
{Heap before GC invocations=69 (full 0):
 garbage-first heap   total 248832K, used 203880K [0x0000000080000000, 0x0000000100000000)
  region size 1024K, 29 young (29696K), 4 survivors (4096K)
 Metaspace       used 113639K, capacity 116498K, committed 116812K, reserved 1150976K
  class space    used 13896K, capacity 14901K, committed 14976K, reserved 1048576K
}
Event: 368.662 GC heap after
{Heap after GC invocations=70 (full 0):
 garbage-first heap   total 381952K, used 177872K [0x0000000080000000, 0x0000000100000000)
  region size 1024K, 1 young (1024K), 1 survivors (1024K)
 Metaspace       used 113639K, capacity 116498K, committed 116812K, reserved 1150976K
  class space    used 13896K, capacity 14901K, committed 14976K, reserved 1048576K
}
Event: 371.204 GC heap before
{Heap before GC invocations=71 (full 0):
 garbage-first heap   total 381952K, used 234192K [0x0000000080000000, 0x0000000100000000)
  region size 1024K, 86 young (88064K), 1 survivors (1024K)
 Metaspace       used 114859K, capacity 117822K, committed 118092K, reserved 1153024K
  class space    used 14036K, capacity 15098K, committed 15232K, reserved 1048576K
}
Event: 371.218 GC heap after
{Heap after GC invocations=72 (full 0):
 garbage-first heap   total 381952K, used 150995K [0x0000000080000000, 0x0000000100000000)
  region size 1024K, 5 young (5120K), 5 survivors (5120K)
 Metaspace       used 114859K, capacity 117822K, committed 118092K, reserved 1153024K
  class space    used 14036K, capacity 15098K, committed 15232K, reserved 1048576K
}
Event: 371.896 GC heap before
{Heap before GC invocations=72 (full 0):
 garbage-first heap   total 381952K, used 163283K [0x0000000080000000, 0x0000000100000000)
  region size 1024K, 18 young (18432K), 5 survivors (5120K)
 Metaspace       used 115134K, capacity 118047K, committed 118348K, reserved 1153024K
  class space    used 14064K, capacity 15105K, committed 15232K, reserved 1048576K
}
Event: 371.958 GC heap after
{Heap after GC invocations=73 (full 0):
 garbage-first heap   total 381952K, used 126636K [0x0000000080000000, 0x0000000100000000)
  region size 1024K, 2 young (2048K), 2 survivors (2048K)
 Metaspace       used 115134K, capacity 118047K, committed 118348K, reserved 1153024K
  class space    used 14064K, capacity 15105K, committed 15232K, reserved 1048576K
}
Event: 373.928 GC heap before
{Heap before GC invocations=73 (full 0):
 garbage-first heap   total 381952K, used 248492K [0x0000000080000000, 0x0000000100000000)
  region size 1024K, 122 young (124928K), 2 survivors (2048K)
 Metaspace       used 118790K, capacity 121714K, committed 121804K, reserved 1155072K
  class space    used 14554K, capacity 15600K, committed 15616K, reserved 1048576K
}
Event: 373.944 GC heap after
{Heap after GC invocations=74 (full 0):
 garbage-first heap   total 381952K, used 132845K [0x0000000080000000, 0x0000000100000000)
  region size 1024K, 8 young (8192K), 8 survivors (8192K)
 Metaspace       used 118790K, capacity 121714K, committed 121804K, reserved 1155072K
  class space    used 14554K, capacity 15600K, committed 15616K, reserved 1048576K
}
Event: 375.363 GC heap before
{Heap before GC invocations=74 (full 0):
 garbage-first heap   total 381952K, used 272109K [0x0000000080000000, 0x0000000100000000)
  region size 1024K, 145 young (148480K), 8 survivors (8192K)
 Metaspace       used 121206K, capacity 124233K, committed 124492K, reserved 1157120K
  class space    used 14865K, capacity 15956K, committed 16000K, reserved 1048576K
}
Event: 375.496 GC heap after
{Heap after GC invocations=75 (full 0):
 garbage-first heap   total 381952K, used 150622K [0x0000000080000000, 0x0000000100000000)
  region size 1024K, 19 young (19456K), 19 survivors (19456K)
 Metaspace       used 121206K, capacity 124233K, committed 124492K, reserved 1157120K
  class space    used 14865K, capacity 15956K, committed 16000K, reserved 1048576K
}
Event: 376.676 GC heap before
{Heap before GC invocations=75 (full 0):
 garbage-first heap   total 381952K, used 286814K [0x0000000080000000, 0x0000000100000000)
  region size 1024K, 153 young (156672K), 19 survivors (19456K)
 Metaspace       used 124600K, capacity 127775K, committed 127948K, reserved 1161216K
  class space    used 15367K, capacity 16518K, committed 16640K, reserved 1048576K
}
Event: 376.776 GC heap after
{Heap after GC invocations=76 (full 0):
 garbage-first heap   total 381952K, used 163892K [0x0000000080000000, 0x0000000100000000)
  region size 1024K, 16 young (16384K), 16 survivors (16384K)
 Metaspace       used 124600K, capacity 127775K, committed 127948K, reserved 1161216K
  class space    used 15367K, capacity 16518K, committed 16640K, reserved 1048576K
}
Event: 378.538 GC heap before
{Heap before GC invocations=76 (full 0):
 garbage-first heap   total 381952K, used 243764K [0x0000000080000000, 0x0000000100000000)
  region size 1024K, 65 young (66560K), 16 survivors (16384K)
 Metaspace       used 126399K, capacity 129695K, committed 129996K, reserved 1163264K
  class space    used 15630K, capacity 16846K, committed 16896K, reserved 1048576K
}

