# JRE version: OpenJDK Runtime Environment (11.0.8+10) (build 11.0.8+10-b944.6842174)
# Java VM: OpenJDK 64-Bit Server VM (11.0.8+10-b944.6842174, mixed mode, tiered, compressed oops, g1 gc, windows-amd64)
Heap:
 garbage-first heap   total 301056K, used 123214K [0x0000000080000000, 0x0000000100000000)
  region size 1024K, 3 young (3072K), 3 survivors (3072K)
 Metaspace       used 92349K, capacity 95039K, committed 95232K, reserved 1130496K
  class space    used 12224K, capacity 13277K, committed 13312K, reserved 1048576K
GC Heap History (20 events):
Event: 9.030 GC heap after
{Heap after GC invocations=21 (full 0):
 garbage-first heap   total 143360K, used 56899K [0x0000000080000000, 0x0000000100000000)
  region size 1024K, 8 young (8192K), 8 survivors (8192K)
 Metaspace       used 73443K, capacity 75229K, committed 75392K, reserved 1114112K
  class space    used 9589K, capacity 10257K, committed 10368K, reserved 1048576K
}
Event: 9.630 GC heap before
{Heap before GC invocations=21 (full 0):
 garbage-first heap   total 143360K, used 107075K [0x0000000080000000, 0x0000000100000000)
  region size 1024K, 58 young (59392K), 8 survivors (8192K)
 Metaspace       used 75768K, capacity 77758K, committed 78080K, reserved 1116160K
  class space    used 9932K, capacity 10653K, committed 10752K, reserved 1048576K
}
Event: 9.640 GC heap after
{Heap after GC invocations=22 (full 0):
 garbage-first heap   total 143360K, used 60657K [0x0000000080000000, 0x0000000100000000)
  region size 1024K, 8 young (8192K), 8 survivors (8192K)
 Metaspace       used 75768K, capacity 77758K, committed 78080K, reserved 1116160K
  class space    used 9932K, capacity 10653K, committed 10752K, reserved 1048576K
}
Event: 10.118 GC heap before
{Heap before GC invocations=22 (full 0):
 garbage-first heap   total 143360K, used 109809K [0x0000000080000000, 0x0000000100000000)
  region size 1024K, 57 young (58368K), 8 survivors (8192K)
 Metaspace       used 76396K, capacity 78439K, committed 78592K, reserved 1118208K
  class space    used 9978K, capacity 10718K, committed 10752K, reserved 1048576K
}
Event: 10.142 GC heap after
{Heap after GC invocations=23 (full 0):
 garbage-first heap   total 172032K, used 63356K [0x0000000080000000, 0x0000000100000000)
  region size 1024K, 7 young (7168K), 7 survivors (7168K)
 Metaspace       used 76396K, capacity 78439K, committed 78592K, reserved 1118208K
  class space    used 9978K, capacity 10718K, committed 10752K, reserved 1048576K
}
Event: 10.928 GC heap before
{Heap before GC invocations=23 (full 0):
 garbage-first heap   total 172032K, used 127868K [0x0000000080000000, 0x0000000100000000)
  region size 1024K, 71 young (72704K), 7 survivors (7168K)
 Metaspace       used 81027K, capacity 83109K, committed 83200K, reserved 1122304K
  class space    used 10533K, capacity 11261K, committed 11264K, reserved 1048576K
}
Event: 10.939 GC heap after
{Heap after GC invocations=24 (full 0):
 garbage-first heap   total 172032K, used 66137K [0x0000000080000000, 0x0000000100000000)
  region size 1024K, 6 young (6144K), 6 survivors (6144K)
 Metaspace       used 81027K, capacity 83109K, committed 83200K, reserved 1122304K
  class space    used 10533K, capacity 11261K, committed 11264K, reserved 1048576K
}
Event: 11.360 GC heap before
{Heap before GC invocations=24 (full 0):
 garbage-first heap   total 172032K, used 133721K [0x0000000080000000, 0x0000000100000000)
  region size 1024K, 74 young (75776K), 6 survivors (6144K)
 Metaspace       used 82463K, capacity 84653K, committed 84864K, reserved 1122304K
  class space    used 10758K, capacity 11593K, committed 11648K, reserved 1048576K
}
Event: 11.369 GC heap after
{Heap after GC invocations=25 (full 0):
 garbage-first heap   total 172032K, used 70247K [0x0000000080000000, 0x0000000100000000)
  region size 1024K, 10 young (10240K), 10 survivors (10240K)
 Metaspace       used 82463K, capacity 84653K, committed 84864K, reserved 1122304K
  class space    used 10758K, capacity 11593K, committed 11648K, reserved 1048576K
}
Event: 11.577 GC heap before
{Heap before GC invocations=25 (full 0):
 garbage-first heap   total 172032K, used 136807K [0x0000000080000000, 0x0000000100000000)
  region size 1024K, 76 young (77824K), 10 survivors (10240K)
 Metaspace       used 83854K, capacity 86160K, committed 86400K, reserved 1124352K
  class space    used 10973K, capacity 11846K, committed 11904K, reserved 1048576K
}
Event: 11.599 GC heap after
{Heap after GC invocations=26 (full 0):
 garbage-first heap   total 172032K, used 85405K [0x0000000080000000, 0x0000000100000000)
  region size 1024K, 10 young (10240K), 10 survivors (10240K)
 Metaspace       used 83854K, capacity 86160K, committed 86400K, reserved 1124352K
  class space    used 10973K, capacity 11846K, committed 11904K, reserved 1048576K
}
Event: 11.883 GC heap before
{Heap before GC invocations=26 (full 0):
 garbage-first heap   total 172032K, used 134557K [0x0000000080000000, 0x0000000100000000)
  region size 1024K, 58 young (59392K), 10 survivors (10240K)
 Metaspace       used 87044K, capacity 89500K, committed 89728K, reserved 1126400K
  class space    used 11440K, capacity 12376K, committed 12416K, reserved 1048576K
}
Event: 11.905 GC heap after
{Heap after GC invocations=27 (full 0):
 garbage-first heap   total 217088K, used 92985K [0x0000000080000000, 0x0000000100000000)
  region size 1024K, 8 young (8192K), 8 survivors (8192K)
 Metaspace       used 87044K, capacity 89500K, committed 89728K, reserved 1126400K
  class space    used 11440K, capacity 12376K, committed 12416K, reserved 1048576K
}
Event: 12.265 GC heap before
{Heap before GC invocations=27 (full 0):
 garbage-first heap   total 217088K, used 160569K [0x0000000080000000, 0x0000000100000000)
  region size 1024K, 75 young (76800K), 8 survivors (8192K)
 Metaspace       used 89483K, capacity 92069K, committed 92288K, reserved 1128448K
  class space    used 11827K, capacity 12823K, committed 12928K, reserved 1048576K
}
Event: 12.294 GC heap after
{Heap after GC invocations=28 (full 0):
 garbage-first heap   total 217088K, used 106496K [0x0000000080000000, 0x0000000100000000)
  region size 1024K, 10 young (10240K), 10 survivors (10240K)
 Metaspace       used 89483K, capacity 92069K, committed 92288K, reserved 1128448K
  class space    used 11827K, capacity 12823K, committed 12928K, reserved 1048576K
}
Event: 12.593 GC heap before
{Heap before GC invocations=28 (full 0):
 garbage-first heap   total 217088K, used 165888K [0x0000000080000000, 0x0000000100000000)
  region size 1024K, 68 young (69632K), 10 survivors (10240K)
 Metaspace       used 91411K, capacity 94077K, committed 94336K, reserved 1130496K
  class space    used 12115K, capacity 13171K, committed 13184K, reserved 1048576K
}
Event: 12.615 GC heap after
{Heap after GC invocations=29 (full 0):
 garbage-first heap   total 217088K, used 115625K [0x0000000080000000, 0x0000000100000000)
  region size 1024K, 8 young (8192K), 8 survivors (8192K)
 Metaspace       used 91411K, capacity 94077K, committed 94336K, reserved 1130496K
  class space    used 12115K, capacity 13171K, committed 13184K, reserved 1048576K
}
Event: 12.740 GC heap before
{Heap before GC invocations=29 (full 0):
 garbage-first heap   total 217088K, used 170921K [0x0000000080000000, 0x0000000100000000)
  region size 1024K, 62 young (63488K), 8 survivors (8192K)
 Metaspace       used 91946K, capacity 94626K, committed 94720K, reserved 1130496K
  class space    used 12182K, capacity 13225K, committed 13312K, reserved 1048576K
}
Event: 12.759 GC heap after
{Heap after GC invocations=30 (full 0):
 garbage-first heap   total 217088K, used 120314K [0x0000000080000000, 0x0000000100000000)
  region size 1024K, 5 young (5120K), 5 survivors (5120K)
 Metaspace       used 91946K, capacity 94626K, committed 94720K, reserved 1130496K
  class space    used 12182K, capacity 13225K, committed 13312K, reserved 1048576K
}
Event: 12.972 GC heap before
{Heap before GC invocations=30 (full 0):
 garbage-first heap   total 217088K, used 173562K [0x0000000080000000, 0x0000000100000000)
  region size 1024K, 58 young (59392K), 5 survivors (5120K)
 Metaspace       used 92349K, capacity 95039K, committed 95232K, reserved 1130496K
  class space    used 12224K, capacity 13277K, committed 13312K, reserved 1048576K
}

