# JRE version: OpenJDK Runtime Environment (11.0.10) (build 11.0.10+0-b96-7249189)
# Java VM: OpenJDK 64-Bit Server VM (11.0.10+0-b96-7249189, mixed mode, tiered, compressed oops, g1 gc, windows-amd64)
Heap:
 garbage-first heap   total 513024K, used 140383K [0x0000000080000000, 0x0000000100000000)
  region size 1024K, 8 young (8192K), 8 survivors (8192K)
 Metaspace       used 107836K, capacity 110373K, committed 111488K, reserved 1146880K
  class space    used 13155K, capacity 14055K, committed 14464K, reserved 1048576K
GC Heap History (20 events):
Event: 1924.531 GC heap after
{Heap after GC invocations=75 (full 0):
 garbage-first heap   total 206848K, used 164547K [0x0000000080000000, 0x0000000100000000)
  region size 1024K, 3 young (3072K), 3 survivors (3072K)
 Metaspace       used 103841K, capacity 106791K, committed 107008K, reserved 1142784K
  class space    used 12972K, capacity 13992K, committed 14080K, reserved 1048576K
}
Event: 1924.627 GC heap before
{Heap before GC invocations=75 (full 0):
 garbage-first heap   total 206848K, used 176835K [0x0000000080000000, 0x0000000100000000)
  region size 1024K, 16 young (16384K), 3 survivors (3072K)
 Metaspace       used 103841K, capacity 106791K, committed 107008K, reserved 1142784K
  class space    used 12972K, capacity 13992K, committed 14080K, reserved 1048576K
}
Event: 1924.632 GC heap after
{Heap after GC invocations=76 (full 0):
 garbage-first heap   total 206848K, used 167520K [0x0000000080000000, 0x0000000100000000)
  region size 1024K, 2 young (2048K), 2 survivors (2048K)
 Metaspace       used 103841K, capacity 106791K, committed 107008K, reserved 1142784K
  class space    used 12972K, capacity 13992K, committed 14080K, reserved 1048576K
}
Event: 1924.732 GC heap before
{Heap before GC invocations=76 (full 0):
 garbage-first heap   total 206848K, used 178784K [0x0000000080000000, 0x0000000100000000)
  region size 1024K, 13 young (13312K), 2 survivors (2048K)
 Metaspace       used 103841K, capacity 106791K, committed 107008K, reserved 1142784K
  class space    used 12972K, capacity 13992K, committed 14080K, reserved 1048576K
}
Event: 1924.738 GC heap after
{Heap after GC invocations=77 (full 0):
 garbage-first heap   total 206848K, used 169862K [0x0000000080000000, 0x0000000100000000)
  region size 1024K, 2 young (2048K), 2 survivors (2048K)
 Metaspace       used 103841K, capacity 106791K, committed 107008K, reserved 1142784K
  class space    used 12972K, capacity 13992K, committed 14080K, reserved 1048576K
}
Event: 1924.869 GC heap before
{Heap before GC invocations=78 (full 0):
 garbage-first heap   total 206848K, used 162694K [0x0000000080000000, 0x0000000100000000)
  region size 1024K, 11 young (11264K), 2 survivors (2048K)
 Metaspace       used 103036K, capacity 105551K, committed 107008K, reserved 1142784K
  class space    used 12807K, capacity 13678K, committed 14080K, reserved 1048576K
}
Event: 1924.874 GC heap after
{Heap after GC invocations=79 (full 0):
 garbage-first heap   total 206848K, used 150374K [0x0000000080000000, 0x0000000100000000)
  region size 1024K, 2 young (2048K), 2 survivors (2048K)
 Metaspace       used 103036K, capacity 105551K, committed 107008K, reserved 1142784K
  class space    used 12807K, capacity 13678K, committed 14080K, reserved 1048576K
}
Event: 1924.938 GC heap before
{Heap before GC invocations=79 (full 0):
 garbage-first heap   total 206848K, used 157542K [0x0000000080000000, 0x0000000100000000)
  region size 1024K, 10 young (10240K), 2 survivors (2048K)
 Metaspace       used 103083K, capacity 105554K, committed 107008K, reserved 1142784K
  class space    used 12811K, capacity 13679K, committed 14080K, reserved 1048576K
}
Event: 1924.950 GC heap after
{Heap after GC invocations=80 (full 0):
 garbage-first heap   total 206848K, used 133752K [0x0000000080000000, 0x0000000100000000)
  region size 1024K, 1 young (1024K), 1 survivors (1024K)
 Metaspace       used 103083K, capacity 105554K, committed 107008K, reserved 1142784K
  class space    used 12811K, capacity 13679K, committed 14080K, reserved 1048576K
}
Event: 1925.087 GC heap before
{Heap before GC invocations=80 (full 0):
 garbage-first heap   total 206848K, used 142968K [0x0000000080000000, 0x0000000100000000)
  region size 1024K, 10 young (10240K), 1 survivors (1024K)
 Metaspace       used 103248K, capacity 105714K, committed 107008K, reserved 1142784K
  class space    used 12822K, capacity 13711K, committed 14080K, reserved 1048576K
}
Event: 1925.106 GC heap after
{Heap after GC invocations=81 (full 0):
 garbage-first heap   total 206848K, used 126371K [0x0000000080000000, 0x0000000100000000)
  region size 1024K, 2 young (2048K), 2 survivors (2048K)
 Metaspace       used 103248K, capacity 105714K, committed 107008K, reserved 1142784K
  class space    used 12822K, capacity 13711K, committed 14080K, reserved 1048576K
}
Event: 1925.257 GC heap before
{Heap before GC invocations=81 (full 0):
 garbage-first heap   total 206848K, used 141731K [0x0000000080000000, 0x0000000100000000)
  region size 1024K, 10 young (10240K), 2 survivors (2048K)
 Metaspace       used 103278K, capacity 105778K, committed 107008K, reserved 1142784K
  class space    used 12824K, capacity 13711K, committed 14080K, reserved 1048576K
}
Event: 1925.275 GC heap after
{Heap after GC invocations=82 (full 0):
 garbage-first heap   total 324608K, used 125650K [0x0000000080000000, 0x0000000100000000)
  region size 1024K, 2 young (2048K), 2 survivors (2048K)
 Metaspace       used 103278K, capacity 105778K, committed 107008K, reserved 1142784K
  class space    used 12824K, capacity 13711K, committed 14080K, reserved 1048576K
}
Event: 1926.037 GC heap before
{Heap before GC invocations=82 (full 0):
 garbage-first heap   total 324608K, used 206546K [0x0000000080000000, 0x0000000100000000)
  region size 1024K, 65 young (66560K), 2 survivors (2048K)
 Metaspace       used 104880K, capacity 107346K, committed 108672K, reserved 1144832K
  class space    used 12944K, capacity 13820K, committed 14208K, reserved 1048576K
}
Event: 1926.052 GC heap after
{Heap after GC invocations=83 (full 0):
 garbage-first heap   total 324608K, used 132761K [0x0000000080000000, 0x0000000100000000)
  region size 1024K, 9 young (9216K), 9 survivors (9216K)
 Metaspace       used 104880K, capacity 107346K, committed 108672K, reserved 1144832K
  class space    used 12944K, capacity 13820K, committed 14208K, reserved 1048576K
}
Event: 1926.381 GC heap before
{Heap before GC invocations=83 (full 0):
 garbage-first heap   total 324608K, used 200345K [0x0000000080000000, 0x0000000100000000)
  region size 1024K, 75 young (76800K), 9 survivors (9216K)
 Metaspace       used 107195K, capacity 109714K, committed 110848K, reserved 1146880K
  class space    used 13123K, capacity 14012K, committed 14336K, reserved 1048576K
}
Event: 1926.394 GC heap after
{Heap after GC invocations=84 (full 0):
 garbage-first heap   total 324608K, used 135739K [0x0000000080000000, 0x0000000100000000)
  region size 1024K, 4 young (4096K), 4 survivors (4096K)
 Metaspace       used 107195K, capacity 109714K, committed 110848K, reserved 1146880K
  class space    used 13123K, capacity 14012K, committed 14336K, reserved 1048576K
}
Event: 1926.918 GC heap before
{Heap before GC invocations=84 (full 0):
 garbage-first heap   total 324608K, used 207419K [0x0000000080000000, 0x0000000100000000)
  region size 1024K, 75 young (76800K), 4 survivors (4096K)
 Metaspace       used 107754K, capacity 110273K, committed 111488K, reserved 1146880K
  class space    used 13148K, capacity 14049K, committed 14464K, reserved 1048576K
}
Event: 1926.925 GC heap after
{Heap after GC invocations=85 (full 0):
 garbage-first heap   total 324608K, used 136622K [0x0000000080000000, 0x0000000100000000)
  region size 1024K, 5 young (5120K), 5 survivors (5120K)
 Metaspace       used 107754K, capacity 110273K, committed 111488K, reserved 1146880K
  class space    used 13148K, capacity 14049K, committed 14464K, reserved 1048576K
}
Event: 1927.556 GC heap before
{Heap before GC invocations=85 (full 0):
 garbage-first heap   total 324608K, used 225710K [0x0000000080000000, 0x0000000100000000)
  region size 1024K, 92 young (94208K), 5 survivors (5120K)
 Metaspace       used 107836K, capacity 110373K, committed 111488K, reserved 1146880K
  class space    used 13155K, capacity 14055K, committed 14464K, reserved 1048576K
}

