# JRE version: OpenJDK Runtime Environment (11.0.10) (build 11.0.10+0-b96-7249189)
# Java VM: OpenJDK 64-Bit Server VM (11.0.10+0-b96-7249189, mixed mode, tiered, compressed oops, g1 gc, windows-amd64)
Heap:
 garbage-first heap   total 267264K, used 125153K [0x0000000080000000, 0x0000000100000000)
  region size 1024K, 16 young (16384K), 7 survivors (7168K)
 Metaspace       used 119366K, capacity 122957K, committed 123008K, reserved 1155072K
  class space    used 15152K, capacity 16498K, committed 16512K, reserved 1048576K
GC Heap History (20 events):
Event: 343.825 GC heap before
{Heap before GC invocations=103 (full 0):
 garbage-first heap   total 222208K, used 164274K [0x0000000080000000, 0x0000000100000000)
  region size 1024K, 73 young (74752K), 9 survivors (9216K)
 Metaspace       used 97678K, capacity 100212K, committed 100352K, reserved 1136640K
  class space    used 12140K, capacity 13023K, committed 13056K, reserved 1048576K
}
Event: 343.841 GC heap after
{Heap after GC invocations=104 (full 0):
 garbage-first heap   total 222208K, used 106285K [0x0000000080000000, 0x0000000100000000)
  region size 1024K, 10 young (10240K), 10 survivors (10240K)
 Metaspace       used 97678K, capacity 100212K, committed 100352K, reserved 1136640K
  class space    used 12140K, capacity 13023K, committed 13056K, reserved 1048576K
}
Event: 344.728 GC heap before
{Heap before GC invocations=104 (full 0):
 garbage-first heap   total 222208K, used 137005K [0x0000000080000000, 0x0000000100000000)
  region size 1024K, 42 young (43008K), 10 survivors (10240K)
 Metaspace       used 104001K, capacity 106518K, committed 106624K, reserved 1142784K
  class space    used 12937K, capacity 13847K, committed 13952K, reserved 1048576K
}
Event: 344.753 GC heap after
{Heap after GC invocations=105 (full 0):
 garbage-first heap   total 267264K, used 108714K [0x0000000080000000, 0x0000000100000000)
  region size 1024K, 3 young (3072K), 3 survivors (3072K)
 Metaspace       used 104001K, capacity 106518K, committed 106624K, reserved 1142784K
  class space    used 12937K, capacity 13847K, committed 13952K, reserved 1048576K
}
Event: 346.625 GC heap before
{Heap before GC invocations=106 (full 0):
 garbage-first heap   total 267264K, used 186538K [0x0000000080000000, 0x0000000100000000)
  region size 1024K, 78 young (79872K), 3 survivors (3072K)
 Metaspace       used 107860K, capacity 110615K, committed 110848K, reserved 1146880K
  class space    used 13385K, capacity 14321K, committed 14336K, reserved 1048576K
}
Event: 346.630 GC heap after
{Heap after GC invocations=107 (full 0):
 garbage-first heap   total 267264K, used 112007K [0x0000000080000000, 0x0000000100000000)
  region size 1024K, 5 young (5120K), 5 survivors (5120K)
 Metaspace       used 107860K, capacity 110615K, committed 110848K, reserved 1146880K
  class space    used 13385K, capacity 14321K, committed 14336K, reserved 1048576K
}
Event: 347.541 GC heap before
{Heap before GC invocations=107 (full 0):
 garbage-first heap   total 267264K, used 167303K [0x0000000080000000, 0x0000000100000000)
  region size 1024K, 61 young (62464K), 5 survivors (5120K)
 Metaspace       used 118027K, capacity 121501K, committed 121600K, reserved 1155072K
  class space    used 15067K, capacity 16367K, committed 16384K, reserved 1048576K
}
Event: 347.548 GC heap after
{Heap after GC invocations=108 (full 0):
 garbage-first heap   total 267264K, used 110384K [0x0000000080000000, 0x0000000100000000)
  region size 1024K, 5 young (5120K), 5 survivors (5120K)
 Metaspace       used 118027K, capacity 121501K, committed 121600K, reserved 1155072K
  class space    used 15067K, capacity 16367K, committed 16384K, reserved 1048576K
}
Event: 623.917 GC heap before
{Heap before GC invocations=109 (full 0):
 garbage-first heap   total 267264K, used 223024K [0x0000000080000000, 0x0000000100000000)
  region size 1024K, 92 young (94208K), 5 survivors (5120K)
 Metaspace       used 118517K, capacity 122100K, committed 122240K, reserved 1155072K
  class space    used 15129K, capacity 16460K, committed 16512K, reserved 1048576K
}
Event: 623.986 GC heap after
{Heap after GC invocations=110 (full 0):
 garbage-first heap   total 267264K, used 114779K [0x0000000080000000, 0x0000000100000000)
  region size 1024K, 9 young (9216K), 9 survivors (9216K)
 Metaspace       used 118517K, capacity 122100K, committed 122240K, reserved 1155072K
  class space    used 15129K, capacity 16460K, committed 16512K, reserved 1048576K
}
Event: 624.922 GC heap before
{Heap before GC invocations=110 (full 0):
 garbage-first heap   total 267264K, used 189531K [0x0000000080000000, 0x0000000100000000)
  region size 1024K, 84 young (86016K), 9 survivors (9216K)
 Metaspace       used 118692K, capacity 122267K, committed 122496K, reserved 1155072K
  class space    used 15136K, capacity 16473K, committed 16512K, reserved 1048576K
}
Event: 624.968 GC heap after
{Heap after GC invocations=111 (full 0):
 garbage-first heap   total 267264K, used 117998K [0x0000000080000000, 0x0000000100000000)
  region size 1024K, 9 young (9216K), 9 survivors (9216K)
 Metaspace       used 118692K, capacity 122267K, committed 122496K, reserved 1155072K
  class space    used 15136K, capacity 16473K, committed 16512K, reserved 1048576K
}
Event: 626.717 GC heap before
{Heap before GC invocations=112 (full 0):
 garbage-first heap   total 267264K, used 209134K [0x0000000080000000, 0x0000000100000000)
  region size 1024K, 97 young (99328K), 9 survivors (9216K)
 Metaspace       used 118973K, capacity 122602K, committed 122752K, reserved 1155072K
  class space    used 15136K, capacity 16474K, committed 16512K, reserved 1048576K
}
Event: 626.741 GC heap after
{Heap after GC invocations=113 (full 0):
 garbage-first heap   total 267264K, used 122353K [0x0000000080000000, 0x0000000100000000)
  region size 1024K, 6 young (6144K), 6 survivors (6144K)
 Metaspace       used 118973K, capacity 122602K, committed 122752K, reserved 1155072K
  class space    used 15136K, capacity 16474K, committed 16512K, reserved 1048576K
}
Event: 626.766 GC heap before
{Heap before GC invocations=113 (full 0):
 garbage-first heap   total 267264K, used 128497K [0x0000000080000000, 0x0000000100000000)
  region size 1024K, 13 young (13312K), 6 survivors (6144K)
 Metaspace       used 118975K, capacity 122602K, committed 122752K, reserved 1155072K
  class space    used 15136K, capacity 16474K, committed 16512K, reserved 1048576K
}
Event: 626.790 GC heap after
{Heap after GC invocations=114 (full 0):
 garbage-first heap   total 267264K, used 110837K [0x0000000080000000, 0x0000000100000000)
  region size 1024K, 1 young (1024K), 1 survivors (1024K)
 Metaspace       used 118975K, capacity 122602K, committed 122752K, reserved 1155072K
  class space    used 15136K, capacity 16474K, committed 16512K, reserved 1048576K
}
Event: 1102.745 GC heap before
{Heap before GC invocations=114 (full 0):
 garbage-first heap   total 267264K, used 226549K [0x0000000080000000, 0x0000000100000000)
  region size 1024K, 92 young (94208K), 1 survivors (1024K)
 Metaspace       used 119229K, capacity 122884K, committed 123008K, reserved 1155072K
  class space    used 15149K, capacity 16496K, committed 16512K, reserved 1048576K
}
Event: 1102.823 GC heap after
{Heap after GC invocations=115 (full 0):
 garbage-first heap   total 267264K, used 111912K [0x0000000080000000, 0x0000000100000000)
  region size 1024K, 3 young (3072K), 3 survivors (3072K)
 Metaspace       used 119229K, capacity 122884K, committed 123008K, reserved 1155072K
  class space    used 15149K, capacity 16496K, committed 16512K, reserved 1048576K
}
Event: 1105.591 GC heap before
{Heap before GC invocations=115 (full 0):
 garbage-first heap   total 267264K, used 213288K [0x0000000080000000, 0x0000000100000000)
  region size 1024K, 103 young (105472K), 3 survivors (3072K)
 Metaspace       used 119361K, capacity 122949K, committed 123008K, reserved 1155072K
  class space    used 15151K, capacity 16496K, committed 16512K, reserved 1048576K
}
Event: 1105.612 GC heap after
{Heap after GC invocations=116 (full 0):
 garbage-first heap   total 267264K, used 116961K [0x0000000080000000, 0x0000000100000000)
  region size 1024K, 7 young (7168K), 7 survivors (7168K)
 Metaspace       used 119361K, capacity 122949K, committed 123008K, reserved 1155072K
  class space    used 15151K, capacity 16496K, committed 16512K, reserved 1048576K
}

