# JRE version: OpenJDK Runtime Environment (11.0.10) (build 11.0.10+0-b96-7249189)
# Java VM: OpenJDK 64-Bit Server VM (11.0.10+0-b96-7249189, mixed mode, tiered, compressed oops, g1 gc, windows-amd64)
Heap:
 garbage-first heap   total 172032K, used 70625K [0x0000000080000000, 0x0000000100000000)
  region size 1024K, 6 young (6144K), 6 survivors (6144K)
 Metaspace       used 77595K, capacity 79663K, committed 79744K, reserved 1118208K
  class space    used 10068K, capacity 10811K, committed 10880K, reserved 1048576K
GC Heap History (20 events):
Event: 7.048 GC heap after
{Heap after GC invocations=13 (full 0):
 garbage-first heap   total 118784K, used 42411K [0x0000000080000000, 0x0000000100000000)
  region size 1024K, 5 young (5120K), 5 survivors (5120K)
 Metaspace       used 55995K, capacity 57367K, committed 57600K, reserved 1099776K
  class space    used 7127K, capacity 7641K, committed 7680K, reserved 1048576K
}
Event: 7.381 GC heap before
{Heap before GC invocations=13 (full 0):
 garbage-first heap   total 118784K, used 70059K [0x0000000080000000, 0x0000000100000000)
  region size 1024K, 32 young (32768K), 5 survivors (5120K)
 Metaspace       used 58609K, capacity 59997K, committed 60160K, reserved 1101824K
  class space    used 7432K, capacity 7951K, committed 8064K, reserved 1048576K
}
Event: 7.389 GC heap after
{Heap after GC invocations=14 (full 0):
 garbage-first heap   total 118784K, used 44759K [0x0000000080000000, 0x0000000100000000)
  region size 1024K, 3 young (3072K), 3 survivors (3072K)
 Metaspace       used 58609K, capacity 59997K, committed 60160K, reserved 1101824K
  class space    used 7432K, capacity 7951K, committed 8064K, reserved 1048576K
}
Event: 7.700 GC heap before
{Heap before GC invocations=15 (full 0):
 garbage-first heap   total 118784K, used 83671K [0x0000000080000000, 0x0000000100000000)
  region size 1024K, 41 young (41984K), 3 survivors (3072K)
 Metaspace       used 59839K, capacity 61314K, committed 61440K, reserved 1101824K
  class space    used 7608K, capacity 8173K, committed 8192K, reserved 1048576K
}
Event: 7.704 GC heap after
{Heap after GC invocations=16 (full 0):
 garbage-first heap   total 118784K, used 47226K [0x0000000080000000, 0x0000000100000000)
  region size 1024K, 6 young (6144K), 6 survivors (6144K)
 Metaspace       used 59839K, capacity 61314K, committed 61440K, reserved 1101824K
  class space    used 7608K, capacity 8173K, committed 8192K, reserved 1048576K
}
Event: 8.295 GC heap before
{Heap before GC invocations=16 (full 0):
 garbage-first heap   total 118784K, used 86138K [0x0000000080000000, 0x0000000100000000)
  region size 1024K, 44 young (45056K), 6 survivors (6144K)
 Metaspace       used 64567K, capacity 66037K, committed 66304K, reserved 1105920K
  class space    used 8389K, capacity 8932K, committed 8960K, reserved 1048576K
}
Event: 8.303 GC heap after
{Heap after GC invocations=17 (full 0):
 garbage-first heap   total 118784K, used 49322K [0x0000000080000000, 0x0000000100000000)
  region size 1024K, 3 young (3072K), 3 survivors (3072K)
 Metaspace       used 64567K, capacity 66037K, committed 66304K, reserved 1105920K
  class space    used 8389K, capacity 8932K, committed 8960K, reserved 1048576K
}
Event: 8.620 GC heap before
{Heap before GC invocations=17 (full 0):
 garbage-first heap   total 118784K, used 89258K [0x0000000080000000, 0x0000000100000000)
  region size 1024K, 42 young (43008K), 3 survivors (3072K)
 Metaspace       used 66292K, capacity 67841K, committed 67968K, reserved 1107968K
  class space    used 8660K, capacity 9249K, committed 9344K, reserved 1048576K
}
Event: 8.625 GC heap after
{Heap after GC invocations=18 (full 0):
 garbage-first heap   total 118784K, used 52693K [0x0000000080000000, 0x0000000100000000)
  region size 1024K, 6 young (6144K), 6 survivors (6144K)
 Metaspace       used 66292K, capacity 67841K, committed 67968K, reserved 1107968K
  class space    used 8660K, capacity 9249K, committed 9344K, reserved 1048576K
}
Event: 9.132 GC heap before
{Heap before GC invocations=18 (full 0):
 garbage-first heap   total 118784K, used 91605K [0x0000000080000000, 0x0000000100000000)
  region size 1024K, 44 young (45056K), 6 survivors (6144K)
 Metaspace       used 69957K, capacity 71645K, committed 71808K, reserved 1112064K
  class space    used 9222K, capacity 9841K, committed 9856K, reserved 1048576K
}
Event: 9.139 GC heap after
{Heap after GC invocations=19 (full 0):
 garbage-first heap   total 118784K, used 54929K [0x0000000080000000, 0x0000000100000000)
  region size 1024K, 3 young (3072K), 3 survivors (3072K)
 Metaspace       used 69957K, capacity 71645K, committed 71808K, reserved 1112064K
  class space    used 9222K, capacity 9841K, committed 9856K, reserved 1048576K
}
Event: 9.691 GC heap before
{Heap before GC invocations=19 (full 0):
 garbage-first heap   total 118784K, used 91793K [0x0000000080000000, 0x0000000100000000)
  region size 1024K, 40 young (40960K), 3 survivors (3072K)
 Metaspace       used 74495K, capacity 76310K, committed 76544K, reserved 1116160K
  class space    used 9758K, capacity 10397K, committed 10496K, reserved 1048576K
}
Event: 9.699 GC heap after
{Heap after GC invocations=20 (full 0):
 garbage-first heap   total 143360K, used 58368K [0x0000000080000000, 0x0000000100000000)
  region size 1024K, 5 young (5120K), 5 survivors (5120K)
 Metaspace       used 74495K, capacity 76310K, committed 76544K, reserved 1116160K
  class space    used 9758K, capacity 10397K, committed 10496K, reserved 1048576K
}
Event: 10.476 GC heap before
{Heap before GC invocations=20 (full 0):
 garbage-first heap   total 143360K, used 107520K [0x0000000080000000, 0x0000000100000000)
  region size 1024K, 54 young (55296K), 5 survivors (5120K)
 Metaspace       used 76380K, capacity 78423K, committed 78592K, reserved 1118208K
  class space    used 10010K, capacity 10719K, committed 10752K, reserved 1048576K
}
Event: 10.484 GC heap after
{Heap after GC invocations=21 (full 0):
 garbage-first heap   total 143360K, used 61986K [0x0000000080000000, 0x0000000100000000)
  region size 1024K, 7 young (7168K), 7 survivors (7168K)
 Metaspace       used 76380K, capacity 78423K, committed 78592K, reserved 1118208K
  class space    used 10010K, capacity 10719K, committed 10752K, reserved 1048576K
}
Event: 10.956 GC heap before
{Heap before GC invocations=21 (full 0):
 garbage-first heap   total 143360K, used 110114K [0x0000000080000000, 0x0000000100000000)
  region size 1024K, 55 young (56320K), 7 survivors (7168K)
 Metaspace       used 76797K, capacity 78818K, committed 78976K, reserved 1118208K
  class space    used 10034K, capacity 10759K, committed 10880K, reserved 1048576K
}
Event: 10.967 GC heap after
{Heap after GC invocations=22 (full 0):
 garbage-first heap   total 143360K, used 64885K [0x0000000080000000, 0x0000000100000000)
  region size 1024K, 7 young (7168K), 7 survivors (7168K)
 Metaspace       used 76797K, capacity 78818K, committed 78976K, reserved 1118208K
  class space    used 10034K, capacity 10759K, committed 10880K, reserved 1048576K
}
Event: 11.244 GC heap before
{Heap before GC invocations=22 (full 0):
 garbage-first heap   total 143360K, used 111989K [0x0000000080000000, 0x0000000100000000)
  region size 1024K, 54 young (55296K), 7 survivors (7168K)
 Metaspace       used 77084K, capacity 79178K, committed 79488K, reserved 1118208K
  class space    used 10049K, capacity 10773K, committed 10880K, reserved 1048576K
}
Event: 11.252 GC heap after
{Heap after GC invocations=23 (full 0):
 garbage-first heap   total 143360K, used 67717K [0x0000000080000000, 0x0000000100000000)
  region size 1024K, 6 young (6144K), 6 survivors (6144K)
 Metaspace       used 77084K, capacity 79178K, committed 79488K, reserved 1118208K
  class space    used 10049K, capacity 10773K, committed 10880K, reserved 1048576K
}
Event: 11.673 GC heap before
{Heap before GC invocations=23 (full 0):
 garbage-first heap   total 143360K, used 114821K [0x0000000080000000, 0x0000000100000000)
  region size 1024K, 53 young (54272K), 6 survivors (6144K)
 Metaspace       used 77595K, capacity 79663K, committed 79744K, reserved 1118208K
  class space    used 10068K, capacity 10811K, committed 10880K, reserved 1048576K
}

