# JRE version: OpenJDK Runtime Environment (11.0.8+10) (build 11.0.8+10-b944.6842174)
# Java VM: OpenJDK 64-Bit Server VM (11.0.8+10-b944.6842174, mixed mode, tiered, compressed oops, g1 gc, windows-amd64)
Heap:
 garbage-first heap   total 485376K, used 134340K [0x0000000080000000, 0x0000000100000000)
  region size 1024K, 3 young (3072K), 3 survivors (3072K)
 Metaspace       used 89733K, capacity 92133K, committed 92288K, reserved 1128448K
  class space    used 11875K, capacity 12828K, committed 12928K, reserved 1048576K
GC Heap History (20 events):
Event: 10.214 GC heap after
{Heap after GC invocations=27 (full 0):
 garbage-first heap   total 143360K, used 66558K [0x0000000080000000, 0x0000000100000000)
  region size 1024K, 6 young (6144K), 6 survivors (6144K)
 Metaspace       used 80155K, capacity 82186K, committed 82432K, reserved 1120256K
  class space    used 10456K, capacity 11150K, committed 11264K, reserved 1048576K
}
Event: 10.457 GC heap before
{Heap before GC invocations=27 (full 0):
 garbage-first heap   total 143360K, used 113662K [0x0000000080000000, 0x0000000100000000)
  region size 1024K, 54 young (55296K), 6 survivors (6144K)
 Metaspace       used 81120K, capacity 83238K, committed 83456K, reserved 1122304K
  class space    used 10612K, capacity 11432K, committed 11520K, reserved 1048576K
}
Event: 10.464 GC heap after
{Heap after GC invocations=28 (full 0):
 garbage-first heap   total 143360K, used 70380K [0x0000000080000000, 0x0000000100000000)
  region size 1024K, 7 young (7168K), 7 survivors (7168K)
 Metaspace       used 81120K, capacity 83238K, committed 83456K, reserved 1122304K
  class space    used 10612K, capacity 11432K, committed 11520K, reserved 1048576K
}
Event: 10.499 GC heap before
{Heap before GC invocations=28 (full 0):
 garbage-first heap   total 143360K, used 102124K [0x0000000080000000, 0x0000000100000000)
  region size 1024K, 39 young (39936K), 7 survivors (7168K)
 Metaspace       used 81388K, capacity 83621K, committed 83712K, reserved 1122304K
  class space    used 10643K, capacity 11474K, committed 11520K, reserved 1048576K
}
Event: 10.508 GC heap after
{Heap after GC invocations=29 (full 0):
 garbage-first heap   total 172032K, used 80272K [0x0000000080000000, 0x0000000100000000)
  region size 1024K, 7 young (7168K), 7 survivors (7168K)
 Metaspace       used 81388K, capacity 83621K, committed 83712K, reserved 1122304K
  class space    used 10643K, capacity 11474K, committed 11520K, reserved 1048576K
}
Event: 10.605 GC heap before
{Heap before GC invocations=29 (full 0):
 garbage-first heap   total 172032K, used 126352K [0x0000000080000000, 0x0000000100000000)
  region size 1024K, 52 young (53248K), 7 survivors (7168K)
 Metaspace       used 82140K, capacity 84364K, committed 84608K, reserved 1122304K
  class space    used 10759K, capacity 11596K, committed 11648K, reserved 1048576K
}
Event: 10.610 GC heap after
{Heap after GC invocations=30 (full 0):
 garbage-first heap   total 172032K, used 86769K [0x0000000080000000, 0x0000000100000000)
  region size 1024K, 7 young (7168K), 7 survivors (7168K)
 Metaspace       used 82140K, capacity 84364K, committed 84608K, reserved 1122304K
  class space    used 10759K, capacity 11596K, committed 11648K, reserved 1048576K
}
Event: 10.872 GC heap before
{Heap before GC invocations=31 (full 0):
 garbage-first heap   total 172032K, used 128753K [0x0000000080000000, 0x0000000100000000)
  region size 1024K, 49 young (50176K), 7 survivors (7168K)
 Metaspace       used 84138K, capacity 86432K, committed 86656K, reserved 1124352K
  class space    used 11044K, capacity 11895K, committed 11904K, reserved 1048576K
}
Event: 10.883 GC heap after
{Heap after GC invocations=32 (full 0):
 garbage-first heap   total 172032K, used 93887K [0x0000000080000000, 0x0000000100000000)
  region size 1024K, 7 young (7168K), 7 survivors (7168K)
 Metaspace       used 84138K, capacity 86432K, committed 86656K, reserved 1124352K
  class space    used 11044K, capacity 11895K, committed 11904K, reserved 1048576K
}
Event: 10.981 GC heap before
{Heap before GC invocations=32 (full 0):
 garbage-first heap   total 172032K, used 131775K [0x0000000080000000, 0x0000000100000000)
  region size 1024K, 45 young (46080K), 7 survivors (7168K)
 Metaspace       used 84767K, capacity 87072K, committed 87296K, reserved 1124352K
  class space    used 11116K, capacity 11998K, committed 12032K, reserved 1048576K
}
Event: 11.005 GC heap after
{Heap after GC invocations=33 (full 0):
 garbage-first heap   total 172032K, used 102545K [0x0000000080000000, 0x0000000100000000)
  region size 1024K, 6 young (6144K), 6 survivors (6144K)
 Metaspace       used 84767K, capacity 87072K, committed 87296K, reserved 1124352K
  class space    used 11116K, capacity 11998K, committed 12032K, reserved 1048576K
}
Event: 11.076 GC heap before
{Heap before GC invocations=33 (full 0):
 garbage-first heap   total 172032K, used 135313K [0x0000000080000000, 0x0000000100000000)
  region size 1024K, 38 young (38912K), 6 survivors (6144K)
 Metaspace       used 84812K, capacity 87077K, committed 87296K, reserved 1124352K
  class space    used 11116K, capacity 11998K, committed 12032K, reserved 1048576K
}
Event: 11.090 GC heap after
{Heap after GC invocations=34 (full 0):
 garbage-first heap   total 234496K, used 110190K [0x0000000080000000, 0x0000000100000000)
  region size 1024K, 5 young (5120K), 5 survivors (5120K)
 Metaspace       used 84812K, capacity 87077K, committed 87296K, reserved 1124352K
  class space    used 11116K, capacity 11998K, committed 12032K, reserved 1048576K
}
Event: 11.454 GC heap before
{Heap before GC invocations=35 (full 0):
 garbage-first heap   total 234496K, used 164462K [0x0000000080000000, 0x0000000100000000)
  region size 1024K, 58 young (59392K), 5 survivors (5120K)
 Metaspace       used 85271K, capacity 87424K, committed 87936K, reserved 1124352K
  class space    used 11143K, capacity 11978K, committed 12160K, reserved 1048576K
}
Event: 11.553 GC heap after
{Heap after GC invocations=36 (full 0):
 garbage-first heap   total 234496K, used 122256K [0x0000000080000000, 0x0000000100000000)
  region size 1024K, 8 young (8192K), 8 survivors (8192K)
 Metaspace       used 85271K, capacity 87424K, committed 87936K, reserved 1124352K
  class space    used 11143K, capacity 11978K, committed 12160K, reserved 1048576K
}
Event: 11.740 GC heap before
{Heap before GC invocations=36 (full 0):
 garbage-first heap   total 234496K, used 173456K [0x0000000080000000, 0x0000000100000000)
  region size 1024K, 58 young (59392K), 8 survivors (8192K)
 Metaspace       used 87051K, capacity 89405K, committed 89600K, reserved 1126400K
  class space    used 11500K, capacity 12463K, committed 12544K, reserved 1048576K
}
Event: 11.760 GC heap after
{Heap after GC invocations=37 (full 0):
 garbage-first heap   total 234496K, used 131066K [0x0000000080000000, 0x0000000100000000)
  region size 1024K, 8 young (8192K), 8 survivors (8192K)
 Metaspace       used 87051K, capacity 89405K, committed 89600K, reserved 1126400K
  class space    used 11500K, capacity 12463K, committed 12544K, reserved 1048576K
}
Event: 12.283 GC heap before
{Heap before GC invocations=38 (full 0):
 garbage-first heap   total 234496K, used 180218K [0x0000000080000000, 0x0000000100000000)
  region size 1024K, 56 young (57344K), 8 survivors (8192K)
 Metaspace       used 89423K, capacity 91858K, committed 92032K, reserved 1128448K
  class space    used 11860K, capacity 12826K, committed 12928K, reserved 1048576K
}
Event: 12.294 GC heap after
{Heap after GC invocations=39 (full 0):
 garbage-first heap   total 234496K, used 134086K [0x0000000080000000, 0x0000000100000000)
  region size 1024K, 3 young (3072K), 3 survivors (3072K)
 Metaspace       used 89423K, capacity 91858K, committed 92032K, reserved 1128448K
  class space    used 11860K, capacity 12826K, committed 12928K, reserved 1048576K
}
Event: 12.458 GC heap before
{Heap before GC invocations=39 (full 0):
 garbage-first heap   total 234496K, used 182214K [0x0000000080000000, 0x0000000100000000)
  region size 1024K, 51 young (52224K), 3 survivors (3072K)
 Metaspace       used 89733K, capacity 92133K, committed 92288K, reserved 1128448K
  class space    used 11875K, capacity 12828K, committed 12928K, reserved 1048576K
}

