# JRE version: OpenJDK Runtime Environment (11.0.10) (build 11.0.10+0-b96-7249189)
# Java VM: OpenJDK 64-Bit Server VM (11.0.10+0-b96-7249189, mixed mode, tiered, compressed oops, g1 gc, windows-amd64)
Heap:
 garbage-first heap   total 299008K, used 156175K [0x0000000080000000, 0x0000000100000000)
  region size 1024K, 54 young (55296K), 2 survivors (2048K)
 Metaspace       used 114403K, capacity 117380K, committed 118476K, reserved 1153024K
  class space    used 14148K, capacity 15204K, committed 15616K, reserved 1048576K
GC Heap History (20 events):
Event: 477.772 GC heap before
{Heap before GC invocations=68 (full 0):
 garbage-first heap   total 299008K, used 127175K [0x0000000080000000, 0x0000000100000000)
  region size 1024K, 14 young (14336K), 7 survivors (7168K)
 Metaspace       used 113700K, capacity 116548K, committed 117964K, reserved 1150976K
  class space    used 14090K, capacity 15099K, committed 15616K, reserved 1048576K
}
Event: 477.790 GC heap after
{Heap after GC invocations=69 (full 0):
 garbage-first heap   total 299008K, used 110316K [0x0000000080000000, 0x0000000100000000)
  region size 1024K, 2 young (2048K), 2 survivors (2048K)
 Metaspace       used 113700K, capacity 116548K, committed 117964K, reserved 1150976K
  class space    used 14090K, capacity 15099K, committed 15616K, reserved 1048576K
}
Event: 478.148 GC heap before
{Heap before GC invocations=69 (full 0):
 garbage-first heap   total 299008K, used 165612K [0x0000000080000000, 0x0000000100000000)
  region size 1024K, 58 young (59392K), 2 survivors (2048K)
 Metaspace       used 113749K, capacity 116654K, committed 117964K, reserved 1150976K
  class space    used 14098K, capacity 15113K, committed 15616K, reserved 1048576K
}
Event: 478.155 GC heap after
{Heap after GC invocations=70 (full 0):
 garbage-first heap   total 299008K, used 110302K [0x0000000080000000, 0x0000000100000000)
  region size 1024K, 2 young (2048K), 2 survivors (2048K)
 Metaspace       used 113749K, capacity 116654K, committed 117964K, reserved 1150976K
  class space    used 14098K, capacity 15113K, committed 15616K, reserved 1048576K
}
Event: 489.925 GC heap before
{Heap before GC invocations=71 (full 0):
 garbage-first heap   total 299008K, used 231134K [0x0000000080000000, 0x0000000100000000)
  region size 1024K, 95 young (97280K), 2 survivors (2048K)
 Metaspace       used 113942K, capacity 116853K, committed 118220K, reserved 1153024K
  class space    used 14098K, capacity 15113K, committed 15616K, reserved 1048576K
}
Event: 489.988 GC heap after
{Heap after GC invocations=72 (full 0):
 garbage-first heap   total 299008K, used 128862K [0x0000000080000000, 0x0000000100000000)
  region size 1024K, 12 young (12288K), 12 survivors (12288K)
 Metaspace       used 113942K, capacity 116853K, committed 118220K, reserved 1153024K
  class space    used 14098K, capacity 15113K, committed 15616K, reserved 1048576K
}
Event: 489.998 GC heap before
{Heap before GC invocations=72 (full 0):
 garbage-first heap   total 299008K, used 130910K [0x0000000080000000, 0x0000000100000000)
  region size 1024K, 14 young (14336K), 12 survivors (12288K)
 Metaspace       used 113945K, capacity 116853K, committed 118220K, reserved 1153024K
  class space    used 14098K, capacity 15113K, committed 15616K, reserved 1048576K
}
Event: 490.024 GC heap after
{Heap after GC invocations=73 (full 0):
 garbage-first heap   total 299008K, used 128996K [0x0000000080000000, 0x0000000100000000)
  region size 1024K, 2 young (2048K), 2 survivors (2048K)
 Metaspace       used 113945K, capacity 116853K, committed 118220K, reserved 1153024K
  class space    used 14098K, capacity 15113K, committed 15616K, reserved 1048576K
}
Event: 490.233 GC heap before
{Heap before GC invocations=73 (full 0):
 garbage-first heap   total 299008K, used 149476K [0x0000000080000000, 0x0000000100000000)
  region size 1024K, 23 young (23552K), 2 survivors (2048K)
 Metaspace       used 113956K, capacity 116853K, committed 118220K, reserved 1153024K
  class space    used 14098K, capacity 15113K, committed 15616K, reserved 1048576K
}
Event: 490.247 GC heap after
{Heap after GC invocations=74 (full 0):
 garbage-first heap   total 299008K, used 136024K [0x0000000080000000, 0x0000000100000000)
  region size 1024K, 9 young (9216K), 9 survivors (9216K)
 Metaspace       used 113956K, capacity 116853K, committed 118220K, reserved 1153024K
  class space    used 14098K, capacity 15113K, committed 15616K, reserved 1048576K
}
Event: 491.225 GC heap before
{Heap before GC invocations=75 (full 0):
 garbage-first heap   total 299008K, used 224088K [0x0000000080000000, 0x0000000100000000)
  region size 1024K, 79 young (80896K), 9 survivors (9216K)
 Metaspace       used 113981K, capacity 116856K, committed 118220K, reserved 1153024K
  class space    used 14099K, capacity 15113K, committed 15616K, reserved 1048576K
}
Event: 491.257 GC heap after
{Heap after GC invocations=76 (full 0):
 garbage-first heap   total 299008K, used 132990K [0x0000000080000000, 0x0000000100000000)
  region size 1024K, 4 young (4096K), 4 survivors (4096K)
 Metaspace       used 113981K, capacity 116856K, committed 118220K, reserved 1153024K
  class space    used 14099K, capacity 15113K, committed 15616K, reserved 1048576K
}
Event: 491.367 GC heap before
{Heap before GC invocations=76 (full 0):
 garbage-first heap   total 299008K, used 142206K [0x0000000080000000, 0x0000000100000000)
  region size 1024K, 14 young (14336K), 4 survivors (4096K)
 Metaspace       used 113981K, capacity 116856K, committed 118220K, reserved 1153024K
  class space    used 14099K, capacity 15113K, committed 15616K, reserved 1048576K
}
Event: 491.381 GC heap after
{Heap after GC invocations=77 (full 0):
 garbage-first heap   total 299008K, used 120290K [0x0000000080000000, 0x0000000100000000)
  region size 1024K, 1 young (1024K), 1 survivors (1024K)
 Metaspace       used 113981K, capacity 116856K, committed 118220K, reserved 1153024K
  class space    used 14099K, capacity 15113K, committed 15616K, reserved 1048576K
}
Event: 494.501 GC heap before
{Heap before GC invocations=77 (full 0):
 garbage-first heap   total 299008K, used 207330K [0x0000000080000000, 0x0000000100000000)
  region size 1024K, 87 young (89088K), 1 survivors (1024K)
 Metaspace       used 114023K, capacity 116856K, committed 118220K, reserved 1153024K
  class space    used 14099K, capacity 15113K, committed 15616K, reserved 1048576K
}
Event: 494.516 GC heap after
{Heap after GC invocations=78 (full 0):
 garbage-first heap   total 299008K, used 126979K [0x0000000080000000, 0x0000000100000000)
  region size 1024K, 8 young (8192K), 8 survivors (8192K)
 Metaspace       used 114023K, capacity 116856K, committed 118220K, reserved 1153024K
  class space    used 14099K, capacity 15113K, committed 15616K, reserved 1048576K
}
Event: 636.150 GC heap before
{Heap before GC invocations=79 (full 0):
 garbage-first heap   total 299008K, used 233475K [0x0000000080000000, 0x0000000100000000)
  region size 1024K, 95 young (97280K), 8 survivors (8192K)
 Metaspace       used 114127K, capacity 117047K, committed 118220K, reserved 1153024K
  class space    used 14107K, capacity 15128K, committed 15616K, reserved 1048576K
}
Event: 636.207 GC heap after
{Heap after GC invocations=80 (full 0):
 garbage-first heap   total 299008K, used 116055K [0x0000000080000000, 0x0000000100000000)
  region size 1024K, 2 young (2048K), 2 survivors (2048K)
 Metaspace       used 114127K, capacity 117047K, committed 118220K, reserved 1153024K
  class space    used 14107K, capacity 15128K, committed 15616K, reserved 1048576K
}
Event: 637.294 GC heap before
{Heap before GC invocations=80 (full 0):
 garbage-first heap   total 299008K, used 127319K [0x0000000080000000, 0x0000000100000000)
  region size 1024K, 14 young (14336K), 2 survivors (2048K)
 Metaspace       used 114232K, capacity 117192K, committed 118476K, reserved 1153024K
  class space    used 14114K, capacity 15142K, committed 15616K, reserved 1048576K
}
Event: 637.353 GC heap after
{Heap after GC invocations=81 (full 0):
 garbage-first heap   total 299008K, used 104976K [0x0000000080000000, 0x0000000100000000)
  region size 1024K, 2 young (2048K), 2 survivors (2048K)
 Metaspace       used 114232K, capacity 117192K, committed 118476K, reserved 1153024K
  class space    used 14114K, capacity 15142K, committed 15616K, reserved 1048576K
}

