# JRE version: OpenJDK Runtime Environment (11.0.10) (build 11.0.10+0-b96-7249189)
# Java VM: OpenJDK 64-Bit Server VM (11.0.10+0-b96-7249189, mixed mode, tiered, compressed oops, g1 gc, windows-amd64)
Heap:
 garbage-first heap   total 206848K, used 137299K [0x0000000080000000, 0x0000000100000000)
  region size 1024K, 64 young (65536K), 9 survivors (9216K)
 Metaspace       used 85856K, capacity 88055K, committed 88192K, reserved 1126400K
  class space    used 11097K, capacity 11891K, committed 11904K, reserved 1048576K
GC Heap History (20 events):
Event: 6.549 GC heap before
{Heap before GC invocations=14 (full 0):
 garbage-first heap   total 118784K, used 53640K [0x0000000080000000, 0x0000000100000000)
  region size 1024K, 16 young (16384K), 5 survivors (5120K)
 Metaspace       used 58586K, capacity 59996K, committed 60160K, reserved 1101824K
  class space    used 7431K, capacity 7954K, committed 8064K, reserved 1048576K
}
Event: 6.557 GC heap after
{Heap after GC invocations=15 (full 0):
 garbage-first heap   total 118784K, used 45341K [0x0000000080000000, 0x0000000100000000)
  region size 1024K, 6 young (6144K), 6 survivors (6144K)
 Metaspace       used 58586K, capacity 59996K, committed 60160K, reserved 1101824K
  class space    used 7431K, capacity 7954K, committed 8064K, reserved 1048576K
}
Event: 6.801 GC heap before
{Heap before GC invocations=16 (full 0):
 garbage-first heap   total 118784K, used 79133K [0x0000000080000000, 0x0000000100000000)
  region size 1024K, 39 young (39936K), 6 survivors (6144K)
 Metaspace       used 59410K, capacity 60937K, committed 61056K, reserved 1101824K
  class space    used 7560K, capacity 8137K, committed 8192K, reserved 1048576K
}
Event: 6.808 GC heap after
{Heap after GC invocations=17 (full 0):
 garbage-first heap   total 143360K, used 47865K [0x0000000080000000, 0x0000000100000000)
  region size 1024K, 5 young (5120K), 5 survivors (5120K)
 Metaspace       used 59410K, capacity 60937K, committed 61056K, reserved 1101824K
  class space    used 7560K, capacity 8137K, committed 8192K, reserved 1048576K
}
Event: 7.401 GC heap before
{Heap before GC invocations=17 (full 0):
 garbage-first heap   total 143360K, used 94969K [0x0000000080000000, 0x0000000100000000)
  region size 1024K, 51 young (52224K), 5 survivors (5120K)
 Metaspace       used 64595K, capacity 66068K, committed 66432K, reserved 1105920K
  class space    used 8392K, capacity 8966K, committed 9088K, reserved 1048576K
}
Event: 7.406 GC heap after
{Heap after GC invocations=18 (full 0):
 garbage-first heap   total 143360K, used 50628K [0x0000000080000000, 0x0000000100000000)
  region size 1024K, 7 young (7168K), 7 survivors (7168K)
 Metaspace       used 64595K, capacity 66068K, committed 66432K, reserved 1105920K
  class space    used 8392K, capacity 8966K, committed 9088K, reserved 1048576K
}
Event: 7.930 GC heap before
{Heap before GC invocations=18 (full 0):
 garbage-first heap   total 143360K, used 98756K [0x0000000080000000, 0x0000000100000000)
  region size 1024K, 54 young (55296K), 7 survivors (7168K)
 Metaspace       used 67811K, capacity 69413K, committed 69760K, reserved 1110016K
  class space    used 8891K, capacity 9480K, committed 9600K, reserved 1048576K
}
Event: 7.938 GC heap after
{Heap after GC invocations=19 (full 0):
 garbage-first heap   total 143360K, used 54150K [0x0000000080000000, 0x0000000100000000)
  region size 1024K, 7 young (7168K), 7 survivors (7168K)
 Metaspace       used 67811K, capacity 69413K, committed 69760K, reserved 1110016K
  class space    used 8891K, capacity 9480K, committed 9600K, reserved 1048576K
}
Event: 8.467 GC heap before
{Heap before GC invocations=19 (full 0):
 garbage-first heap   total 143360K, used 103302K [0x0000000080000000, 0x0000000100000000)
  region size 1024K, 55 young (56320K), 7 survivors (7168K)
 Metaspace       used 72070K, capacity 73815K, committed 73856K, reserved 1114112K
  class space    used 9468K, capacity 10097K, committed 10112K, reserved 1048576K
}
Event: 8.475 GC heap after
{Heap after GC invocations=20 (full 0):
 garbage-first heap   total 143360K, used 57798K [0x0000000080000000, 0x0000000100000000)
  region size 1024K, 7 young (7168K), 7 survivors (7168K)
 Metaspace       used 72070K, capacity 73815K, committed 73856K, reserved 1114112K
  class space    used 9468K, capacity 10097K, committed 10112K, reserved 1048576K
}
Event: 9.099 GC heap before
{Heap before GC invocations=20 (full 0):
 garbage-first heap   total 143360K, used 105926K [0x0000000080000000, 0x0000000100000000)
  region size 1024K, 55 young (56320K), 7 survivors (7168K)
 Metaspace       used 76165K, capacity 78178K, committed 78336K, reserved 1116160K
  class space    used 10014K, capacity 10730K, committed 10752K, reserved 1048576K
}
Event: 9.108 GC heap after
{Heap after GC invocations=21 (full 0):
 garbage-first heap   total 172032K, used 61797K [0x0000000080000000, 0x0000000100000000)
  region size 1024K, 4 young (4096K), 4 survivors (4096K)
 Metaspace       used 76165K, capacity 78178K, committed 78336K, reserved 1116160K
  class space    used 10014K, capacity 10730K, committed 10752K, reserved 1048576K
}
Event: 9.537 GC heap before
{Heap before GC invocations=21 (full 0):
 garbage-first heap   total 172032K, used 121189K [0x0000000080000000, 0x0000000100000000)
  region size 1024K, 63 young (64512K), 4 survivors (4096K)
 Metaspace       used 76674K, capacity 78666K, committed 78848K, reserved 1118208K
  class space    used 10018K, capacity 10732K, committed 10752K, reserved 1048576K
}
Event: 9.543 GC heap after
{Heap after GC invocations=22 (full 0):
 garbage-first heap   total 172032K, used 65800K [0x0000000080000000, 0x0000000100000000)
  region size 1024K, 8 young (8192K), 8 survivors (8192K)
 Metaspace       used 76674K, capacity 78666K, committed 78848K, reserved 1118208K
  class space    used 10018K, capacity 10732K, committed 10752K, reserved 1048576K
}
Event: 9.982 GC heap before
{Heap before GC invocations=22 (full 0):
 garbage-first heap   total 172032K, used 126216K [0x0000000080000000, 0x0000000100000000)
  region size 1024K, 68 young (69632K), 8 survivors (8192K)
 Metaspace       used 77063K, capacity 79189K, committed 79488K, reserved 1118208K
  class space    used 10040K, capacity 10753K, committed 10880K, reserved 1048576K
}
Event: 9.993 GC heap after
{Heap after GC invocations=23 (full 0):
 garbage-first heap   total 172032K, used 68687K [0x0000000080000000, 0x0000000100000000)
  region size 1024K, 8 young (8192K), 8 survivors (8192K)
 Metaspace       used 77063K, capacity 79189K, committed 79488K, reserved 1118208K
  class space    used 10040K, capacity 10753K, committed 10880K, reserved 1048576K
}
Event: 10.319 GC heap before
{Heap before GC invocations=23 (full 0):
 garbage-first heap   total 172032K, used 129103K [0x0000000080000000, 0x0000000100000000)
  region size 1024K, 68 young (69632K), 8 survivors (8192K)
 Metaspace       used 77679K, capacity 79823K, committed 80000K, reserved 1118208K
  class space    used 10080K, capacity 10826K, committed 10880K, reserved 1048576K
}
Event: 10.326 GC heap after
{Heap after GC invocations=24 (full 0):
 garbage-first heap   total 172032K, used 72205K [0x0000000080000000, 0x0000000100000000)
  region size 1024K, 7 young (7168K), 7 survivors (7168K)
 Metaspace       used 77679K, capacity 79823K, committed 80000K, reserved 1118208K
  class space    used 10080K, capacity 10826K, committed 10880K, reserved 1048576K
}
Event: 10.639 GC heap before
{Heap before GC invocations=24 (full 0):
 garbage-first heap   total 172032K, used 132621K [0x0000000080000000, 0x0000000100000000)
  region size 1024K, 67 young (68608K), 7 survivors (7168K)
 Metaspace       used 79061K, capacity 81285K, committed 81536K, reserved 1120256K
  class space    used 10270K, capacity 11062K, committed 11136K, reserved 1048576K
}
Event: 10.652 GC heap after
{Heap after GC invocations=25 (full 0):
 garbage-first heap   total 206848K, used 80979K [0x0000000080000000, 0x0000000100000000)
  region size 1024K, 9 young (9216K), 9 survivors (9216K)
 Metaspace       used 79061K, capacity 81285K, committed 81536K, reserved 1120256K
  class space    used 10270K, capacity 11062K, committed 11136K, reserved 1048576K
}

