# JRE version: OpenJDK Runtime Environment (11.0.8+10) (build 11.0.8+10-b944.6842174)
# Java VM: OpenJDK 64-Bit Server VM (11.0.8+10-b944.6842174, mixed mode, tiered, compressed oops, g1 gc, windows-amd64)
Heap:
 garbage-first heap   total 259072K, used 106197K [0x0000000080000000, 0x0000000100000000)
  region size 1024K, 3 young (3072K), 3 survivors (3072K)
 Metaspace       used 87439K, capacity 89585K, committed 89856K, reserved 1126400K
  class space    used 11408K, capacity 12217K, committed 12288K, reserved 1048576K
GC Heap History (20 events):
Event: 24.253 GC heap after
{Heap after GC invocations=31 (full 0):
 garbage-first heap   total 118784K, used 76413K [0x0000000080000000, 0x0000000100000000)
  region size 1024K, 5 young (5120K), 5 survivors (5120K)
 Metaspace       used 81228K, capacity 83193K, committed 83200K, reserved 1122304K
  class space    used 10532K, capacity 11263K, committed 11264K, reserved 1048576K
}
Event: 24.295 GC heap before
{Heap before GC invocations=31 (full 0):
 garbage-first heap   total 118784K, used 96893K [0x0000000080000000, 0x0000000100000000)
  region size 1024K, 26 young (26624K), 5 survivors (5120K)
 Metaspace       used 81545K, capacity 83484K, committed 83584K, reserved 1122304K
  class space    used 10577K, capacity 11295K, committed 11392K, reserved 1048576K
}
Event: 24.301 GC heap after
{Heap after GC invocations=32 (full 0):
 garbage-first heap   total 118784K, used 80578K [0x0000000080000000, 0x0000000100000000)
  region size 1024K, 4 young (4096K), 4 survivors (4096K)
 Metaspace       used 81545K, capacity 83484K, committed 83584K, reserved 1122304K
  class space    used 10577K, capacity 11295K, committed 11392K, reserved 1048576K
}
Event: 24.383 GC heap before
{Heap before GC invocations=32 (full 0):
 garbage-first heap   total 118784K, used 96962K [0x0000000080000000, 0x0000000100000000)
  region size 1024K, 21 young (21504K), 4 survivors (4096K)
 Metaspace       used 82114K, capacity 84196K, committed 84352K, reserved 1122304K
  class space    used 10659K, capacity 11385K, committed 11392K, reserved 1048576K
}
Event: 24.387 GC heap after
{Heap after GC invocations=33 (full 0):
 garbage-first heap   total 118784K, used 82411K [0x0000000080000000, 0x0000000100000000)
  region size 1024K, 3 young (3072K), 3 survivors (3072K)
 Metaspace       used 82114K, capacity 84196K, committed 84352K, reserved 1122304K
  class space    used 10659K, capacity 11385K, committed 11392K, reserved 1048576K
}
Event: 24.472 GC heap before
{Heap before GC invocations=34 (full 0):
 garbage-first heap   total 118784K, used 96747K [0x0000000080000000, 0x0000000100000000)
  region size 1024K, 18 young (18432K), 3 survivors (3072K)
 Metaspace       used 82908K, capacity 85013K, committed 85376K, reserved 1122304K
  class space    used 10763K, capacity 11529K, committed 11648K, reserved 1048576K
}
Event: 24.476 GC heap after
{Heap after GC invocations=35 (full 0):
 garbage-first heap   total 118784K, used 84225K [0x0000000080000000, 0x0000000100000000)
  region size 1024K, 3 young (3072K), 3 survivors (3072K)
 Metaspace       used 82908K, capacity 85013K, committed 85376K, reserved 1122304K
  class space    used 10763K, capacity 11529K, committed 11648K, reserved 1048576K
}
Event: 24.638 GC heap before
{Heap before GC invocations=35 (full 0):
 garbage-first heap   total 118784K, used 98561K [0x0000000080000000, 0x0000000100000000)
  region size 1024K, 17 young (17408K), 3 survivors (3072K)
 Metaspace       used 84389K, capacity 86587K, committed 86912K, reserved 1124352K
  class space    used 10995K, capacity 11787K, committed 11904K, reserved 1048576K
}
Event: 24.644 GC heap after
{Heap after GC invocations=36 (full 0):
 garbage-first heap   total 118784K, used 85595K [0x0000000080000000, 0x0000000100000000)
  region size 1024K, 3 young (3072K), 3 survivors (3072K)
 Metaspace       used 84389K, capacity 86587K, committed 86912K, reserved 1124352K
  class space    used 10995K, capacity 11787K, committed 11904K, reserved 1048576K
}
Event: 24.715 GC heap before
{Heap before GC invocations=36 (full 0):
 garbage-first heap   total 118784K, used 98907K [0x0000000080000000, 0x0000000100000000)
  region size 1024K, 16 young (16384K), 3 survivors (3072K)
 Metaspace       used 84523K, capacity 86749K, committed 86912K, reserved 1124352K
  class space    used 11001K, capacity 11819K, committed 11904K, reserved 1048576K
}
Event: 24.722 GC heap after
{Heap after GC invocations=37 (full 0):
 garbage-first heap   total 118784K, used 88904K [0x0000000080000000, 0x0000000100000000)
  region size 1024K, 2 young (2048K), 2 survivors (2048K)
 Metaspace       used 84523K, capacity 86749K, committed 86912K, reserved 1124352K
  class space    used 11001K, capacity 11819K, committed 11904K, reserved 1048576K
}
Event: 24.797 GC heap before
{Heap before GC invocations=37 (full 0):
 garbage-first heap   total 118784K, used 100168K [0x0000000080000000, 0x0000000100000000)
  region size 1024K, 13 young (13312K), 2 survivors (2048K)
 Metaspace       used 84714K, capacity 86915K, committed 87168K, reserved 1124352K
  class space    used 11017K, capacity 11808K, committed 11904K, reserved 1048576K
}
Event: 24.808 GC heap after
{Heap after GC invocations=38 (full 0):
 garbage-first heap   total 143360K, used 91919K [0x0000000080000000, 0x0000000100000000)
  region size 1024K, 2 young (2048K), 2 survivors (2048K)
 Metaspace       used 84714K, capacity 86915K, committed 87168K, reserved 1124352K
  class space    used 11017K, capacity 11808K, committed 11904K, reserved 1048576K
}
Event: 24.940 GC heap before
{Heap before GC invocations=39 (full 0):
 garbage-first heap   total 143360K, used 111375K [0x0000000080000000, 0x0000000100000000)
  region size 1024K, 21 young (21504K), 2 survivors (2048K)
 Metaspace       used 85385K, capacity 87548K, committed 87808K, reserved 1124352K
  class space    used 11105K, capacity 11911K, committed 12032K, reserved 1048576K
}
Event: 24.948 GC heap after
{Heap after GC invocations=40 (full 0):
 garbage-first heap   total 143360K, used 96256K [0x0000000080000000, 0x0000000100000000)
  region size 1024K, 3 young (3072K), 3 survivors (3072K)
 Metaspace       used 85385K, capacity 87548K, committed 87808K, reserved 1124352K
  class space    used 11105K, capacity 11911K, committed 12032K, reserved 1048576K
}
Event: 25.042 GC heap before
{Heap before GC invocations=40 (full 0):
 garbage-first heap   total 143360K, used 113664K [0x0000000080000000, 0x0000000100000000)
  region size 1024K, 21 young (21504K), 3 survivors (3072K)
 Metaspace       used 86160K, capacity 88381K, committed 88576K, reserved 1126400K
  class space    used 11194K, capacity 12014K, committed 12032K, reserved 1048576K
}
Event: 25.053 GC heap after
{Heap after GC invocations=41 (full 0):
 garbage-first heap   total 143360K, used 100004K [0x0000000080000000, 0x0000000100000000)
  region size 1024K, 3 young (3072K), 3 survivors (3072K)
 Metaspace       used 86160K, capacity 88381K, committed 88576K, reserved 1126400K
  class space    used 11194K, capacity 12014K, committed 12032K, reserved 1048576K
}
Event: 25.140 GC heap before
{Heap before GC invocations=41 (full 0):
 garbage-first heap   total 143360K, used 115364K [0x0000000080000000, 0x0000000100000000)
  region size 1024K, 19 young (19456K), 3 survivors (3072K)
 Metaspace       used 86610K, capacity 88832K, committed 88960K, reserved 1126400K
  class space    used 11266K, capacity 12100K, committed 12160K, reserved 1048576K
}
Event: 25.149 GC heap after
{Heap after GC invocations=42 (full 0):
 garbage-first heap   total 143360K, used 103424K [0x0000000080000000, 0x0000000100000000)
  region size 1024K, 3 young (3072K), 3 survivors (3072K)
 Metaspace       used 86610K, capacity 88832K, committed 88960K, reserved 1126400K
  class space    used 11266K, capacity 12100K, committed 12160K, reserved 1048576K
}
Event: 25.256 GC heap before
{Heap before GC invocations=42 (full 0):
 garbage-first heap   total 143360K, used 118784K [0x0000000080000000, 0x0000000100000000)
  region size 1024K, 18 young (18432K), 3 survivors (3072K)
 Metaspace       used 87439K, capacity 89585K, committed 89856K, reserved 1126400K
  class space    used 11408K, capacity 12217K, committed 12288K, reserved 1048576K
}

