# JRE version: OpenJDK Runtime Environment (11.0.8+10) (build 11.0.8+10-b944.6842174)
# Java VM: OpenJDK 64-Bit Server VM (11.0.8+10-b944.6842174, mixed mode, tiered, compressed oops, g1 gc, windows-amd64)
Heap:
 garbage-first heap   total 797696K, used 274462K [0x0000000080000000, 0x0000000100000000)
  region size 1024K, 7 young (7168K), 7 survivors (7168K)
 Metaspace       used 96225K, capacity 98650K, committed 98892K, reserved 1134592K
  class space    used 12389K, capacity 13275K, committed 13440K, reserved 1048576K
GC Heap History (20 events):
Event: 16.237 GC heap after
{Heap after GC invocations=33 (full 0):
 garbage-first heap   total 297984K, used 154820K [0x0000000080000000, 0x0000000100000000)
  region size 1024K, 2 young (2048K), 2 survivors (2048K)
 Metaspace       used 93646K, capacity 96128K, committed 96588K, reserved 1132544K
  class space    used 12165K, capacity 13075K, committed 13184K, reserved 1048576K
}
Event: 16.264 GC heap before
{Heap before GC invocations=33 (full 0):
 garbage-first heap   total 297984K, used 160964K [0x0000000080000000, 0x0000000100000000)
  region size 1024K, 9 young (9216K), 2 survivors (2048K)
 Metaspace       used 93646K, capacity 96128K, committed 96588K, reserved 1132544K
  class space    used 12165K, capacity 13075K, committed 13184K, reserved 1048576K
}
Event: 16.271 GC heap after
{Heap after GC invocations=34 (full 0):
 garbage-first heap   total 297984K, used 157294K [0x0000000080000000, 0x0000000100000000)
  region size 1024K, 5 young (5120K), 5 survivors (5120K)
 Metaspace       used 93646K, capacity 96128K, committed 96588K, reserved 1132544K
  class space    used 12165K, capacity 13075K, committed 13184K, reserved 1048576K
}
Event: 16.524 GC heap before
{Heap before GC invocations=35 (full 0):
 garbage-first heap   total 297984K, used 214638K [0x0000000080000000, 0x0000000100000000)
  region size 1024K, 60 young (61440K), 5 survivors (5120K)
 Metaspace       used 94297K, capacity 96796K, committed 97228K, reserved 1132544K
  class space    used 12252K, capacity 13166K, committed 13312K, reserved 1048576K
}
Event: 16.556 GC heap after
{Heap after GC invocations=36 (full 0):
 garbage-first heap   total 297984K, used 186144K [0x0000000080000000, 0x0000000100000000)
  region size 1024K, 8 young (8192K), 8 survivors (8192K)
 Metaspace       used 94297K, capacity 96796K, committed 97228K, reserved 1132544K
  class space    used 12252K, capacity 13166K, committed 13312K, reserved 1048576K
}
Event: 16.625 GC heap before
{Heap before GC invocations=36 (full 0):
 garbage-first heap   total 297984K, used 226080K [0x0000000080000000, 0x0000000100000000)
  region size 1024K, 48 young (49152K), 8 survivors (8192K)
 Metaspace       used 94303K, capacity 96796K, committed 97228K, reserved 1132544K
  class space    used 12252K, capacity 13166K, committed 13312K, reserved 1048576K
}
Event: 16.657 GC heap after
{Heap after GC invocations=37 (full 0):
 garbage-first heap   total 297984K, used 209729K [0x0000000080000000, 0x0000000100000000)
  region size 1024K, 6 young (6144K), 6 survivors (6144K)
 Metaspace       used 94303K, capacity 96796K, committed 97228K, reserved 1132544K
  class space    used 12252K, capacity 13166K, committed 13312K, reserved 1048576K
}
Event: 16.759 GC heap before
{Heap before GC invocations=37 (full 0):
 garbage-first heap   total 297984K, used 237377K [0x0000000080000000, 0x0000000100000000)
  region size 1024K, 33 young (33792K), 6 survivors (6144K)
 Metaspace       used 94318K, capacity 96860K, committed 97228K, reserved 1132544K
  class space    used 12252K, capacity 13166K, committed 13312K, reserved 1048576K
}
Event: 16.781 GC heap after
{Heap after GC invocations=38 (full 0):
 garbage-first heap   total 297984K, used 227328K [0x0000000080000000, 0x0000000100000000)
  region size 1024K, 5 young (5120K), 5 survivors (5120K)
 Metaspace       used 94318K, capacity 96860K, committed 97228K, reserved 1132544K
  class space    used 12252K, capacity 13166K, committed 13312K, reserved 1048576K
}
Event: 16.837 GC heap before
{Heap before GC invocations=38 (full 0):
 garbage-first heap   total 297984K, used 245760K [0x0000000080000000, 0x0000000100000000)
  region size 1024K, 23 young (23552K), 5 survivors (5120K)
 Metaspace       used 94318K, capacity 96860K, committed 97228K, reserved 1132544K
  class space    used 12252K, capacity 13166K, committed 13312K, reserved 1048576K
}
Event: 16.852 GC heap after
{Heap after GC invocations=39 (full 0):
 garbage-first heap   total 297984K, used 237568K [0x0000000080000000, 0x0000000100000000)
  region size 1024K, 3 young (3072K), 3 survivors (3072K)
 Metaspace       used 94318K, capacity 96860K, committed 97228K, reserved 1132544K
  class space    used 12252K, capacity 13166K, committed 13312K, reserved 1048576K
}
Event: 16.893 GC heap before
{Heap before GC invocations=39 (full 0):
 garbage-first heap   total 297984K, used 249856K [0x0000000080000000, 0x0000000100000000)
  region size 1024K, 16 young (16384K), 3 survivors (3072K)
 Metaspace       used 94320K, capacity 96860K, committed 97228K, reserved 1132544K
  class space    used 12252K, capacity 13166K, committed 13312K, reserved 1048576K
}
Event: 16.912 GC heap after
{Heap after GC invocations=40 (full 0):
 garbage-first heap   total 464896K, used 245060K [0x0000000080000000, 0x0000000100000000)
  region size 1024K, 2 young (2048K), 2 survivors (2048K)
 Metaspace       used 94320K, capacity 96860K, committed 97228K, reserved 1132544K
  class space    used 12252K, capacity 13166K, committed 13312K, reserved 1048576K
}
Event: 17.515 GC heap before
{Heap before GC invocations=41 (full 0):
 garbage-first heap   total 464896K, used 316740K [0x0000000080000000, 0x0000000100000000)
  region size 1024K, 74 young (75776K), 2 survivors (2048K)
 Metaspace       used 94480K, capacity 96959K, committed 97228K, reserved 1132544K
  class space    used 12259K, capacity 13171K, committed 13312K, reserved 1048576K
}
Event: 17.569 GC heap after
{Heap after GC invocations=42 (full 0):
 garbage-first heap   total 464896K, used 264085K [0x0000000080000000, 0x0000000100000000)
  region size 1024K, 10 young (10240K), 10 survivors (10240K)
 Metaspace       used 94480K, capacity 96959K, committed 97228K, reserved 1132544K
  class space    used 12259K, capacity 13171K, committed 13312K, reserved 1048576K
}
Event: 18.153 GC heap before
{Heap before GC invocations=42 (full 0):
 garbage-first heap   total 464896K, used 333717K [0x0000000080000000, 0x0000000100000000)
  region size 1024K, 79 young (80896K), 10 survivors (10240K)
 Metaspace       used 95106K, capacity 97595K, committed 97996K, reserved 1134592K
  class space    used 12316K, capacity 13209K, committed 13312K, reserved 1048576K
}
Event: 18.181 GC heap after
{Heap after GC invocations=43 (full 0):
 garbage-first heap   total 464896K, used 275403K [0x0000000080000000, 0x0000000100000000)
  region size 1024K, 10 young (10240K), 10 survivors (10240K)
 Metaspace       used 95106K, capacity 97595K, committed 97996K, reserved 1134592K
  class space    used 12316K, capacity 13209K, committed 13312K, reserved 1048576K
}
Event: 18.723 GC heap before
{Heap before GC invocations=43 (full 0):
 garbage-first heap   total 464896K, used 329675K [0x0000000080000000, 0x0000000100000000)
  region size 1024K, 79 young (80896K), 10 survivors (10240K)
 Metaspace       used 95673K, capacity 98152K, committed 98636K, reserved 1134592K
  class space    used 12356K, capacity 13265K, committed 13440K, reserved 1048576K
}
Event: 18.745 GC heap after
{Heap after GC invocations=44 (full 0):
 garbage-first heap   total 464896K, used 266699K [0x0000000080000000, 0x0000000100000000)
  region size 1024K, 9 young (9216K), 9 survivors (9216K)
 Metaspace       used 95673K, capacity 98152K, committed 98636K, reserved 1134592K
  class space    used 12356K, capacity 13265K, committed 13440K, reserved 1048576K
}
Event: 19.300 GC heap before
{Heap before GC invocations=45 (full 0):
 garbage-first heap   total 464896K, used 347595K [0x0000000080000000, 0x0000000100000000)
  region size 1024K, 85 young (87040K), 9 survivors (9216K)
 Metaspace       used 96225K, capacity 98650K, committed 98892K, reserved 1134592K
  class space    used 12389K, capacity 13275K, committed 13440K, reserved 1048576K
}

