# JRE version: OpenJDK Runtime Environment (11.0.8+10) (build 11.0.8+10-b944.6842174)
# Java VM: OpenJDK 64-Bit Server VM (11.0.8+10-b944.6842174, mixed mode, tiered, compressed oops, g1 gc, windows-amd64)
Heap:
 garbage-first heap   total 281600K, used 120832K [0x0000000080000000, 0x0000000100000000)
  region size 1024K, 4 young (4096K), 4 survivors (4096K)
 Metaspace       used 91211K, capacity 93613K, committed 93824K, reserved 1130496K
  class space    used 11969K, capacity 12878K, committed 12928K, reserved 1048576K
GC Heap History (20 events):
Event: 10.458 GC heap after
{Heap after GC invocations=20 (full 0):
 garbage-first heap   total 143360K, used 59134K [0x0000000080000000, 0x0000000100000000)
  region size 1024K, 8 young (8192K), 8 survivors (8192K)
 Metaspace       used 74682K, capacity 76494K, committed 76544K, reserved 1116160K
  class space    used 9809K, capacity 10477K, committed 10496K, reserved 1048576K
}
Event: 11.058 GC heap before
{Heap before GC invocations=20 (full 0):
 garbage-first heap   total 143360K, used 108286K [0x0000000080000000, 0x0000000100000000)
  region size 1024K, 57 young (58368K), 8 survivors (8192K)
 Metaspace       used 75779K, capacity 77771K, committed 78080K, reserved 1116160K
  class space    used 9930K, capacity 10639K, committed 10752K, reserved 1048576K
}
Event: 11.070 GC heap after
{Heap after GC invocations=21 (full 0):
 garbage-first heap   total 172032K, used 62763K [0x0000000080000000, 0x0000000100000000)
  region size 1024K, 4 young (4096K), 4 survivors (4096K)
 Metaspace       used 75779K, capacity 77771K, committed 78080K, reserved 1116160K
  class space    used 9930K, capacity 10639K, committed 10752K, reserved 1048576K
}
Event: 11.611 GC heap before
{Heap before GC invocations=21 (full 0):
 garbage-first heap   total 172032K, used 125227K [0x0000000080000000, 0x0000000100000000)
  region size 1024K, 66 young (67584K), 4 survivors (4096K)
 Metaspace       used 76289K, capacity 78286K, committed 78592K, reserved 1118208K
  class space    used 9953K, capacity 10661K, committed 10752K, reserved 1048576K
}
Event: 11.619 GC heap after
{Heap after GC invocations=22 (full 0):
 garbage-first heap   total 172032K, used 65910K [0x0000000080000000, 0x0000000100000000)
  region size 1024K, 7 young (7168K), 7 survivors (7168K)
 Metaspace       used 76289K, capacity 78286K, committed 78592K, reserved 1118208K
  class space    used 9953K, capacity 10661K, committed 10752K, reserved 1048576K
}
Event: 12.156 GC heap before
{Heap before GC invocations=22 (full 0):
 garbage-first heap   total 172032K, used 130422K [0x0000000080000000, 0x0000000100000000)
  region size 1024K, 71 young (72704K), 7 survivors (7168K)
 Metaspace       used 78463K, capacity 80511K, committed 80640K, reserved 1118208K
  class space    used 10227K, capacity 10970K, committed 11008K, reserved 1048576K
}
Event: 12.165 GC heap after
{Heap after GC invocations=23 (full 0):
 garbage-first heap   total 172032K, used 69395K [0x0000000080000000, 0x0000000100000000)
  region size 1024K, 8 young (8192K), 8 survivors (8192K)
 Metaspace       used 78463K, capacity 80511K, committed 80640K, reserved 1118208K
  class space    used 10227K, capacity 10970K, committed 11008K, reserved 1048576K
}
Event: 12.523 GC heap before
{Heap before GC invocations=23 (full 0):
 garbage-first heap   total 172032K, used 132883K [0x0000000080000000, 0x0000000100000000)
  region size 1024K, 71 young (72704K), 8 survivors (8192K)
 Metaspace       used 81173K, capacity 83327K, committed 83456K, reserved 1122304K
  class space    used 10606K, capacity 11394K, committed 11520K, reserved 1048576K
}
Event: 12.533 GC heap after
{Heap after GC invocations=24 (full 0):
 garbage-first heap   total 172032K, used 76974K [0x0000000080000000, 0x0000000100000000)
  region size 1024K, 9 young (9216K), 9 survivors (9216K)
 Metaspace       used 81173K, capacity 83327K, committed 83456K, reserved 1122304K
  class space    used 10606K, capacity 11394K, committed 11520K, reserved 1048576K
}
Event: 12.772 GC heap before
{Heap before GC invocations=24 (full 0):
 garbage-first heap   total 172032K, used 134318K [0x0000000080000000, 0x0000000100000000)
  region size 1024K, 66 young (67584K), 9 survivors (9216K)
 Metaspace       used 83270K, capacity 85516K, committed 85760K, reserved 1124352K
  class space    used 10884K, capacity 11725K, committed 11776K, reserved 1048576K
}
Event: 12.784 GC heap after
{Heap after GC invocations=25 (full 0):
 garbage-first heap   total 172032K, used 87937K [0x0000000080000000, 0x0000000100000000)
  region size 1024K, 9 young (9216K), 9 survivors (9216K)
 Metaspace       used 83270K, capacity 85516K, committed 85760K, reserved 1124352K
  class space    used 10884K, capacity 11725K, committed 11776K, reserved 1048576K
}
Event: 13.065 GC heap before
{Heap before GC invocations=25 (full 0):
 garbage-first heap   total 172032K, used 136065K [0x0000000080000000, 0x0000000100000000)
  region size 1024K, 56 young (57344K), 9 survivors (9216K)
 Metaspace       used 85859K, capacity 88252K, committed 88448K, reserved 1126400K
  class space    used 11259K, capacity 12130K, committed 12160K, reserved 1048576K
}
Event: 13.099 GC heap after
{Heap after GC invocations=26 (full 0):
 garbage-first heap   total 206848K, used 94208K [0x0000000080000000, 0x0000000100000000)
  region size 1024K, 7 young (7168K), 7 survivors (7168K)
 Metaspace       used 85859K, capacity 88252K, committed 88448K, reserved 1126400K
  class space    used 11259K, capacity 12130K, committed 12160K, reserved 1048576K
}
Event: 13.366 GC heap before
{Heap before GC invocations=27 (full 0):
 garbage-first heap   total 206848K, used 156672K [0x0000000080000000, 0x0000000100000000)
  region size 1024K, 68 young (69632K), 7 survivors (7168K)
 Metaspace       used 86659K, capacity 88936K, committed 89472K, reserved 1126400K
  class space    used 11313K, capacity 12182K, committed 12416K, reserved 1048576K
}
Event: 13.389 GC heap after
{Heap after GC invocations=28 (full 0):
 garbage-first heap   total 206848K, used 107094K [0x0000000080000000, 0x0000000100000000)
  region size 1024K, 9 young (9216K), 9 survivors (9216K)
 Metaspace       used 86659K, capacity 88936K, committed 89472K, reserved 1126400K
  class space    used 11313K, capacity 12182K, committed 12416K, reserved 1048576K
}
Event: 13.628 GC heap before
{Heap before GC invocations=28 (full 0):
 garbage-first heap   total 206848K, used 159318K [0x0000000080000000, 0x0000000100000000)
  region size 1024K, 61 young (62464K), 9 survivors (9216K)
 Metaspace       used 88497K, capacity 90848K, committed 91264K, reserved 1128448K
  class space    used 11636K, capacity 12525K, committed 12672K, reserved 1048576K
}
Event: 13.646 GC heap after
{Heap after GC invocations=29 (full 0):
 garbage-first heap   total 206848K, used 116736K [0x0000000080000000, 0x0000000100000000)
  region size 1024K, 8 young (8192K), 8 survivors (8192K)
 Metaspace       used 88497K, capacity 90848K, committed 91264K, reserved 1128448K
  class space    used 11636K, capacity 12525K, committed 12672K, reserved 1048576K
}
Event: 14.038 GC heap before
{Heap before GC invocations=30 (full 0):
 garbage-first heap   total 206848K, used 164864K [0x0000000080000000, 0x0000000100000000)
  region size 1024K, 55 young (56320K), 8 survivors (8192K)
 Metaspace       used 90364K, capacity 92652K, committed 93056K, reserved 1130496K
  class space    used 11880K, capacity 12752K, committed 12928K, reserved 1048576K
}
Event: 14.049 GC heap after
{Heap after GC invocations=31 (full 0):
 garbage-first heap   total 206848K, used 120393K [0x0000000080000000, 0x0000000100000000)
  region size 1024K, 4 young (4096K), 4 survivors (4096K)
 Metaspace       used 90364K, capacity 92652K, committed 93056K, reserved 1130496K
  class space    used 11880K, capacity 12752K, committed 12928K, reserved 1048576K
}
Event: 14.285 GC heap before
{Heap before GC invocations=31 (full 0):
 garbage-first heap   total 206848K, used 166473K [0x0000000080000000, 0x0000000100000000)
  region size 1024K, 50 young (51200K), 4 survivors (4096K)
 Metaspace       used 91211K, capacity 93613K, committed 93824K, reserved 1130496K
  class space    used 11969K, capacity 12878K, committed 12928K, reserved 1048576K
}

