# JRE version: OpenJDK Runtime Environment (11.0.8+10) (build 11.0.8+10-b944.6842174)
# Java VM: OpenJDK 64-Bit Server VM (11.0.8+10-b944.6842174, mixed mode, tiered, compressed oops, g1 gc, windows-amd64)
Heap:
 garbage-first heap   total 293888K, used 134069K [0x0000000080000000, 0x0000000100000000)
  region size 1024K, 2 young (2048K), 2 survivors (2048K)
 Metaspace       used 89038K, capacity 91269K, committed 91520K, reserved 1128448K
  class space    used 11727K, capacity 12594K, committed 12672K, reserved 1048576K
GC Heap History (20 events):
Event: 9.577 GC heap after
{Heap after GC invocations=22 (full 0):
 garbage-first heap   total 143360K, used 63763K [0x0000000080000000, 0x0000000100000000)
  region size 1024K, 7 young (7168K), 7 survivors (7168K)
 Metaspace       used 76044K, capacity 77998K, committed 78336K, reserved 1116160K
  class space    used 9944K, capacity 10663K, committed 10752K, reserved 1048576K
}
Event: 10.060 GC heap before
{Heap before GC invocations=22 (full 0):
 garbage-first heap   total 143360K, used 111891K [0x0000000080000000, 0x0000000100000000)
  region size 1024K, 55 young (56320K), 7 survivors (7168K)
 Metaspace       used 79321K, capacity 81363K, committed 81536K, reserved 1120256K
  class space    used 10374K, capacity 11076K, committed 11136K, reserved 1048576K
}
Event: 10.067 GC heap after
{Heap after GC invocations=23 (full 0):
 garbage-first heap   total 143360K, used 65463K [0x0000000080000000, 0x0000000100000000)
  region size 1024K, 5 young (5120K), 5 survivors (5120K)
 Metaspace       used 79321K, capacity 81363K, committed 81536K, reserved 1120256K
  class space    used 10374K, capacity 11076K, committed 11136K, reserved 1048576K
}
Event: 10.443 GC heap before
{Heap before GC invocations=23 (full 0):
 garbage-first heap   total 143360K, used 113591K [0x0000000080000000, 0x0000000100000000)
  region size 1024K, 53 young (54272K), 5 survivors (5120K)
 Metaspace       used 80311K, capacity 82299K, committed 82432K, reserved 1120256K
  class space    used 10468K, capacity 11161K, committed 11264K, reserved 1048576K
}
Event: 10.451 GC heap after
{Heap after GC invocations=24 (full 0):
 garbage-first heap   total 172032K, used 68853K [0x0000000080000000, 0x0000000100000000)
  region size 1024K, 6 young (6144K), 6 survivors (6144K)
 Metaspace       used 80311K, capacity 82299K, committed 82432K, reserved 1120256K
  class space    used 10468K, capacity 11161K, committed 11264K, reserved 1048576K
}
Event: 10.716 GC heap before
{Heap before GC invocations=24 (full 0):
 garbage-first heap   total 172032K, used 128245K [0x0000000080000000, 0x0000000100000000)
  region size 1024K, 65 young (66560K), 6 survivors (6144K)
 Metaspace       used 81463K, capacity 83685K, committed 83968K, reserved 1122304K
  class space    used 10641K, capacity 11468K, committed 11520K, reserved 1048576K
}
Event: 10.725 GC heap after
{Heap after GC invocations=25 (full 0):
 garbage-first heap   total 172032K, used 80033K [0x0000000080000000, 0x0000000100000000)
  region size 1024K, 9 young (9216K), 9 survivors (9216K)
 Metaspace       used 81463K, capacity 83685K, committed 83968K, reserved 1122304K
  class space    used 10641K, capacity 11468K, committed 11520K, reserved 1048576K
}
Event: 10.873 GC heap before
{Heap before GC invocations=25 (full 0):
 garbage-first heap   total 172032K, used 133281K [0x0000000080000000, 0x0000000100000000)
  region size 1024K, 60 young (61440K), 9 survivors (9216K)
 Metaspace       used 82397K, capacity 84598K, committed 84864K, reserved 1122304K
  class space    used 10785K, capacity 11606K, committed 11648K, reserved 1048576K
}
Event: 10.883 GC heap after
{Heap after GC invocations=26 (full 0):
 garbage-first heap   total 172032K, used 89622K [0x0000000080000000, 0x0000000100000000)
  region size 1024K, 8 young (8192K), 8 survivors (8192K)
 Metaspace       used 82397K, capacity 84598K, committed 84864K, reserved 1122304K
  class space    used 10785K, capacity 11606K, committed 11648K, reserved 1048576K
}
Event: 11.453 GC heap before
{Heap before GC invocations=26 (full 0):
 garbage-first heap   total 172032K, used 134678K [0x0000000080000000, 0x0000000100000000)
  region size 1024K, 52 young (53248K), 8 survivors (8192K)
 Metaspace       used 84381K, capacity 86693K, committed 86784K, reserved 1124352K
  class space    used 11073K, capacity 11946K, committed 12032K, reserved 1048576K
}
Event: 11.471 GC heap after
{Heap after GC invocations=27 (full 0):
 garbage-first heap   total 172032K, used 95419K [0x0000000080000000, 0x0000000100000000)
  region size 1024K, 7 young (7168K), 7 survivors (7168K)
 Metaspace       used 84381K, capacity 86693K, committed 86784K, reserved 1124352K
  class space    used 11073K, capacity 11946K, committed 12032K, reserved 1048576K
}
Event: 11.737 GC heap before
{Heap before GC invocations=28 (full 0):
 garbage-first heap   total 172032K, used 134331K [0x0000000080000000, 0x0000000100000000)
  region size 1024K, 46 young (47104K), 7 survivors (7168K)
 Metaspace       used 84682K, capacity 86818K, committed 87552K, reserved 1124352K
  class space    used 11055K, capacity 11855K, committed 12032K, reserved 1048576K
}
Event: 11.757 GC heap after
{Heap after GC invocations=29 (full 0):
 garbage-first heap   total 206848K, used 104753K [0x0000000080000000, 0x0000000100000000)
  region size 1024K, 6 young (6144K), 6 survivors (6144K)
 Metaspace       used 84682K, capacity 86818K, committed 87552K, reserved 1124352K
  class space    used 11055K, capacity 11855K, committed 12032K, reserved 1048576K
}
Event: 11.923 GC heap before
{Heap before GC invocations=29 (full 0):
 garbage-first heap   total 206848K, used 154929K [0x0000000080000000, 0x0000000100000000)
  region size 1024K, 55 young (56320K), 6 survivors (6144K)
 Metaspace       used 85921K, capacity 88168K, committed 88704K, reserved 1126400K
  class space    used 11224K, capacity 12074K, committed 12160K, reserved 1048576K
}
Event: 11.943 GC heap after
{Heap after GC invocations=30 (full 0):
 garbage-first heap   total 206848K, used 115563K [0x0000000080000000, 0x0000000100000000)
  region size 1024K, 7 young (7168K), 7 survivors (7168K)
 Metaspace       used 85921K, capacity 88168K, committed 88704K, reserved 1126400K
  class space    used 11224K, capacity 12074K, committed 12160K, reserved 1048576K
}
Event: 12.041 GC heap before
{Heap before GC invocations=30 (full 0):
 garbage-first heap   total 206848K, used 160619K [0x0000000080000000, 0x0000000100000000)
  region size 1024K, 51 young (52224K), 7 survivors (7168K)
 Metaspace       used 86602K, capacity 88861K, committed 89344K, reserved 1126400K
  class space    used 11358K, capacity 12219K, committed 12288K, reserved 1048576K
}
Event: 12.056 GC heap after
{Heap after GC invocations=31 (full 0):
 garbage-first heap   total 206848K, used 125376K [0x0000000080000000, 0x0000000100000000)
  region size 1024K, 7 young (7168K), 7 survivors (7168K)
 Metaspace       used 86602K, capacity 88861K, committed 89344K, reserved 1126400K
  class space    used 11358K, capacity 12219K, committed 12288K, reserved 1048576K
}
Event: 12.215 GC heap before
{Heap before GC invocations=32 (full 0):
 garbage-first heap   total 206848K, used 164288K [0x0000000080000000, 0x0000000100000000)
  region size 1024K, 45 young (46080K), 7 survivors (7168K)
 Metaspace       used 87805K, capacity 89934K, committed 90368K, reserved 1126400K
  class space    used 11528K, capacity 12362K, committed 12544K, reserved 1048576K
}
Event: 12.232 GC heap after
{Heap after GC invocations=33 (full 0):
 garbage-first heap   total 206848K, used 131957K [0x0000000080000000, 0x0000000100000000)
  region size 1024K, 6 young (6144K), 6 survivors (6144K)
 Metaspace       used 87805K, capacity 89934K, committed 90368K, reserved 1126400K
  class space    used 11528K, capacity 12362K, committed 12544K, reserved 1048576K
}
Event: 12.421 GC heap before
{Heap before GC invocations=33 (full 0):
 garbage-first heap   total 206848K, used 167797K [0x0000000080000000, 0x0000000100000000)
  region size 1024K, 41 young (41984K), 6 survivors (6144K)
 Metaspace       used 89038K, capacity 91269K, committed 91520K, reserved 1128448K
  class space    used 11727K, capacity 12594K, committed 12672K, reserved 1048576K
}

