# JRE version: OpenJDK Runtime Environment (11.0.10) (build 11.0.10+0-b96-7249189)
# Java VM: OpenJDK 64-Bit Server VM (11.0.10+0-b96-7249189, mixed mode, tiered, compressed oops, g1 gc, windows-amd64)
Heap:
 garbage-first heap   total 172032K, used 96614K [0x0000000080000000, 0x0000000100000000)
  region size 1024K, 8 young (8192K), 3 survivors (3072K)
 Metaspace       used 91291K, capacity 93603K, committed 93696K, reserved 1130496K
  class space    used 11387K, capacity 12221K, committed 12288K, reserved 1048576K
GC Heap History (20 events):
Event: 417.234 GC heap before
{Heap before GC invocations=48 (full 0):
 garbage-first heap   total 143360K, used 107285K [0x0000000080000000, 0x0000000100000000)
  region size 1024K, 20 young (20480K), 1 survivors (1024K)
 Metaspace       used 84897K, capacity 87066K, committed 87296K, reserved 1124352K
  class space    used 10657K, capacity 11451K, committed 11520K, reserved 1048576K
}
Event: 417.236 GC heap after
{Heap after GC invocations=49 (full 0):
 garbage-first heap   total 143360K, used 88369K [0x0000000080000000, 0x0000000100000000)
  region size 1024K, 2 young (2048K), 2 survivors (2048K)
 Metaspace       used 84897K, capacity 87066K, committed 87296K, reserved 1124352K
  class space    used 10657K, capacity 11451K, committed 11520K, reserved 1048576K
}
Event: 417.275 GC heap before
{Heap before GC invocations=49 (full 0):
 garbage-first heap   total 143360K, used 93489K [0x0000000080000000, 0x0000000100000000)
  region size 1024K, 7 young (7168K), 2 survivors (2048K)
 Metaspace       used 84909K, capacity 87067K, committed 87296K, reserved 1124352K
  class space    used 10657K, capacity 11451K, committed 11520K, reserved 1048576K
}
Event: 417.281 GC heap after
{Heap after GC invocations=50 (full 0):
 garbage-first heap   total 143360K, used 79582K [0x0000000080000000, 0x0000000100000000)
  region size 1024K, 1 young (1024K), 1 survivors (1024K)
 Metaspace       used 84909K, capacity 87067K, committed 87296K, reserved 1124352K
  class space    used 10657K, capacity 11451K, committed 11520K, reserved 1048576K
}
Event: 417.508 GC heap before
{Heap before GC invocations=50 (full 0):
 garbage-first heap   total 143360K, used 114398K [0x0000000080000000, 0x0000000100000000)
  region size 1024K, 36 young (36864K), 1 survivors (1024K)
 Metaspace       used 85168K, capacity 87379K, committed 87552K, reserved 1126400K
  class space    used 10676K, capacity 11463K, committed 11520K, reserved 1048576K
}
Event: 417.513 GC heap after
{Heap after GC invocations=51 (full 0):
 garbage-first heap   total 143360K, used 81214K [0x0000000080000000, 0x0000000100000000)
  region size 1024K, 2 young (2048K), 2 survivors (2048K)
 Metaspace       used 85168K, capacity 87379K, committed 87552K, reserved 1126400K
  class space    used 10676K, capacity 11463K, committed 11520K, reserved 1048576K
}
Event: 417.742 GC heap before
{Heap before GC invocations=52 (full 0):
 garbage-first heap   total 143360K, used 116030K [0x0000000080000000, 0x0000000100000000)
  region size 1024K, 37 young (37888K), 2 survivors (2048K)
 Metaspace       used 85665K, capacity 87829K, committed 88192K, reserved 1126400K
  class space    used 10749K, capacity 11527K, committed 11648K, reserved 1048576K
}
Event: 417.746 GC heap after
{Heap after GC invocations=53 (full 0):
 garbage-first heap   total 143360K, used 81908K [0x0000000080000000, 0x0000000100000000)
  region size 1024K, 3 young (3072K), 3 survivors (3072K)
 Metaspace       used 85665K, capacity 87829K, committed 88192K, reserved 1126400K
  class space    used 10749K, capacity 11527K, committed 11648K, reserved 1048576K
}
Event: 417.770 GC heap before
{Heap before GC invocations=53 (full 0):
 garbage-first heap   total 143360K, used 84980K [0x0000000080000000, 0x0000000100000000)
  region size 1024K, 7 young (7168K), 3 survivors (3072K)
 Metaspace       used 85736K, capacity 87893K, committed 88192K, reserved 1126400K
  class space    used 10758K, capacity 11527K, committed 11648K, reserved 1048576K
}
Event: 417.774 GC heap after
{Heap after GC invocations=54 (full 0):
 garbage-first heap   total 143360K, used 81699K [0x0000000080000000, 0x0000000100000000)
  region size 1024K, 1 young (1024K), 1 survivors (1024K)
 Metaspace       used 85736K, capacity 87893K, committed 88192K, reserved 1126400K
  class space    used 10758K, capacity 11527K, committed 11648K, reserved 1048576K
}
Event: 417.947 GC heap before
{Heap before GC invocations=54 (full 0):
 garbage-first heap   total 143360K, used 116515K [0x0000000080000000, 0x0000000100000000)
  region size 1024K, 36 young (36864K), 1 survivors (1024K)
 Metaspace       used 86401K, capacity 88572K, committed 88704K, reserved 1126400K
  class space    used 10850K, capacity 11624K, committed 11648K, reserved 1048576K
}
Event: 417.951 GC heap after
{Heap after GC invocations=55 (full 0):
 garbage-first heap   total 172032K, used 81983K [0x0000000080000000, 0x0000000100000000)
  region size 1024K, 1 young (1024K), 1 survivors (1024K)
 Metaspace       used 86401K, capacity 88572K, committed 88704K, reserved 1126400K
  class space    used 10850K, capacity 11624K, committed 11648K, reserved 1048576K
}
Event: 421.694 GC heap before
{Heap before GC invocations=55 (full 0):
 garbage-first heap   total 172032K, used 140351K [0x0000000080000000, 0x0000000100000000)
  region size 1024K, 58 young (59392K), 1 survivors (1024K)
 Metaspace       used 88972K, capacity 91117K, committed 91264K, reserved 1128448K
  class space    used 11142K, capacity 11899K, committed 11904K, reserved 1048576K
}
Event: 421.706 GC heap after
{Heap after GC invocations=56 (full 0):
 garbage-first heap   total 172032K, used 90396K [0x0000000080000000, 0x0000000100000000)
  region size 1024K, 8 young (8192K), 8 survivors (8192K)
 Metaspace       used 88972K, capacity 91117K, committed 91264K, reserved 1128448K
  class space    used 11142K, capacity 11899K, committed 11904K, reserved 1048576K
}
Event: 421.893 GC heap before
{Heap before GC invocations=56 (full 0):
 garbage-first heap   total 172032K, used 137500K [0x0000000080000000, 0x0000000100000000)
  region size 1024K, 55 young (56320K), 8 survivors (8192K)
 Metaspace       used 89488K, capacity 91661K, committed 91904K, reserved 1128448K
  class space    used 11175K, capacity 11931K, committed 12032K, reserved 1048576K
}
Event: 421.903 GC heap after
{Heap after GC invocations=57 (full 0):
 garbage-first heap   total 172032K, used 92654K [0x0000000080000000, 0x0000000100000000)
  region size 1024K, 3 young (3072K), 3 survivors (3072K)
 Metaspace       used 89488K, capacity 91661K, committed 91904K, reserved 1128448K
  class space    used 11175K, capacity 11931K, committed 12032K, reserved 1048576K
}
Event: 422.299 GC heap before
{Heap before GC invocations=57 (full 0):
 garbage-first heap   total 172032K, used 136686K [0x0000000080000000, 0x0000000100000000)
  region size 1024K, 34 young (34816K), 3 survivors (3072K)
 Metaspace       used 90755K, capacity 92987K, committed 93056K, reserved 1130496K
  class space    used 11340K, capacity 12110K, committed 12160K, reserved 1048576K
}
Event: 422.306 GC heap after
{Heap after GC invocations=58 (full 0):
 garbage-first heap   total 172032K, used 107954K [0x0000000080000000, 0x0000000100000000)
  region size 1024K, 4 young (4096K), 4 survivors (4096K)
 Metaspace       used 90755K, capacity 92987K, committed 93056K, reserved 1130496K
  class space    used 11340K, capacity 12110K, committed 12160K, reserved 1048576K
}
Event: 1261.799 GC heap before
{Heap before GC invocations=59 (full 0):
 garbage-first heap   total 172032K, used 153010K [0x0000000080000000, 0x0000000100000000)
  region size 1024K, 39 young (39936K), 4 survivors (4096K)
 Metaspace       used 91247K, capacity 93568K, committed 93696K, reserved 1130496K
  class space    used 11383K, capacity 12214K, committed 12288K, reserved 1048576K
}
Event: 1261.852 GC heap after
{Heap after GC invocations=60 (full 0):
 garbage-first heap   total 172032K, used 92518K [0x0000000080000000, 0x0000000100000000)
  region size 1024K, 3 young (3072K), 3 survivors (3072K)
 Metaspace       used 91247K, capacity 93568K, committed 93696K, reserved 1130496K
  class space    used 11383K, capacity 12214K, committed 12288K, reserved 1048576K
}

