# JRE version: OpenJDK Runtime Environment (11.0.10) (build 11.0.10+0-b96-7249189)
# Java VM: OpenJDK 64-Bit Server VM (11.0.10+0-b96-7249189, mixed mode, tiered, compressed oops, g1 gc, windows-amd64)
Heap:
 garbage-first heap   total 172032K, used 61332K [0x0000000080000000, 0x0000000100000000)
  region size 1024K, 8 young (8192K), 8 survivors (8192K)
 Metaspace       used 76009K, capacity 77931K, committed 78080K, reserved 1116160K
  class space    used 9987K, capacity 10691K, committed 10752K, reserved 1048576K
GC Heap History (20 events):
Event: 3.843 GC heap after
{Heap after GC invocations=7 (full 0):
 garbage-first heap   total 98304K, used 20680K [0x0000000080000000, 0x0000000100000000)
  region size 1024K, 6 young (6144K), 6 survivors (6144K)
 Metaspace       used 33144K, capacity 33829K, committed 34048K, reserved 1079296K
  class space    used 4286K, capacity 4553K, committed 4608K, reserved 1048576K
}
Event: 4.270 GC heap before
{Heap before GC invocations=7 (full 0):
 garbage-first heap   total 98304K, used 32968K [0x0000000080000000, 0x0000000100000000)
  region size 1024K, 19 young (19456K), 6 survivors (6144K)
 Metaspace       used 35137K, capacity 35825K, committed 35840K, reserved 1081344K
  class space    used 4570K, capacity 4858K, committed 4864K, reserved 1048576K
}
Event: 4.281 GC heap after
{Heap after GC invocations=8 (full 0):
 garbage-first heap   total 98304K, used 22097K [0x0000000080000000, 0x0000000100000000)
  region size 1024K, 4 young (4096K), 4 survivors (4096K)
 Metaspace       used 35137K, capacity 35825K, committed 35840K, reserved 1081344K
  class space    used 4570K, capacity 4858K, committed 4864K, reserved 1048576K
}
Event: 4.846 GC heap before
{Heap before GC invocations=9 (full 0):
 garbage-first heap   total 98304K, used 70225K [0x0000000080000000, 0x0000000100000000)
  region size 1024K, 48 young (49152K), 4 survivors (4096K)
 Metaspace       used 39852K, capacity 40628K, committed 40704K, reserved 1085440K
  class space    used 5076K, capacity 5362K, committed 5376K, reserved 1048576K
}
Event: 4.851 GC heap after
{Heap after GC invocations=10 (full 0):
 garbage-first heap   total 118784K, used 24646K [0x0000000080000000, 0x0000000100000000)
  region size 1024K, 4 young (4096K), 4 survivors (4096K)
 Metaspace       used 39852K, capacity 40628K, committed 40704K, reserved 1085440K
  class space    used 5076K, capacity 5362K, committed 5376K, reserved 1048576K
}
Event: 5.538 GC heap before
{Heap before GC invocations=10 (full 0):
 garbage-first heap   total 118784K, used 77894K [0x0000000080000000, 0x0000000100000000)
  region size 1024K, 56 young (57344K), 4 survivors (4096K)
 Metaspace       used 44096K, capacity 45074K, committed 45312K, reserved 1089536K
  class space    used 5664K, capacity 6020K, committed 6144K, reserved 1048576K
}
Event: 5.544 GC heap after
{Heap after GC invocations=11 (full 0):
 garbage-first heap   total 118784K, used 27133K [0x0000000080000000, 0x0000000100000000)
  region size 1024K, 7 young (7168K), 7 survivors (7168K)
 Metaspace       used 44096K, capacity 45074K, committed 45312K, reserved 1089536K
  class space    used 5664K, capacity 6020K, committed 6144K, reserved 1048576K
}
Event: 6.183 GC heap before
{Heap before GC invocations=11 (full 0):
 garbage-first heap   total 118784K, used 82429K [0x0000000080000000, 0x0000000100000000)
  region size 1024K, 59 young (60416K), 7 survivors (7168K)
 Metaspace       used 47355K, capacity 48528K, committed 48768K, reserved 1091584K
  class space    used 6038K, capacity 6471K, committed 6528K, reserved 1048576K
}
Event: 6.190 GC heap after
{Heap after GC invocations=12 (full 0):
 garbage-first heap   total 118784K, used 37642K [0x0000000080000000, 0x0000000100000000)
  region size 1024K, 8 young (8192K), 8 survivors (8192K)
 Metaspace       used 47355K, capacity 48528K, committed 48768K, reserved 1091584K
  class space    used 6038K, capacity 6471K, committed 6528K, reserved 1048576K
}
Event: 6.908 GC heap before
{Heap before GC invocations=12 (full 0):
 garbage-first heap   total 118784K, used 86794K [0x0000000080000000, 0x0000000100000000)
  region size 1024K, 56 young (57344K), 8 survivors (8192K)
 Metaspace       used 54924K, capacity 56293K, committed 56448K, reserved 1097728K
  class space    used 7008K, capacity 7499K, committed 7552K, reserved 1048576K
}
Event: 6.915 GC heap after
{Heap after GC invocations=13 (full 0):
 garbage-first heap   total 118784K, used 41459K [0x0000000080000000, 0x0000000100000000)
  region size 1024K, 3 young (3072K), 3 survivors (3072K)
 Metaspace       used 54924K, capacity 56293K, committed 56448K, reserved 1097728K
  class space    used 7008K, capacity 7499K, committed 7552K, reserved 1048576K
}
Event: 7.307 GC heap before
{Heap before GC invocations=13 (full 0):
 garbage-first heap   total 118784K, used 77299K [0x0000000080000000, 0x0000000100000000)
  region size 1024K, 39 young (39936K), 3 survivors (3072K)
 Metaspace       used 58590K, capacity 59984K, committed 60160K, reserved 1101824K
  class space    used 7430K, capacity 7950K, committed 8064K, reserved 1048576K
}
Event: 7.315 GC heap after
{Heap after GC invocations=14 (full 0):
 garbage-first heap   total 143360K, used 45327K [0x0000000080000000, 0x0000000100000000)
  region size 1024K, 7 young (7168K), 7 survivors (7168K)
 Metaspace       used 58590K, capacity 59984K, committed 60160K, reserved 1101824K
  class space    used 7430K, capacity 7950K, committed 8064K, reserved 1048576K
}
Event: 7.896 GC heap before
{Heap before GC invocations=15 (full 0):
 garbage-first heap   total 143360K, used 101647K [0x0000000080000000, 0x0000000100000000)
  region size 1024K, 62 young (63488K), 7 survivors (7168K)
 Metaspace       used 61932K, capacity 63394K, committed 63616K, reserved 1103872K
  class space    used 7936K, capacity 8462K, committed 8576K, reserved 1048576K
}
Event: 7.903 GC heap after
{Heap after GC invocations=16 (full 0):
 garbage-first heap   total 143360K, used 48898K [0x0000000080000000, 0x0000000100000000)
  region size 1024K, 8 young (8192K), 8 survivors (8192K)
 Metaspace       used 61932K, capacity 63394K, committed 63616K, reserved 1103872K
  class space    used 7936K, capacity 8462K, committed 8576K, reserved 1048576K
}
Event: 8.535 GC heap before
{Heap before GC invocations=16 (full 0):
 garbage-first heap   total 143360K, used 106242K [0x0000000080000000, 0x0000000100000000)
  region size 1024K, 64 young (65536K), 8 survivors (8192K)
 Metaspace       used 65927K, capacity 67478K, committed 67584K, reserved 1107968K
  class space    used 8596K, capacity 9173K, committed 9216K, reserved 1048576K
}
Event: 8.547 GC heap after
{Heap after GC invocations=17 (full 0):
 garbage-first heap   total 143360K, used 53485K [0x0000000080000000, 0x0000000100000000)
  region size 1024K, 5 young (5120K), 5 survivors (5120K)
 Metaspace       used 65927K, capacity 67478K, committed 67584K, reserved 1107968K
  class space    used 8596K, capacity 9173K, committed 9216K, reserved 1048576K
}
Event: 9.370 GC heap before
{Heap before GC invocations=17 (full 0):
 garbage-first heap   total 143360K, used 108781K [0x0000000080000000, 0x0000000100000000)
  region size 1024K, 59 young (60416K), 5 survivors (5120K)
 Metaspace       used 71722K, capacity 73402K, committed 73600K, reserved 1112064K
  class space    used 9418K, capacity 10023K, committed 10112K, reserved 1048576K
}
Event: 9.379 GC heap after
{Heap after GC invocations=18 (full 0):
 garbage-first heap   total 143360K, used 57539K [0x0000000080000000, 0x0000000100000000)
  region size 1024K, 4 young (4096K), 4 survivors (4096K)
 Metaspace       used 71722K, capacity 73402K, committed 73600K, reserved 1112064K
  class space    used 9418K, capacity 10023K, committed 10112K, reserved 1048576K
}
Event: 10.202 GC heap before
{Heap before GC invocations=18 (full 0):
 garbage-first heap   total 143360K, used 111811K [0x0000000080000000, 0x0000000100000000)
  region size 1024K, 57 young (58368K), 4 survivors (4096K)
 Metaspace       used 76009K, capacity 77931K, committed 78080K, reserved 1116160K
  class space    used 9987K, capacity 10691K, committed 10752K, reserved 1048576K
}

