# JRE version: OpenJDK Runtime Environment (11.0.10) (build 11.0.10+0-b96-7249189)
# Java VM: OpenJDK 64-Bit Server VM (11.0.10+0-b96-7249189, mixed mode, tiered, compressed oops, g1 gc, windows-amd64)
Heap:
 garbage-first heap   total 176128K, used 152943K [0x0000000080000000, 0x0000000100000000)
  region size 1024K, 30 young (30720K), 1 survivors (1024K)
 Metaspace       used 106155K, capacity 108893K, committed 109824K, reserved 1144832K
  class space    used 13628K, capacity 14655K, committed 15104K, reserved 1048576K
GC Heap History (20 events):
Event: 27.129 GC heap before
{Heap before GC invocations=53 (full 0):
 garbage-first heap   total 176128K, used 131034K [0x0000000080000000, 0x0000000100000000)
  region size 1024K, 38 young (38912K), 5 survivors (5120K)
 Metaspace       used 87472K, capacity 89690K, committed 89856K, reserved 1126400K
  class space    used 11195K, capacity 12017K, committed 12032K, reserved 1048576K
}
Event: 27.140 GC heap after
{Heap after GC invocations=54 (full 0):
 garbage-first heap   total 176128K, used 100805K [0x0000000080000000, 0x0000000100000000)
  region size 1024K, 3 young (3072K), 3 survivors (3072K)
 Metaspace       used 87472K, capacity 89690K, committed 89856K, reserved 1126400K
  class space    used 11195K, capacity 12017K, committed 12032K, reserved 1048576K
}
Event: 27.705 GC heap before
{Heap before GC invocations=54 (full 0):
 garbage-first heap   total 176128K, used 133573K [0x0000000080000000, 0x0000000100000000)
  region size 1024K, 36 young (36864K), 3 survivors (3072K)
 Metaspace       used 87498K, capacity 89754K, committed 89856K, reserved 1126400K
  class space    used 11195K, capacity 12017K, committed 12032K, reserved 1048576K
}
Event: 27.713 GC heap after
{Heap after GC invocations=55 (full 0):
 garbage-first heap   total 176128K, used 102676K [0x0000000080000000, 0x0000000100000000)
  region size 1024K, 2 young (2048K), 2 survivors (2048K)
 Metaspace       used 87498K, capacity 89754K, committed 89856K, reserved 1126400K
  class space    used 11195K, capacity 12017K, committed 12032K, reserved 1048576K
}
Event: 28.584 GC heap before
{Heap before GC invocations=56 (full 0):
 garbage-first heap   total 176128K, used 136468K [0x0000000080000000, 0x0000000100000000)
  region size 1024K, 36 young (36864K), 2 survivors (2048K)
 Metaspace       used 87530K, capacity 89754K, committed 89856K, reserved 1126400K
  class space    used 11197K, capacity 12017K, committed 12032K, reserved 1048576K
}
Event: 28.590 GC heap after
{Heap after GC invocations=57 (full 0):
 garbage-first heap   total 176128K, used 103761K [0x0000000080000000, 0x0000000100000000)
  region size 1024K, 3 young (3072K), 3 survivors (3072K)
 Metaspace       used 87530K, capacity 89754K, committed 89856K, reserved 1126400K
  class space    used 11197K, capacity 12017K, committed 12032K, reserved 1048576K
}
Event: 28.735 GC heap before
{Heap before GC invocations=57 (full 0):
 garbage-first heap   total 176128K, used 107857K [0x0000000080000000, 0x0000000100000000)
  region size 1024K, 8 young (8192K), 3 survivors (3072K)
 Metaspace       used 87532K, capacity 89754K, committed 89856K, reserved 1126400K
  class space    used 11197K, capacity 12017K, committed 12032K, reserved 1048576K
}
Event: 28.740 GC heap after
{Heap after GC invocations=58 (full 0):
 garbage-first heap   total 176128K, used 95253K [0x0000000080000000, 0x0000000100000000)
  region size 1024K, 1 young (1024K), 1 survivors (1024K)
 Metaspace       used 87532K, capacity 89754K, committed 89856K, reserved 1126400K
  class space    used 11197K, capacity 12017K, committed 12032K, reserved 1048576K
}
Event: 29.868 GC heap before
{Heap before GC invocations=58 (full 0):
 garbage-first heap   total 176128K, used 133141K [0x0000000080000000, 0x0000000100000000)
  region size 1024K, 39 young (39936K), 1 survivors (1024K)
 Metaspace       used 88597K, capacity 90862K, committed 91136K, reserved 1128448K
  class space    used 11347K, capacity 12182K, committed 12288K, reserved 1048576K
}
Event: 29.874 GC heap after
{Heap after GC invocations=59 (full 0):
 garbage-first heap   total 176128K, used 96620K [0x0000000080000000, 0x0000000100000000)
  region size 1024K, 2 young (2048K), 2 survivors (2048K)
 Metaspace       used 88597K, capacity 90862K, committed 91136K, reserved 1128448K
  class space    used 11347K, capacity 12182K, committed 12288K, reserved 1048576K
}
Event: 30.687 GC heap before
{Heap before GC invocations=60 (full 0):
 garbage-first heap   total 176128K, used 133484K [0x0000000080000000, 0x0000000100000000)
  region size 1024K, 41 young (41984K), 2 survivors (2048K)
 Metaspace       used 96140K, capacity 98977K, committed 99328K, reserved 1134592K
  class space    used 12607K, capacity 13723K, committed 13824K, reserved 1048576K
}
Event: 30.697 GC heap after
{Heap after GC invocations=61 (full 0):
 garbage-first heap   total 176128K, used 96679K [0x0000000080000000, 0x0000000100000000)
  region size 1024K, 4 young (4096K), 4 survivors (4096K)
 Metaspace       used 96140K, capacity 98977K, committed 99328K, reserved 1134592K
  class space    used 12607K, capacity 13723K, committed 13824K, reserved 1048576K
}
Event: 30.768 GC heap before
{Heap before GC invocations=61 (full 0):
 garbage-first heap   total 176128K, used 100775K [0x0000000080000000, 0x0000000100000000)
  region size 1024K, 8 young (8192K), 4 survivors (4096K)
 Metaspace       used 96532K, capacity 99370K, committed 99584K, reserved 1134592K
  class space    used 12653K, capacity 13768K, committed 13824K, reserved 1048576K
}
Event: 30.772 GC heap after
{Heap after GC invocations=62 (full 0):
 garbage-first heap   total 176128K, used 95059K [0x0000000080000000, 0x0000000100000000)
  region size 1024K, 1 young (1024K), 1 survivors (1024K)
 Metaspace       used 96532K, capacity 99370K, committed 99584K, reserved 1134592K
  class space    used 12653K, capacity 13768K, committed 13824K, reserved 1048576K
}
Event: 31.465 GC heap before
{Heap before GC invocations=62 (full 0):
 garbage-first heap   total 176128K, used 136019K [0x0000000080000000, 0x0000000100000000)
  region size 1024K, 42 young (43008K), 1 survivors (1024K)
 Metaspace       used 98555K, capacity 101661K, committed 101760K, reserved 1136640K
  class space    used 12920K, capacity 14115K, committed 14208K, reserved 1048576K
}
Event: 31.474 GC heap after
{Heap after GC invocations=63 (full 0):
 garbage-first heap   total 176128K, used 96269K [0x0000000080000000, 0x0000000100000000)
  region size 1024K, 2 young (2048K), 2 survivors (2048K)
 Metaspace       used 98555K, capacity 101661K, committed 101760K, reserved 1136640K
  class space    used 12920K, capacity 14115K, committed 14208K, reserved 1048576K
}
Event: 32.417 GC heap before
{Heap before GC invocations=64 (full 0):
 garbage-first heap   total 176128K, used 138253K [0x0000000080000000, 0x0000000100000000)
  region size 1024K, 44 young (45056K), 2 survivors (2048K)
 Metaspace       used 101385K, capacity 104071K, committed 105344K, reserved 1140736K
  class space    used 13179K, capacity 14195K, committed 14720K, reserved 1048576K
}
Event: 32.424 GC heap after
{Heap after GC invocations=65 (full 0):
 garbage-first heap   total 176128K, used 96743K [0x0000000080000000, 0x0000000100000000)
  region size 1024K, 3 young (3072K), 3 survivors (3072K)
 Metaspace       used 101385K, capacity 104071K, committed 105344K, reserved 1140736K
  class space    used 13179K, capacity 14195K, committed 14720K, reserved 1048576K
}
Event: 32.579 GC heap before
{Heap before GC invocations=65 (full 0):
 garbage-first heap   total 176128K, used 100839K [0x0000000080000000, 0x0000000100000000)
  region size 1024K, 8 young (8192K), 3 survivors (3072K)
 Metaspace       used 101692K, capacity 104423K, committed 105600K, reserved 1140736K
  class space    used 13208K, capacity 14227K, committed 14720K, reserved 1048576K
}
Event: 32.584 GC heap after
{Heap after GC invocations=66 (full 0):
 garbage-first heap   total 176128K, used 96623K [0x0000000080000000, 0x0000000100000000)
  region size 1024K, 1 young (1024K), 1 survivors (1024K)
 Metaspace       used 101692K, capacity 104423K, committed 105600K, reserved 1140736K
  class space    used 13208K, capacity 14227K, committed 14720K, reserved 1048576K
}

