# JRE version: OpenJDK Runtime Environment (11.0.8+10) (build 11.0.8+10-b944.6842174)
# Java VM: OpenJDK 64-Bit Server VM (11.0.8+10-b944.6842174, mixed mode, tiered, compressed oops, g1 gc, windows-amd64)
Heap:
 garbage-first heap   total 878592K, used 140260K [0x0000000080000000, 0x0000000100000000)
  region size 1024K, 4 young (4096K), 4 survivors (4096K)
 Metaspace       used 132171K, capacity 136024K, committed 136396K, reserved 1167360K
  class space    used 16234K, capacity 17484K, committed 17612K, reserved 1048576K
GC Heap History (20 events):
Event: 221.206 GC heap after
{Heap after GC invocations=81 (full 0):
 garbage-first heap   total 206848K, used 156110K [0x0000000080000000, 0x0000000100000000)
  region size 1024K, 3 young (3072K), 3 survivors (3072K)
 Metaspace       used 115179K, capacity 118684K, committed 118860K, reserved 1153024K
  class space    used 14269K, capacity 15354K, committed 15436K, reserved 1048576K
}
Event: 221.384 GC heap before
{Heap before GC invocations=81 (full 0):
 garbage-first heap   total 206848K, used 189902K [0x0000000080000000, 0x0000000100000000)
  region size 1024K, 21 young (21504K), 3 survivors (3072K)
 Metaspace       used 115521K, capacity 119124K, committed 119372K, reserved 1153024K
  class space    used 14306K, capacity 15430K, committed 15436K, reserved 1048576K
}
Event: 221.392 GC heap after
{Heap after GC invocations=82 (full 0):
 garbage-first heap   total 248832K, used 158752K [0x0000000080000000, 0x0000000100000000)
  region size 1024K, 3 young (3072K), 3 survivors (3072K)
 Metaspace       used 115521K, capacity 119124K, committed 119372K, reserved 1153024K
  class space    used 14306K, capacity 15430K, committed 15436K, reserved 1048576K
}
Event: 221.847 GC heap before
{Heap before GC invocations=83 (full 0):
 garbage-first heap   total 248832K, used 198688K [0x0000000080000000, 0x0000000100000000)
  region size 1024K, 43 young (44032K), 3 survivors (3072K)
 Metaspace       used 118543K, capacity 122202K, committed 122572K, reserved 1157120K
  class space    used 14540K, capacity 15688K, committed 15820K, reserved 1048576K
}
Event: 221.854 GC heap after
{Heap after GC invocations=84 (full 0):
 garbage-first heap   total 248832K, used 161692K [0x0000000080000000, 0x0000000100000000)
  region size 1024K, 6 young (6144K), 6 survivors (6144K)
 Metaspace       used 118543K, capacity 122202K, committed 122572K, reserved 1157120K
  class space    used 14540K, capacity 15688K, committed 15820K, reserved 1048576K
}
Event: 222.016 GC heap before
{Heap before GC invocations=84 (full 0):
 garbage-first heap   total 248832K, used 201628K [0x0000000080000000, 0x0000000100000000)
  region size 1024K, 46 young (47104K), 6 survivors (6144K)
 Metaspace       used 119094K, capacity 122752K, committed 123084K, reserved 1157120K
  class space    used 14583K, capacity 15721K, committed 15820K, reserved 1048576K
}
Event: 222.029 GC heap after
{Heap after GC invocations=85 (full 0):
 garbage-first heap   total 248832K, used 161370K [0x0000000080000000, 0x0000000100000000)
  region size 1024K, 4 young (4096K), 4 survivors (4096K)
 Metaspace       used 119094K, capacity 122752K, committed 123084K, reserved 1157120K
  class space    used 14583K, capacity 15721K, committed 15820K, reserved 1048576K
}
Event: 222.351 GC heap before
{Heap before GC invocations=86 (full 0):
 garbage-first heap   total 248832K, used 182874K [0x0000000080000000, 0x0000000100000000)
  region size 1024K, 46 young (47104K), 4 survivors (4096K)
 Metaspace       used 119940K, capacity 123537K, committed 123596K, reserved 1157120K
  class space    used 14661K, capacity 15790K, committed 15820K, reserved 1048576K
}
Event: 222.355 GC heap after
{Heap after GC invocations=87 (full 0):
 garbage-first heap   total 248832K, used 138809K [0x0000000080000000, 0x0000000100000000)
  region size 1024K, 2 young (2048K), 2 survivors (2048K)
 Metaspace       used 119940K, capacity 123537K, committed 123596K, reserved 1157120K
  class space    used 14661K, capacity 15790K, committed 15820K, reserved 1048576K
}
Event: 222.435 GC heap before
{Heap before GC invocations=87 (full 0):
 garbage-first heap   total 248832K, used 148025K [0x0000000080000000, 0x0000000100000000)
  region size 1024K, 12 young (12288K), 2 survivors (2048K)
 Metaspace       used 119959K, capacity 123541K, committed 123596K, reserved 1157120K
  class space    used 14663K, capacity 15791K, committed 15820K, reserved 1048576K
}
Event: 222.449 GC heap after
{Heap after GC invocations=88 (full 0):
 garbage-first heap   total 248832K, used 117240K [0x0000000080000000, 0x0000000100000000)
  region size 1024K, 1 young (1024K), 1 survivors (1024K)
 Metaspace       used 119959K, capacity 123541K, committed 123596K, reserved 1157120K
  class space    used 14663K, capacity 15791K, committed 15820K, reserved 1048576K
}
Event: 223.378 GC heap before
{Heap before GC invocations=88 (full 0):
 garbage-first heap   total 248832K, used 189944K [0x0000000080000000, 0x0000000100000000)
  region size 1024K, 73 young (74752K), 1 survivors (1024K)
 Metaspace       used 121163K, capacity 124803K, committed 125132K, reserved 1159168K
  class space    used 14800K, capacity 15945K, committed 16076K, reserved 1048576K
}
Event: 223.400 GC heap after
{Heap after GC invocations=89 (full 0):
 garbage-first heap   total 350208K, used 120651K [0x0000000080000000, 0x0000000100000000)
  region size 1024K, 5 young (5120K), 5 survivors (5120K)
 Metaspace       used 121163K, capacity 124803K, committed 125132K, reserved 1159168K
  class space    used 14800K, capacity 15945K, committed 16076K, reserved 1048576K
}
Event: 224.907 GC heap before
{Heap before GC invocations=90 (full 0):
 garbage-first heap   total 350208K, used 228171K [0x0000000080000000, 0x0000000100000000)
  region size 1024K, 111 young (113664K), 5 survivors (5120K)
 Metaspace       used 124850K, capacity 128521K, committed 128588K, reserved 1161216K
  class space    used 15276K, capacity 16437K, committed 16460K, reserved 1048576K
}
Event: 225.026 GC heap after
{Heap after GC invocations=91 (full 0):
 garbage-first heap   total 350208K, used 126894K [0x0000000080000000, 0x0000000100000000)
  region size 1024K, 11 young (11264K), 11 survivors (11264K)
 Metaspace       used 124850K, capacity 128521K, committed 128588K, reserved 1161216K
  class space    used 15276K, capacity 16437K, committed 16460K, reserved 1048576K
}
Event: 227.086 GC heap before
{Heap before GC invocations=91 (full 0):
 garbage-first heap   total 350208K, used 265134K [0x0000000080000000, 0x0000000100000000)
  region size 1024K, 147 young (150528K), 11 survivors (11264K)
 Metaspace       used 129334K, capacity 133164K, committed 133452K, reserved 1165312K
  class space    used 15915K, capacity 17143K, committed 17228K, reserved 1048576K
}
Event: 227.430 GC heap after
{Heap after GC invocations=92 (full 0):
 garbage-first heap   total 350208K, used 145244K [0x0000000080000000, 0x0000000100000000)
  region size 1024K, 19 young (19456K), 19 survivors (19456K)
 Metaspace       used 129334K, capacity 133164K, committed 133452K, reserved 1165312K
  class space    used 15915K, capacity 17143K, committed 17228K, reserved 1048576K
}
Event: 228.666 GC heap before
{Heap before GC invocations=93 (full 0):
 garbage-first heap   total 350208K, used 271196K [0x0000000080000000, 0x0000000100000000)
  region size 1024K, 143 young (146432K), 19 survivors (19456K)
 Metaspace       used 132045K, capacity 135886K, committed 136140K, reserved 1167360K
  class space    used 16220K, capacity 17481K, committed 17612K, reserved 1048576K
}
Event: 228.689 GC heap after
{Heap after GC invocations=94 (full 0):
 garbage-first heap   total 350208K, used 142912K [0x0000000080000000, 0x0000000100000000)
  region size 1024K, 7 young (7168K), 7 survivors (7168K)
 Metaspace       used 132045K, capacity 135886K, committed 136140K, reserved 1167360K
  class space    used 16220K, capacity 17481K, committed 17612K, reserved 1048576K
}
Event: 228.795 GC heap before
{Heap before GC invocations=94 (full 0):
 garbage-first heap   total 350208K, used 150080K [0x0000000080000000, 0x0000000100000000)
  region size 1024K, 15 young (15360K), 7 survivors (7168K)
 Metaspace       used 132171K, capacity 136024K, committed 136396K, reserved 1167360K
  class space    used 16234K, capacity 17484K, committed 17612K, reserved 1048576K
}

