# JRE version: OpenJDK Runtime Environment (11.0.10) (build 11.0.10+0-b96-7249189)
# Java VM: OpenJDK 64-Bit Server VM (11.0.10+0-b96-7249189, mixed mode, tiered, compressed oops, g1 gc, windows-amd64)
Heap:
 garbage-first heap   total 143360K, used 103778K [0x0000000080000000, 0x0000000100000000)
  region size 1024K, 55 young (56320K), 7 survivors (7168K)
 Metaspace       used 75202K, capacity 76984K, committed 77004K, reserved 1116160K
  class space    used 9867K, capacity 10492K, committed 10496K, reserved 1048576K
GC Heap History (20 events):
Event: 3.914 GC heap before
{Heap before GC invocations=7 (full 0):
 garbage-first heap   total 98304K, used 46759K [0x0000000080000000, 0x0000000100000000)
  region size 1024K, 32 young (32768K), 4 survivors (4096K)
 Metaspace       used 35122K, capacity 35825K, committed 35840K, reserved 1081344K
  class space    used 4571K, capacity 4858K, committed 4864K, reserved 1048576K
}
Event: 3.921 GC heap after
{Heap after GC invocations=8 (full 0):
 garbage-first heap   total 98304K, used 21818K [0x0000000080000000, 0x0000000100000000)
  region size 1024K, 6 young (6144K), 6 survivors (6144K)
 Metaspace       used 35122K, capacity 35825K, committed 35840K, reserved 1081344K
  class space    used 4571K, capacity 4858K, committed 4864K, reserved 1048576K
}
Event: 4.382 GC heap before
{Heap before GC invocations=9 (full 0):
 garbage-first heap   total 98304K, used 63802K [0x0000000080000000, 0x0000000100000000)
  region size 1024K, 44 young (45056K), 6 survivors (6144K)
 Metaspace       used 39713K, capacity 40564K, committed 40704K, reserved 1085440K
  class space    used 5046K, capacity 5362K, committed 5376K, reserved 1048576K
}
Event: 4.388 GC heap after
{Heap after GC invocations=10 (full 0):
 garbage-first heap   total 98304K, used 24144K [0x0000000080000000, 0x0000000100000000)
  region size 1024K, 6 young (6144K), 6 survivors (6144K)
 Metaspace       used 39713K, capacity 40564K, committed 40704K, reserved 1085440K
  class space    used 5046K, capacity 5362K, committed 5376K, reserved 1048576K
}
Event: 4.822 GC heap before
{Heap before GC invocations=10 (full 0):
 garbage-first heap   total 98304K, used 63056K [0x0000000080000000, 0x0000000100000000)
  region size 1024K, 44 young (45056K), 6 survivors (6144K)
 Metaspace       used 42822K, capacity 43832K, committed 44032K, reserved 1087488K
  class space    used 5518K, capacity 5863K, committed 5888K, reserved 1048576K
}
Event: 4.827 GC heap after
{Heap after GC invocations=11 (full 0):
 garbage-first heap   total 98304K, used 25728K [0x0000000080000000, 0x0000000100000000)
  region size 1024K, 4 young (4096K), 4 survivors (4096K)
 Metaspace       used 42822K, capacity 43832K, committed 44032K, reserved 1087488K
  class space    used 5518K, capacity 5863K, committed 5888K, reserved 1048576K
}
Event: 5.407 GC heap before
{Heap before GC invocations=11 (full 0):
 garbage-first heap   total 98304K, used 66688K [0x0000000080000000, 0x0000000100000000)
  region size 1024K, 44 young (45056K), 4 survivors (4096K)
 Metaspace       used 44292K, capacity 45319K, committed 45568K, reserved 1089536K
  class space    used 5680K, capacity 6033K, committed 6144K, reserved 1048576K
}
Event: 5.414 GC heap after
{Heap after GC invocations=12 (full 0):
 garbage-first heap   total 118784K, used 32893K [0x0000000080000000, 0x0000000100000000)
  region size 1024K, 6 young (6144K), 6 survivors (6144K)
 Metaspace       used 44292K, capacity 45319K, committed 45568K, reserved 1089536K
  class space    used 5680K, capacity 6033K, committed 6144K, reserved 1048576K
}
Event: 6.095 GC heap before
{Heap before GC invocations=12 (full 0):
 garbage-first heap   total 118784K, used 79997K [0x0000000080000000, 0x0000000100000000)
  region size 1024K, 51 young (52224K), 6 survivors (6144K)
 Metaspace       used 50047K, capacity 51215K, committed 51328K, reserved 1093632K
  class space    used 6371K, capacity 6773K, committed 6784K, reserved 1048576K
}
Event: 6.102 GC heap after
{Heap after GC invocations=13 (full 0):
 garbage-first heap   total 118784K, used 39709K [0x0000000080000000, 0x0000000100000000)
  region size 1024K, 5 young (5120K), 5 survivors (5120K)
 Metaspace       used 50047K, capacity 51215K, committed 51328K, reserved 1093632K
  class space    used 6371K, capacity 6773K, committed 6784K, reserved 1048576K
}
Event: 6.734 GC heap before
{Heap before GC invocations=13 (full 0):
 garbage-first heap   total 118784K, used 83741K [0x0000000080000000, 0x0000000100000000)
  region size 1024K, 48 young (49152K), 5 survivors (5120K)
 Metaspace       used 56091K, capacity 57472K, committed 57600K, reserved 1099776K
  class space    used 7140K, capacity 7614K, committed 7680K, reserved 1048576K
}
Event: 6.740 GC heap after
{Heap after GC invocations=14 (full 0):
 garbage-first heap   total 118784K, used 42893K [0x0000000080000000, 0x0000000100000000)
  region size 1024K, 4 young (4096K), 4 survivors (4096K)
 Metaspace       used 56091K, capacity 57472K, committed 57600K, reserved 1099776K
  class space    used 7140K, capacity 7614K, committed 7680K, reserved 1048576K
}
Event: 7.092 GC heap before
{Heap before GC invocations=14 (full 0):
 garbage-first heap   total 118784K, used 68493K [0x0000000080000000, 0x0000000100000000)
  region size 1024K, 30 young (30720K), 4 survivors (4096K)
 Metaspace       used 58719K, capacity 60094K, committed 60160K, reserved 1101824K
  class space    used 7438K, capacity 7922K, committed 7936K, reserved 1048576K
}
Event: 7.098 GC heap after
{Heap after GC invocations=15 (full 0):
 garbage-first heap   total 118784K, used 45451K [0x0000000080000000, 0x0000000100000000)
  region size 1024K, 6 young (6144K), 6 survivors (6144K)
 Metaspace       used 58719K, capacity 60094K, committed 60160K, reserved 1101824K
  class space    used 7438K, capacity 7922K, committed 7936K, reserved 1048576K
}
Event: 7.524 GC heap before
{Heap before GC invocations=16 (full 0):
 garbage-first heap   total 118784K, used 89483K [0x0000000080000000, 0x0000000100000000)
  region size 1024K, 49 young (50176K), 6 survivors (6144K)
 Metaspace       used 60618K, capacity 62077K, committed 62284K, reserved 1103872K
  class space    used 7712K, capacity 8238K, committed 8320K, reserved 1048576K
}
Event: 7.532 GC heap after
{Heap after GC invocations=17 (full 0):
 garbage-first heap   total 143360K, used 48476K [0x0000000080000000, 0x0000000100000000)
  region size 1024K, 6 young (6144K), 6 survivors (6144K)
 Metaspace       used 60618K, capacity 62077K, committed 62284K, reserved 1103872K
  class space    used 7712K, capacity 8238K, committed 8320K, reserved 1048576K
}
Event: 8.185 GC heap before
{Heap before GC invocations=17 (full 0):
 garbage-first heap   total 143360K, used 103772K [0x0000000080000000, 0x0000000100000000)
  region size 1024K, 60 young (61440K), 6 survivors (6144K)
 Metaspace       used 64971K, capacity 66458K, committed 66508K, reserved 1107968K
  class space    used 8449K, capacity 8945K, committed 8960K, reserved 1048576K
}
Event: 8.193 GC heap after
{Heap after GC invocations=18 (full 0):
 garbage-first heap   total 143360K, used 52454K [0x0000000080000000, 0x0000000100000000)
  region size 1024K, 8 young (8192K), 8 survivors (8192K)
 Metaspace       used 64971K, capacity 66458K, committed 66508K, reserved 1107968K
  class space    used 8449K, capacity 8945K, committed 8960K, reserved 1048576K
}
Event: 9.106 GC heap before
{Heap before GC invocations=18 (full 0):
 garbage-first heap   total 143360K, used 106726K [0x0000000080000000, 0x0000000100000000)
  region size 1024K, 61 young (62464K), 8 survivors (8192K)
 Metaspace       used 70915K, capacity 72591K, committed 72908K, reserved 1112064K
  class space    used 9316K, capacity 9907K, committed 9984K, reserved 1048576K
}
Event: 9.116 GC heap after
{Heap after GC invocations=19 (full 0):
 garbage-first heap   total 143360K, used 55650K [0x0000000080000000, 0x0000000100000000)
  region size 1024K, 7 young (7168K), 7 survivors (7168K)
 Metaspace       used 70915K, capacity 72591K, committed 72908K, reserved 1112064K
  class space    used 9316K, capacity 9907K, committed 9984K, reserved 1048576K
}

